#
# There is insufficient memory for the Java Runtime Environment to continue.
# Native memory allocation (mmap) failed to map 19922944 bytes for committing reserved memory.
# Possible reasons:
#   The system is out of physical RAM or swap space
#   In 32 bit mode, the process size limit was hit
# Possible solutions:
#   Reduce memory load on the system
#   Increase physical memory or swap space
#   Check if swap backing store is full
#   Use 64 bit Java on a 64 bit OS
#   Decrease Java heap size (-Xmx/-Xms)
#   Decrease number of Java threads
#   Decrease Java thread stack sizes (-Xss)
#   Set larger code cache with -XX:ReservedCodeCacheSize=
# This output file may be truncated or incomplete.
#
#  Out of Memory Error (os_linux.cpp:2640), pid=25641, tid=0x00007f21a8efe700
#
# JRE version: Java(TM) SE Runtime Environment (8.0_161-b12) (build 1.8.0_161-b12)
# Java VM: Java HotSpot(TM) 64-Bit Server VM (25.161-b12 mixed mode linux-amd64 compressed oops)
# Failed to write core dump. Core dumps have been disabled. To enable core dumping, try "ulimit -c unlimited" before starting Java again
#

---------------  T H R E A D  ---------------

Current thread (0x00007f21b8079000):  VMThread [stack: 0x00007f21a8dfe000,0x00007f21a8eff000] [id=25650]

Stack: [0x00007f21a8dfe000,0x00007f21a8eff000],  sp=0x00007f21a8efd0b0,  free space=1020k
Native frames: (J=compiled Java code, j=interpreted, Vv=VM code, C=native code)
V  [libjvm.so+0xacf94a]  VMError::report_and_die()+0x2ba
V  [libjvm.so+0x50050b]  report_vm_out_of_memory(char const*, int, unsigned long, VMErrorType, char const*)+0x8b
V  [libjvm.so+0x92b133]  os::Linux::commit_memory_impl(char*, unsigned long, bool)+0x103
V  [libjvm.so+0x92b5c9]  os::pd_commit_memory(char*, unsigned long, unsigned long, bool)+0x29
V  [libjvm.so+0x924c0a]  os::commit_memory(char*, unsigned long, unsigned long, bool)+0x2a
V  [libjvm.so+0x99ab53]  PSVirtualSpace::expand_by(unsigned long)+0x53
V  [libjvm.so+0x98b410]  PSOldGen::expand(unsigned long)+0x170
V  [libjvm.so+0x98b61b]  PSOldGen::resize(unsigned long)+0x1cb
V  [libjvm.so+0x993321]  PSParallelCompact::invoke_no_policy(bool)+0x991
V  [libjvm.so+0x993613]  PSParallelCompact::invoke(bool)+0x63
V  [libjvm.so+0x487004]  CollectedHeap::collect_as_vm_thread(GCCause::Cause)+0x114
V  [libjvm.so+0xad0dd1]  VM_CollectForMetadataAllocation::doit()+0x161
V  [libjvm.so+0xad8ed5]  VM_Operation::evaluate()+0x55
V  [libjvm.so+0xad729a]  VMThread::evaluate_operation(VM_Operation*)+0xba
V  [libjvm.so+0xad761e]  VMThread::loop()+0x1ce
V  [libjvm.so+0xad7a90]  VMThread::run()+0x70
V  [libjvm.so+0x92da28]  java_start(Thread*)+0x108

VM_Operation (0x00007f214a742890): CollectForMetadataAllocation, mode: safepoint, requested by thread 0x00007f2154017800


---------------  P R O C E S S  ---------------

Java Threads: ( => current thread )
  0x00007f216800a800 JavaThread "Classloader cache reference queue poller" daemon [_thread_blocked, id=26996, stack(0x00007f214a148000,0x00007f214a249000)]
  0x00007f2168009800 JavaThread "Build operations Thread 4" [_thread_blocked, id=26995, stack(0x00007f214a34a000,0x00007f214a44b000)]
  0x00007f2168009000 JavaThread "Build operations Thread 3" [_thread_blocked, id=26994, stack(0x00007f214a249000,0x00007f214a34a000)]
  0x00007f2154025000 JavaThread "Task worker for ':' Thread 3" [_thread_blocked, id=26991, stack(0x00007f2198206000,0x00007f2198307000)]
  0x00007f2154023800 JavaThread "Task worker for ':' Thread 2" [_thread_blocked, id=26990, stack(0x00007f2149c45000,0x00007f2149d46000)]
  0x00007f2154017800 JavaThread "Task worker for ':'" [_thread_blocked, id=26989, stack(0x00007f214a64d000,0x00007f214a74e000)]
  0x00007f2154016800 JavaThread "Cache worker for Build Output Cleanup Cache (/home/dato/Desktop/Gruppe-11/.gradle/buildOutputCleanup)" [_thread_blocked, id=26988, stack(0x00007f214a54c000,0x00007f214a64d000)]
  0x00007f2154016000 JavaThread "Cache worker for task history cache (/home/dato/Desktop/Gruppe-11/.gradle/4.6/taskHistory)" [_thread_blocked, id=26987, stack(0x00007f214a74e000,0x00007f214a84f000)]
  0x00007f2154014000 JavaThread "Cache worker for file content cache (/home/dato/Desktop/Gruppe-11/.gradle/4.6/fileContent)" [_thread_blocked, id=26986, stack(0x00007f2149d46000,0x00007f2149e47000)]
  0x00007f215401b800 JavaThread "Build operations Thread 2" [_thread_blocked, id=26985, stack(0x00007f2149e47000,0x00007f2149f48000)]
  0x00007f215401f000 JavaThread "Build operations" [_thread_blocked, id=26984, stack(0x00007f214a84f000,0x00007f214a950000)]
  0x00007f215401d000 JavaThread "Cache worker for Artifact transforms cache (/home/dato/.gradle/caches/transforms-1)" [_thread_blocked, id=26983, stack(0x00007f214af50000,0x00007f214b051000)]
  0x00007f2154003000 JavaThread "Cache worker for file hash cache (/home/dato/Desktop/Gruppe-11/.gradle/4.6/fileHashes)" [_thread_blocked, id=26982, stack(0x00007f214bbfe000,0x00007f214bcff000)]
  0x00007f2154007800 JavaThread "Stdin handler" [_thread_blocked, id=26981, stack(0x00007f2198105000,0x00007f2198206000)]
  0x00007f2154004800 JavaThread "Asynchronous log dispatcher for DefaultDaemonConnection: socket connection from /0:0:0:0:0:0:0:1:39109 to /0:0:0:0:0:0:0:1:44568" [_thread_blocked, id=26980, stack(0x00007f214a44b000,0x00007f214a54c000)]
  0x00007f215c015000 JavaThread "Cancel handler" [_thread_blocked, id=26979, stack(0x00007f2198709000,0x00007f219880a000)]
  0x00007f215c00a000 JavaThread "Handler for socket connection from /0:0:0:0:0:0:0:1:39109 to /0:0:0:0:0:0:0:1:44568" [_thread_in_native, id=26976, stack(0x00007f2198507000,0x00007f2198608000)]
  0x00007f215c00d000 JavaThread "Daemon worker Thread 2" [_thread_blocked, id=26875, stack(0x00007f2198608000,0x00007f2198709000)]
  0x00007f2164034000 JavaThread "Daemon Thread 2" [_thread_blocked, id=26872, stack(0x00007f219880a000,0x00007f219890b000)]
  0x00007f2159114800 JavaThread "Memory manager" [_thread_blocked, id=25675, stack(0x00007f214b051000,0x00007f214b152000)]
  0x00007f215825d800 JavaThread "File lock request listener" [_thread_in_native, id=25671, stack(0x00007f214beff000,0x00007f214c000000)]
  0x00007f215815a000 JavaThread "Cache worker for file hash cache (/home/dato/.gradle/caches/4.6/fileHashes)" [_thread_blocked, id=25670, stack(0x00007f2198004000,0x00007f2198105000)]
  0x00007f21b8f2c800 JavaThread "Daemon periodic checks" [_thread_blocked, id=25661, stack(0x00007f219890b000,0x00007f2198a0c000)]
  0x00007f21b8f04800 JavaThread "Incoming local TCP Connector on port 39109" [_thread_in_native, id=25660, stack(0x00007f2198a13000,0x00007f2198b14000)]
  0x00007f21b8eaa000 JavaThread "Daemon health stats" [_thread_blocked, id=25659, stack(0x00007f2198d19000,0x00007f2198e1a000)]
  0x00007f21b80ca800 JavaThread "Service Thread" daemon [_thread_blocked, id=25657, stack(0x00007f21a83c9000,0x00007f21a84ca000)]
  0x00007f21b80bf800 JavaThread "C1 CompilerThread2" daemon [_thread_blocked, id=25656, stack(0x00007f21a84ca000,0x00007f21a85cb000)]
  0x00007f21b80bd800 JavaThread "C2 CompilerThread1" daemon [_thread_blocked, id=25655, stack(0x00007f21a85cb000,0x00007f21a86cc000)]
  0x00007f21b80ba800 JavaThread "C2 CompilerThread0" daemon [_thread_blocked, id=25654, stack(0x00007f21a86cc000,0x00007f21a87cd000)]
  0x00007f21b80b9800 JavaThread "Signal Dispatcher" daemon [_thread_blocked, id=25653, stack(0x00007f21a87cd000,0x00007f21a88ce000)]
  0x00007f21b8085800 JavaThread "Finalizer" daemon [_thread_blocked, id=25652, stack(0x00007f21a8bfc000,0x00007f21a8cfd000)]
  0x00007f21b8081000 JavaThread "Reference Handler" daemon [_thread_blocked, id=25651, stack(0x00007f21a8cfd000,0x00007f21a8dfe000)]
  0x00007f21b800b000 JavaThread "main" [_thread_blocked, id=25642, stack(0x00007f21c159d000,0x00007f21c169e000)]

Other Threads:
=>0x00007f21b8079000 VMThread [stack: 0x00007f21a8dfe000,0x00007f21a8eff000] [id=25650]
  0x00007f21b80cf800 WatcherThread [stack: 0x00007f21a82c8000,0x00007f21a83c9000] [id=25658]

VM state:at safepoint (normal execution)

VM Mutex/Monitor currently owned by a thread:  ([mutex/lock_event])
[0x00007f21b8007410] ExpandHeap_lock - owner thread: 0x00007f21b8079000
[0x00007f21b8007a90] Threads_lock - owner thread: 0x00007f21b8079000
[0x00007f21b8007f90] Heap_lock - owner thread: 0x00007f2154017800

Heap:
 PSYoungGen      total 194560K, used 0K [0x00000000eab00000, 0x00000000f7b00000, 0x0000000100000000)
  eden space 182272K, 0% used [0x00000000eab00000,0x00000000eab00000,0x00000000f5d00000)
  from space 12288K, 0% used [0x00000000f6f00000,0x00000000f6f00000,0x00000000f7b00000)
  to   space 15360K, 0% used [0x00000000f5d00000,0x00000000f5d00000,0x00000000f6c00000)
 ParOldGen       total 64512K, used 28139K [0x00000000c0000000, 0x00000000c3f00000, 0x00000000eab00000)
  object space 64512K, 43% used [0x00000000c0000000,0x00000000c1b7ad40,0x00000000c3f00000)
 Metaspace       used 49455K, capacity 50112K, committed 59096K, reserved 1099776K
  class space    used 6784K, capacity 6976K, committed 8064K, reserved 1048576K

Card table byte_map: [0x00007f21be0c4000,0x00007f21be2c5000] byte_map_base: 0x00007f21bdac4000

Marking Bits: (ParMarkBitMap*) 0x00007f21c0a4a920
 Begin Bits: [0x00007f219a000000, 0x00007f219b000000)
 End Bits:   [0x00007f219b000000, 0x00007f219c000000)

Polling page: 0x00007f21c16b7000

CodeCache: size=245760Kb used=24392Kb max_used=24656Kb free=221367Kb
 bounds [0x00007f21a9000000, 0x00007f21aa830000, 0x00007f21b8000000]
 total_blobs=8141 nmethods=7364 adapters=690
 compilation: enabled

Compilation events (10 events):
Event: 1945.875 Thread 0x00007f21b80bf800 nmethod 8646 0x00007f21aa4d8a50 code [0x00007f21aa4d8c00, 0x00007f21aa4d9068]
Event: 1945.923 Thread 0x00007f21b80bf800 8648       3       org.codehaus.groovy.reflection.ReflectionCache::getCachedClass (14 bytes)
Event: 1946.155 Thread 0x00007f21b80bf800 nmethod 8648 0x00007f21a9255d50 code [0x00007f21a9255f40, 0x00007f21a9256a68]
Event: 1946.167 Thread 0x00007f21b80bf800 8643       1       org.codehaus.groovy.util.ManagedConcurrentMap$EntryWithValue::getValue (5 bytes)
Event: 1946.286 Thread 0x00007f21b80bf800 nmethod 8643 0x00007f21aa2c46d0 code [0x00007f21aa2c4820, 0x00007f21aa2c4930]
Event: 1946.603 Thread 0x00007f21b80bf800 8652       3       org.codehaus.groovy.reflection.CachedClass::hashCode (34 bytes)
Event: 1946.904 Thread 0x00007f21b80bf800 nmethod 8652 0x00007f21a9477350 code [0x00007f21a94774c0, 0x00007f21a94776e8]
Event: 1946.940 Thread 0x00007f21b80bf800 8662       3       org.codehaus.groovy.util.AbstractConcurrentMap$Segment::getOrPut (121 bytes)
Event: 1947.286 Thread 0x00007f21b80bf800 nmethod 8662 0x00007f21a9565f10 code [0x00007f21a9566120, 0x00007f21a95670a8]
Event: 1947.342 Thread 0x00007f21b80bf800 8653       3       groovy.lang.MetaMethod::<init> (5 bytes)

GC Heap History (10 events):
Event: 5.379 GC heap after
Heap after GC invocations=12 (full 1):
 PSYoungGen      total 128512K, used 2079K [0x00000000eab00000, 0x00000000f5a80000, 0x0000000100000000)
  eden space 116224K, 0% used [0x00000000eab00000,0x00000000eab00000,0x00000000f1c80000)
  from space 12288K, 16% used [0x00000000f1c80000,0x00000000f1e87e38,0x00000000f2880000)
  to   space 12288K, 0% used [0x00000000f4e80000,0x00000000f4e80000,0x00000000f5a80000)
 ParOldGen       total 37376K, used 23606K [0x00000000c0000000, 0x00000000c2480000, 0x00000000eab00000)
  object space 37376K, 63% used [0x00000000c0000000,0x00000000c170db58,0x00000000c2480000)
 Metaspace       used 34806K, capacity 35236K, committed 35456K, reserved 1079296K
  class space    used 5062K, capacity 5225K, committed 5248K, reserved 1048576K
}
Event: 5.379 GC heap before
{Heap before GC invocations=13 (full 2):
 PSYoungGen      total 128512K, used 2079K [0x00000000eab00000, 0x00000000f5a80000, 0x0000000100000000)
  eden space 116224K, 0% used [0x00000000eab00000,0x00000000eab00000,0x00000000f1c80000)
  from space 12288K, 16% used [0x00000000f1c80000,0x00000000f1e87e38,0x00000000f2880000)
  to   space 12288K, 0% used [0x00000000f4e80000,0x00000000f4e80000,0x00000000f5a80000)
 ParOldGen       total 37376K, used 23606K [0x00000000c0000000, 0x00000000c2480000, 0x00000000eab00000)
  object space 37376K, 63% used [0x00000000c0000000,0x00000000c170db58,0x00000000c2480000)
 Metaspace       used 34806K, capacity 35236K, committed 35456K, reserved 1079296K
  class space    used 5062K, capacity 5225K, committed 5248K, reserved 1048576K
Event: 5.507 GC heap after
Heap after GC invocations=13 (full 2):
 PSYoungGen      total 128512K, used 0K [0x00000000eab00000, 0x00000000f5a80000, 0x0000000100000000)
  eden space 116224K, 0% used [0x00000000eab00000,0x00000000eab00000,0x00000000f1c80000)
  from space 12288K, 0% used [0x00000000f1c80000,0x00000000f1c80000,0x00000000f2880000)
  to   space 12288K, 0% used [0x00000000f4e80000,0x00000000f4e80000,0x00000000f5a80000)
 ParOldGen       total 64512K, used 21673K [0x00000000c0000000, 0x00000000c3f00000, 0x00000000eab00000)
  object space 64512K, 33% used [0x00000000c0000000,0x00000000c152a5a8,0x00000000c3f00000)
 Metaspace       used 34806K, capacity 35236K, committed 35456K, reserved 1079296K
  class space    used 5062K, capacity 5225K, committed 5248K, reserved 1048576K
}
Event: 7.466 GC heap before
{Heap before GC invocations=14 (full 2):
 PSYoungGen      total 128512K, used 116224K [0x00000000eab00000, 0x00000000f5a80000, 0x0000000100000000)
  eden space 116224K, 100% used [0x00000000eab00000,0x00000000f1c80000,0x00000000f1c80000)
  from space 12288K, 0% used [0x00000000f1c80000,0x00000000f1c80000,0x00000000f2880000)
  to   space 12288K, 0% used [0x00000000f4e80000,0x00000000f4e80000,0x00000000f5a80000)
 ParOldGen       total 64512K, used 21673K [0x00000000c0000000, 0x00000000c3f00000, 0x00000000eab00000)
  object space 64512K, 33% used [0x00000000c0000000,0x00000000c152a5a8,0x00000000c3f00000)
 Metaspace       used 43747K, capacity 44458K, committed 44800K, reserved 1087488K
  class space    used 6132K, capacity 6398K, committed 6400K, reserved 1048576K
Event: 7.481 GC heap after
Heap after GC invocations=14 (full 2):
 PSYoungGen      total 162304K, used 12275K [0x00000000eab00000, 0x00000000f5a80000, 0x0000000100000000)
  eden space 150016K, 0% used [0x00000000eab00000,0x00000000eab00000,0x00000000f3d80000)
  from space 12288K, 99% used [0x00000000f4e80000,0x00000000f5a7cdc8,0x00000000f5a80000)
  to   space 14336K, 0% used [0x00000000f3e80000,0x00000000f3e80000,0x00000000f4c80000)
 ParOldGen       total 64512K, used 22041K [0x00000000c0000000, 0x00000000c3f00000, 0x00000000eab00000)
  object space 64512K, 34% used [0x00000000c0000000,0x00000000c1586608,0x00000000c3f00000)
 Metaspace       used 43747K, capacity 44458K, committed 44800K, reserved 1087488K
  class space    used 6132K, capacity 6398K, committed 6400K, reserved 1048576K
}
Event: 1550.990 GC heap before
{Heap before GC invocations=15 (full 2):
 PSYoungGen      total 162304K, used 162291K [0x00000000eab00000, 0x00000000f5a80000, 0x0000000100000000)
  eden space 150016K, 100% used [0x00000000eab00000,0x00000000f3d80000,0x00000000f3d80000)
  from space 12288K, 99% used [0x00000000f4e80000,0x00000000f5a7cdc8,0x00000000f5a80000)
  to   space 14336K, 0% used [0x00000000f3e80000,0x00000000f3e80000,0x00000000f4c80000)
 ParOldGen       total 64512K, used 22041K [0x00000000c0000000, 0x00000000c3f00000, 0x00000000eab00000)
  object space 64512K, 34% used [0x00000000c0000000,0x00000000c1586608,0x00000000c3f00000)
 Metaspace       used 50473K, capacity 51426K, committed 51712K, reserved 1093632K
  class space    used 6880K, capacity 7154K, committed 7168K, reserved 1048576K
Event: 1551.006 GC heap after
Heap after GC invocations=15 (full 2):
 PSYoungGen      total 165376K, used 4968K [0x00000000eab00000, 0x00000000f7c80000, 0x0000000100000000)
  eden space 151040K, 0% used [0x00000000eab00000,0x00000000eab00000,0x00000000f3e80000)
  from space 14336K, 34% used [0x00000000f3e80000,0x00000000f435a350,0x00000000f4c80000)
  to   space 13824K, 0% used [0x00000000f6f00000,0x00000000f6f00000,0x00000000f7c80000)
 ParOldGen       total 64512K, used 27747K [0x00000000c0000000, 0x00000000c3f00000, 0x00000000eab00000)
  object space 64512K, 43% used [0x00000000c0000000,0x00000000c1b18ca8,0x00000000c3f00000)
 Metaspace       used 50473K, capacity 51426K, committed 51712K, reserved 1093632K
  class space    used 6880K, capacity 7154K, committed 7168K, reserved 1048576K
}
Event: 1947.390 GC heap before
{Heap before GC invocations=16 (full 2):
 PSYoungGen      total 165376K, used 101718K [0x00000000eab00000, 0x00000000f7c80000, 0x0000000100000000)
  eden space 151040K, 64% used [0x00000000eab00000,0x00000000f097b528,0x00000000f3e80000)
  from space 14336K, 34% used [0x00000000f3e80000,0x00000000f435a350,0x00000000f4c80000)
  to   space 13824K, 0% used [0x00000000f6f00000,0x00000000f6f00000,0x00000000f7c80000)
 ParOldGen       total 64512K, used 27747K [0x00000000c0000000, 0x00000000c3f00000, 0x00000000eab00000)
  object space 64512K, 43% used [0x00000000c0000000,0x00000000c1b18ca8,0x00000000c3f00000)
 Metaspace       used 57848K, capacity 58948K, committed 59096K, reserved 1099776K
  class space    used 7722K, capacity 8033K, committed 8064K, reserved 1048576K
Event: 1947.886 GC heap after
Heap after GC invocations=16 (full 2):
 PSYoungGen      total 194560K, used 12012K [0x00000000eab00000, 0x00000000f7b00000, 0x0000000100000000)
  eden space 182272K, 0% used [0x00000000eab00000,0x00000000eab00000,0x00000000f5d00000)
  from space 12288K, 97% used [0x00000000f6f00000,0x00000000f7abb180,0x00000000f7b00000)
  to   space 15360K, 0% used [0x00000000f5d00000,0x00000000f5d00000,0x00000000f6c00000)
 ParOldGen       total 64512K, used 27755K [0x00000000c0000000, 0x00000000c3f00000, 0x00000000eab00000)
  object space 64512K, 43% used [0x00000000c0000000,0x00000000c1b1aca8,0x00000000c3f00000)
 Metaspace       used 57848K, capacity 58948K, committed 59096K, reserved 1099776K
  class space    used 7722K, capacity 8033K, committed 8064K, reserved 1048576K
}
Event: 1947.941 GC heap before
{Heap before GC invocations=17 (full 3):
 PSYoungGen      total 194560K, used 12012K [0x00000000eab00000, 0x00000000f7b00000, 0x0000000100000000)
  eden space 182272K, 0% used [0x00000000eab00000,0x00000000eab00000,0x00000000f5d00000)
  from space 12288K, 97% used [0x00000000f6f00000,0x00000000f7abb180,0x00000000f7b00000)
  to   space 15360K, 0% used [0x00000000f5d00000,0x00000000f5d00000,0x00000000f6c00000)
 ParOldGen       total 64512K, used 27755K [0x00000000c0000000, 0x00000000c3f00000, 0x00000000eab00000)
  object space 64512K, 43% used [0x00000000c0000000,0x00000000c1b1aca8,0x00000000c3f00000)
 Metaspace       used 57848K, capacity 58948K, committed 59096K, reserved 1099776K
  class space    used 7722K, capacity 8033K, committed 8064K, reserved 1048576K

Deoptimization events (10 events):
Event: 1815.198 Thread 0x00007f2154020800 Uncommon trap: reason=class_check action=maybe_recompile pc=0x00007f21a95a3708 method=java.util.zip.InflaterInputStream.read([BII)I @ 100
Event: 1815.198 Thread 0x00007f2154020800 Uncommon trap: reason=class_check action=maybe_recompile pc=0x00007f21a95a3708 method=java.util.zip.InflaterInputStream.read([BII)I @ 100
Event: 1815.198 Thread 0x00007f2154020800 Uncommon trap: reason=class_check action=maybe_recompile pc=0x00007f21a95a3708 method=java.util.zip.InflaterInputStream.read([BII)I @ 100
Event: 1815.403 Thread 0x00007f2154020800 Uncommon trap: reason=unstable_if action=reinterpret pc=0x00007f21a9da3a10 method=sun.util.calendar.ZoneInfo.getOffsets(J[II)I @ 128
Event: 1815.403 Thread 0x00007f2154020800 Uncommon trap: reason=unstable_if action=reinterpret pc=0x00007f21aa7eabe4 method=sun.util.calendar.BaseCalendar.getCalendarDateFromFixedDate(Lsun/util/calendar/CalendarDate;J)V @ 130
Event: 1815.545 Thread 0x00007f2164034000 Uncommon trap: reason=class_check action=maybe_recompile pc=0x00007f21a9574194 method=java.lang.Throwable.<init>(Ljava/lang/String;Ljava/lang/Throwable;)V @ 24
Event: 1815.549 Thread 0x00007f2164034000 Uncommon trap: reason=class_check action=maybe_recompile pc=0x00007f21a9574194 method=java.lang.Throwable.<init>(Ljava/lang/String;Ljava/lang/Throwable;)V @ 24
Event: 1815.550 Thread 0x00007f2164034000 Uncommon trap: reason=class_check action=maybe_recompile pc=0x00007f21a9574194 method=java.lang.Throwable.<init>(Ljava/lang/String;Ljava/lang/Throwable;)V @ 24
Event: 1847.911 Thread 0x00007f215c00a000 Uncommon trap: reason=unstable_if action=reinterpret pc=0x00007f21aa198664 method=java.text.SimpleDateFormat.zeroPaddingNumber(IIILjava/lang/StringBuffer;)V @ 41
Event: 1926.640 Thread 0x00007f2154017800 Uncommon trap: reason=unstable_if action=reinterpret pc=0x00007f21aa4712b4 method=java.lang.reflect.Constructor.newInstance([Ljava/lang/Object;)Ljava/lang/Object; @ 18

Classes redefined (0 events):
No events

Internal exceptions (10 events):
Event: 1898.627 Thread 0x00007f2159114800 Exception <a 'java/io/IOException'> (0x00000000f03b9258) thrown at [/HUDSON/workspace/8-2-build-linux-amd64/jdk8u161/10277/hotspot/src/share/vm/prims/jni.cpp, line 709]
Event: 1903.899 Thread 0x00007f2159114800 Exception <a 'java/io/IOException'> (0x00000000f03c18f0) thrown at [/HUDSON/workspace/8-2-build-linux-amd64/jdk8u161/10277/hotspot/src/share/vm/prims/jni.cpp, line 709]
Event: 1909.515 Thread 0x00007f2159114800 Exception <a 'java/io/IOException'> (0x00000000f03c5f68) thrown at [/HUDSON/workspace/8-2-build-linux-amd64/jdk8u161/10277/hotspot/src/share/vm/prims/jni.cpp, line 709]
Event: 1915.399 Thread 0x00007f2159114800 Exception <a 'java/io/IOException'> (0x00000000f054e568) thrown at [/HUDSON/workspace/8-2-build-linux-amd64/jdk8u161/10277/hotspot/src/share/vm/prims/jni.cpp, line 709]
Event: 1919.284 Thread 0x00007f2159114800 Exception <a 'java/io/IOException'> (0x00000000f0556c00) thrown at [/HUDSON/workspace/8-2-build-linux-amd64/jdk8u161/10277/hotspot/src/share/vm/prims/jni.cpp, line 709]
Event: 1924.492 Thread 0x00007f2159114800 Exception <a 'java/io/IOException'> (0x00000000f055f298) thrown at [/HUDSON/workspace/8-2-build-linux-amd64/jdk8u161/10277/hotspot/src/share/vm/prims/jni.cpp, line 709]
Event: 1928.816 Thread 0x00007f2159114800 Exception <a 'java/io/IOException'> (0x00000000f0567930) thrown at [/HUDSON/workspace/8-2-build-linux-amd64/jdk8u161/10277/hotspot/src/share/vm/prims/jni.cpp, line 709]
Event: 1934.463 Thread 0x00007f2159114800 Exception <a 'java/io/IOException'> (0x00000000f0570018) thrown at [/HUDSON/workspace/8-2-build-linux-amd64/jdk8u161/10277/hotspot/src/share/vm/prims/jni.cpp, line 709]
Event: 1938.826 Thread 0x00007f2159114800 Exception <a 'java/io/IOException'> (0x00000000f0578700) thrown at [/HUDSON/workspace/8-2-build-linux-amd64/jdk8u161/10277/hotspot/src/share/vm/prims/jni.cpp, line 709]
Event: 1943.940 Thread 0x00007f2159114800 Exception <a 'java/io/IOException'> (0x00000000f0580de8) thrown at [/HUDSON/workspace/8-2-build-linux-amd64/jdk8u161/10277/hotspot/src/share/vm/prims/jni.cpp, line 709]

Events (10 events):
Event: 1947.263 loading class groovy/lang/MissingMethodException done
Event: 1947.328 Thread 0x00007f21b80bf800 flushing nmethod 0x00007f21a9807550
Event: 1947.332 Thread 0x00007f21b80bf800 flushing nmethod 0x00007f21a98079d0
Event: 1947.332 Thread 0x00007f21b80bf800 flushing nmethod 0x00007f21a9808250
Event: 1947.332 Thread 0x00007f21b80bf800 flushing nmethod 0x00007f21a9808790
Event: 1947.335 Thread 0x00007f21b80bf800 flushing nmethod 0x00007f21a980c4d0
Event: 1947.335 Thread 0x00007f21b80bf800 flushing nmethod 0x00007f21a9810610
Event: 1947.338 Thread 0x00007f21b80bf800 flushing nmethod 0x00007f21a9858ad0
Event: 1947.338 Thread 0x00007f21b80bf800 flushing nmethod 0x00007f21a98c5c10
Event: 1947.376 Executing VM operation: CollectForMetadataAllocation


Dynamic libraries:
00400000-00401000 r-xp 00000000 08:05 407871                             /usr/lib/jvm/java-8-oracle/bin/java
00600000-00601000 rw-p 00000000 08:05 407871                             /usr/lib/jvm/java-8-oracle/bin/java
006a4000-006c5000 rw-p 00000000 00:00 0                                  [heap]
c0000000-c3f00000 rw-p 00000000 00:00 0 
c5200000-eab00000 ---p 00000000 00:00 0 
eab00000-f7b00000 rw-p 00000000 00:00 0 
f7b00000-100000000 ---p 00000000 00:00 0 
100000000-1007e0000 rw-p 00000000 00:00 0 
1007e0000-140000000 ---p 00000000 00:00 0 
7f2128000000-7f21287c9000 rw-p 00000000 00:00 0 
7f21287c9000-7f212c000000 ---p 00000000 00:00 0 
7f212c000000-7f212c021000 rw-p 00000000 00:00 0 
7f212c021000-7f2130000000 ---p 00000000 00:00 0 
7f2130000000-7f2130021000 rw-p 00000000 00:00 0 
7f2130021000-7f2134000000 ---p 00000000 00:00 0 
7f2134000000-7f213405c000 rw-p 00000000 00:00 0 
7f213405c000-7f2138000000 ---p 00000000 00:00 0 
7f2138000000-7f2138021000 rw-p 00000000 00:00 0 
7f2138021000-7f213c000000 ---p 00000000 00:00 0 
7f213c000000-7f213c021000 rw-p 00000000 00:00 0 
7f213c021000-7f2140000000 ---p 00000000 00:00 0 
7f2140000000-7f2140021000 rw-p 00000000 00:00 0 
7f2140021000-7f2144000000 ---p 00000000 00:00 0 
7f2144000000-7f21440bc000 rw-p 00000000 00:00 0 
7f21440bc000-7f2148000000 ---p 00000000 00:00 0 
7f21489bf000-7f2148b95000 rw-p 00000000 00:00 0 
7f2148b95000-7f2148bbf000 ---p 00000000 00:00 0 
7f2148bbf000-7f2148dbf000 rw-p 00000000 00:00 0 
7f2148dbf000-7f2148fbf000 rw-p 00000000 00:00 0 
7f2148fbf000-7f2148fc4000 r--s 002f9000 08:05 409483                     /usr/lib/jvm/java-8-oracle/jre/lib/charsets.jar
7f2148fc4000-7f21491c4000 rw-p 00000000 00:00 0 
7f21491c4000-7f21491d7000 r--s 00345000 08:05 409523                     /usr/lib/jvm/java-8-oracle/jre/lib/resources.jar
7f21491d7000-7f21493d7000 rw-p 00000000 00:00 0 
7f21493d7000-7f21493d9000 r--s 00001000 08:05 409545                     /usr/lib/jvm/java-8-oracle/jre/lib/ext/dnsns.jar
7f21493d9000-7f21495d9000 rw-p 00000000 00:00 0 
7f21495d9000-7f21497d9000 rw-p 00000000 00:00 0 
7f21497d9000-7f21499d9000 rw-p 00000000 00:00 0 
7f2149a45000-7f2149c45000 rw-p 00000000 00:00 0 
7f2149c45000-7f2149c48000 ---p 00000000 00:00 0 
7f2149c48000-7f2149d46000 rw-p 00000000 00:00 0 
7f2149d46000-7f2149d49000 ---p 00000000 00:00 0 
7f2149d49000-7f2149e47000 rw-p 00000000 00:00 0 
7f2149e47000-7f2149e4a000 ---p 00000000 00:00 0 
7f2149e4a000-7f214a148000 rw-p 00000000 00:00 0 
7f214a148000-7f214a14b000 ---p 00000000 00:00 0 
7f214a14b000-7f214a249000 rw-p 00000000 00:00 0 
7f214a249000-7f214a24c000 ---p 00000000 00:00 0 
7f214a24c000-7f214a34a000 rw-p 00000000 00:00 0 
7f214a34a000-7f214a34d000 ---p 00000000 00:00 0 
7f214a34d000-7f214a44b000 rw-p 00000000 00:00 0 
7f214a44b000-7f214a44e000 ---p 00000000 00:00 0 
7f214a44e000-7f214a54c000 rw-p 00000000 00:00 0 
7f214a54c000-7f214a54f000 ---p 00000000 00:00 0 
7f214a54f000-7f214a64d000 rw-p 00000000 00:00 0 
7f214a64d000-7f214a650000 ---p 00000000 00:00 0 
7f214a650000-7f214a74e000 rw-p 00000000 00:00 0 
7f214a74e000-7f214a751000 ---p 00000000 00:00 0 
7f214a751000-7f214a84f000 rw-p 00000000 00:00 0 
7f214a84f000-7f214a852000 ---p 00000000 00:00 0 
7f214a852000-7f214ab50000 rw-p 00000000 00:00 0 
7f214ab50000-7f214ad50000 rw-p 00000000 00:00 0 
7f214ad50000-7f214af50000 rw-p 00000000 00:00 0 
7f214af50000-7f214af53000 ---p 00000000 00:00 0 
7f214af53000-7f214b051000 rw-p 00000000 00:00 0 
7f214b051000-7f214b054000 ---p 00000000 00:00 0 
7f214b054000-7f214b352000 rw-p 00000000 00:00 0 
7f214b352000-7f214b552000 rw-p 00000000 00:00 0 
7f214b552000-7f214b752000 rw-p 00000000 00:00 0 
7f214b785000-7f214b985000 rw-p 00000000 00:00 0 
7f214b985000-7f214bb85000 rw-p 00000000 00:00 0 
7f214bb85000-7f214bbfe000 r--s 010f9000 08:05 407978                     /usr/lib/jvm/java-8-oracle/lib/tools.jar
7f214bbfe000-7f214bc01000 ---p 00000000 00:00 0 
7f214bc01000-7f214beff000 rw-p 00000000 00:00 0 
7f214beff000-7f214bf02000 ---p 00000000 00:00 0 
7f214bf02000-7f214c000000 rw-p 00000000 00:00 0 
7f214c000000-7f214c2d7000 rw-p 00000000 00:00 0 
7f214c2d7000-7f2150000000 ---p 00000000 00:00 0 
7f2150000000-7f2150021000 rw-p 00000000 00:00 0 
7f2150021000-7f2154000000 ---p 00000000 00:00 0 
7f2154000000-7f215406c000 rw-p 00000000 00:00 0 
7f215406c000-7f2158000000 ---p 00000000 00:00 0 
7f2158000000-7f2159397000 rw-p 00000000 00:00 0 
7f2159397000-7f215c000000 ---p 00000000 00:00 0 
7f215c000000-7f215c021000 rw-p 00000000 00:00 0 
7f215c021000-7f2160000000 ---p 00000000 00:00 0 
7f2160000000-7f2160028000 rw-p 00000000 00:00 0 
7f2160028000-7f2164000000 ---p 00000000 00:00 0 
7f2164000000-7f2164069000 rw-p 00000000 00:00 0 
7f2164069000-7f2168000000 ---p 00000000 00:00 0 
7f2168000000-7f2168097000 rw-p 00000000 00:00 0 
7f2168097000-7f216c000000 ---p 00000000 00:00 0 
7f216c000000-7f216c021000 rw-p 00000000 00:00 0 
7f216c021000-7f2170000000 ---p 00000000 00:00 0 
7f2170000000-7f2170021000 rw-p 00000000 00:00 0 
7f2170021000-7f2174000000 ---p 00000000 00:00 0 
7f2174000000-7f2174cbe000 rw-p 00000000 00:00 0 
7f2174cbe000-7f2178000000 ---p 00000000 00:00 0 
7f2178000000-7f2178021000 rw-p 00000000 00:00 0 
7f2178021000-7f217c000000 ---p 00000000 00:00 0 
7f217c000000-7f217dc8c000 rw-p 00000000 00:00 0 
7f217dc8c000-7f2180000000 ---p 00000000 00:00 0 
7f2180000000-7f218218f000 rw-p 00000000 00:00 0 
7f218218f000-7f2184000000 ---p 00000000 00:00 0 
7f2184000000-7f2184021000 rw-p 00000000 00:00 0 
7f2184021000-7f2188000000 ---p 00000000 00:00 0 
7f2188000000-7f2188021000 rw-p 00000000 00:00 0 
7f2188021000-7f218c000000 ---p 00000000 00:00 0 
7f218c000000-7f218c39c000 rw-p 00000000 00:00 0 
7f218c39c000-7f2190000000 ---p 00000000 00:00 0 
7f2190000000-7f2190021000 rw-p 00000000 00:00 0 
7f2190021000-7f2194000000 ---p 00000000 00:00 0 
7f2194000000-7f2194027000 rw-p 00000000 00:00 0 
7f2194027000-7f2198000000 ---p 00000000 00:00 0 
7f2198004000-7f2198007000 ---p 00000000 00:00 0 
7f2198007000-7f2198105000 rw-p 00000000 00:00 0 
7f2198105000-7f2198108000 ---p 00000000 00:00 0 
7f2198108000-7f2198206000 rw-p 00000000 00:00 0 
7f2198206000-7f2198209000 ---p 00000000 00:00 0 
7f2198209000-7f2198507000 rw-p 00000000 00:00 0 
7f2198507000-7f219850a000 ---p 00000000 00:00 0 
7f219850a000-7f2198608000 rw-p 00000000 00:00 0 
7f2198608000-7f219860b000 ---p 00000000 00:00 0 
7f219860b000-7f2198709000 rw-p 00000000 00:00 0 
7f2198709000-7f219870c000 ---p 00000000 00:00 0 
7f219870c000-7f219880a000 rw-p 00000000 00:00 0 
7f219880a000-7f219880d000 ---p 00000000 00:00 0 
7f219880d000-7f219890b000 rw-p 00000000 00:00 0 
7f219890b000-7f219890e000 ---p 00000000 00:00 0 
7f219890e000-7f2198a0c000 rw-p 00000000 00:00 0 
7f2198a0c000-7f2198a13000 r--s 00000000 08:05 403702                     /usr/lib/x86_64-linux-gnu/gconv/gconv-modules.cache
7f2198a13000-7f2198a16000 ---p 00000000 00:00 0 
7f2198a16000-7f2198b14000 rw-p 00000000 00:00 0 
7f2198b14000-7f2198b19000 r--s 0009d000 08:05 409542                     /usr/lib/jvm/java-8-oracle/jre/lib/jsse.jar
7f2198b19000-7f2198d19000 rw-p 00000000 00:00 0 
7f2198d19000-7f2198d1c000 ---p 00000000 00:00 0 
7f2198d1c000-7f2198e1a000 rw-p 00000000 00:00 0 
7f2198e1a000-7f2198e23000 r-xp 00000000 08:05 409715                     /usr/lib/jvm/java-8-oracle/jre/lib/amd64/libmanagement.so
7f2198e23000-7f2199022000 ---p 00009000 08:05 409715                     /usr/lib/jvm/java-8-oracle/jre/lib/amd64/libmanagement.so
7f2199022000-7f2199023000 rw-p 00008000 08:05 409715                     /usr/lib/jvm/java-8-oracle/jre/lib/amd64/libmanagement.so
7f2199023000-7f2199025000 r--s 00007000 08:05 804929                     /home/dato/.sdkman/candidates/gradle/4.6/lib/plugins/gradle-tooling-api-builders-4.6.jar
7f2199025000-7f219902a000 r--s 00017000 08:05 804914                     /home/dato/.sdkman/candidates/gradle/4.6/lib/plugins/gradle-testing-native-4.6.jar
7f219902a000-7f219902c000 r--s 0000d000 08:05 805022                     /home/dato/.sdkman/candidates/gradle/4.6/lib/plugins/jcommander-1.47.jar
7f219902c000-7f2199035000 r--s 00089000 08:05 804985                     /home/dato/.sdkman/candidates/gradle/4.6/lib/plugins/testng-6.3.1.jar
7f2199035000-7f219903a000 r--s 0005a000 08:05 804989                     /home/dato/.sdkman/candidates/gradle/4.6/lib/plugins/bsh-2.0b6.jar
7f219903a000-7f219903e000 r--s 0001b000 08:05 804936                     /home/dato/.sdkman/candidates/gradle/4.6/lib/plugins/gradle-testing-jvm-4.6.jar
7f219903e000-7f2199040000 r--s 0000e000 08:05 805019                     /home/dato/.sdkman/candidates/gradle/4.6/lib/plugins/junit-platform-commons-1.0.3.jar
7f2199040000-7f2199041000 r--s 00001000 08:05 805025                     /home/dato/.sdkman/candidates/gradle/4.6/lib/plugins/opentest4j-1.0.0.jar
7f2199041000-7f2199044000 r--s 00013000 08:05 805018                     /home/dato/.sdkman/candidates/gradle/4.6/lib/plugins/junit-platform-engine-1.0.3.jar
7f2199044000-7f2199045000 r--s 00000000 08:05 805020                     /home/dato/.sdkman/candidates/gradle/4.6/lib/plugins/apiguardian-api-1.0.0.jar
7f2199045000-7f2199047000 r--s 0000c000 08:05 804990                     /home/dato/.sdkman/candidates/gradle/4.6/lib/plugins/junit-platform-launcher-1.0.3.jar
7f2199047000-7f2199048000 r--s 00003000 08:05 804935                     /home/dato/.sdkman/candidates/gradle/4.6/lib/plugins/gradle-testing-junit-platform-4.6.jar
7f2199048000-7f2199050000 r--s 00031000 08:05 804942                     /home/dato/.sdkman/candidates/gradle/4.6/lib/plugins/gradle-testing-base-4.6.jar
7f2199050000-7f2199057000 r--s 00043000 08:05 804980                     /home/dato/.sdkman/candidates/gradle/4.6/lib/plugins/bcpg-jdk15on-1.58.jar
7f2199057000-7f2199059000 r--s 0000e000 08:05 804912                     /home/dato/.sdkman/candidates/gradle/4.6/lib/plugins/gradle-signing-4.6.jar
7f2199059000-7f219905b000 r--s 00007000 08:05 804920                     /home/dato/.sdkman/candidates/gradle/4.6/lib/plugins/gradle-scala-4.6.jar
7f219905b000-7f219905c000 r--s 00004000 08:05 804952                     /home/dato/.sdkman/candidates/gradle/4.6/lib/plugins/gradle-resources-sftp-4.6.jar
7f219905c000-7f2199065000 r--s 0005a000 08:05 804963                     /home/dato/.sdkman/candidates/gradle/4.6/lib/plugins/aws-java-sdk-kms-1.11.267.jar
7f2199065000-7f2199067000 r--s 00005000 08:05 804996                     /home/dato/.sdkman/candidates/gradle/4.6/lib/plugins/jmespath-java-1.11.267.jar
7f2199067000-7f2199079000 r--s 000bb000 08:05 804962                     /home/dato/.sdkman/candidates/gradle/4.6/lib/plugins/aws-java-sdk-s3-1.11.267.jar
7f2199079000-7f2199083000 r--s 00081000 08:05 805016                     /home/dato/.sdkman/candidates/gradle/4.6/lib/plugins/ion-java-1.0.2.jar
7f2199083000-7f2199098000 r--s 000bd000 08:05 804964                     /home/dato/.sdkman/candidates/gradle/4.6/lib/plugins/aws-java-sdk-core-1.11.267.jar
7f2199098000-7f219909a000 r--s 00004000 08:05 804947                     /home/dato/.sdkman/candidates/gradle/4.6/lib/plugins/gradle-resources-s3-4.6.jar
7f219909a000-7f21990aa000 r--s 00088000 08:05 805000                     /home/dato/.sdkman/candidates/gradle/4.6/lib/plugins/joda-time-2.8.2.jar
7f21990aa000-7f21990bc000 r--s 0011f000 08:05 804997                     /home/dato/.sdkman/candidates/gradle/4.6/lib/plugins/jackson-databind-2.8.11.jar
7f21990bc000-7f21990bf000 r--s 0000b000 08:05 804999                     /home/dato/.sdkman/candidates/gradle/4.6/lib/plugins/jackson-annotations-2.8.11.jar
7f21990bf000-7f21990c3000 r--s 00042000 08:05 804998                     /home/dato/.sdkman/candidates/gradle/4.6/lib/plugins/jackson-core-2.8.11.jar
7f21990c3000-7f21990c4000 r--s 00001000 08:05 804968                     /home/dato/.sdkman/candidates/gradle/4.6/lib/plugins/google-http-client-jackson2-1.23.0.jar
7f21990c4000-7f21990cd000 r--s 0004f000 08:05 804969                     /home/dato/.sdkman/candidates/gradle/4.6/lib/plugins/google-http-client-1.23.0.jar
7f21990cd000-7f21990d0000 r--s 0000d000 08:05 804967                     /home/dato/.sdkman/candidates/gradle/4.6/lib/plugins/google-oauth-client-1.23.0.jar
7f21990d0000-7f21990d5000 r--s 0002c000 08:05 804966                     /home/dato/.sdkman/candidates/gradle/4.6/lib/plugins/google-api-client-1.23.0.jar
7f21990d5000-7f21990d9000 r--s 0001c000 08:05 804965                     /home/dato/.sdkman/candidates/gradle/4.6/lib/plugins/google-api-services-storage-v1-rev116-1.23.0.jar
7f21990d9000-7f21990db000 r--s 00003000 08:05 804948                     /home/dato/.sdkman/candidates/gradle/4.6/lib/plugins/gradle-resources-gcs-4.6.jar
7f21990db000-7f21990dd000 r--s 00010000 08:05 804943                     /home/dato/.sdkman/candidates/gradle/4.6/lib/plugins/gradle-reporting-4.6.jar
7f21990dd000-7f21990df000 r--s 00005000 08:05 804944                     /home/dato/.sdkman/candidates/gradle/4.6/lib/plugins/gradle-publish-4.6.jar
7f21990df000-7f21990e1000 r--s 00009000 08:05 804971                     /home/dato/.sdkman/candidates/gradle/4.6/lib/plugins/commons-cli-1.2.jar
7f21990e1000-7f21990e8000 r--s 00038000 08:05 804928                     /home/dato/.sdkman/candidates/gradle/4.6/lib/plugins/gradle-plugins-4.6.jar
7f21990e8000-7f21990ea000 r--s 00009000 08:05 804916                     /home/dato/.sdkman/candidates/gradle/4.6/lib/plugins/gradle-plugin-development-4.6.jar
7f21990ea000-7f21990f1000 r--s 0002f000 08:05 804923                     /home/dato/.sdkman/candidates/gradle/4.6/lib/plugins/gradle-platform-play-4.6.jar
7f21990f1000-7f21990f7000 r--s 00033000 08:05 804986                     /home/dato/.sdkman/candidates/gradle/4.6/lib/plugins/snakeyaml-1.6.jar
7f21990f7000-7f2199108000 r--s 00073000 08:05 804940                     /home/dato/.sdkman/candidates/gradle/4.6/lib/plugins/gradle-platform-native-4.6.jar
7f2199108000-7f219910c000 r--s 0001b000 08:05 804939                     /home/dato/.sdkman/candidates/gradle/4.6/lib/plugins/gradle-platform-jvm-4.6.jar
7f219910c000-7f2199113000 r--s 00028000 08:05 804945                     /home/dato/.sdkman/candidates/gradle/4.6/lib/plugins/gradle-platform-base-4.6.jar
7f2199113000-7f219913e000 r--s 00247000 08:05 804972                     /home/dato/.sdkman/candidates/gradle/4.6/lib/plugins/biz.aQute.bndlib-3.4.0.jar
7f219913e000-7f219913f000 r--s 00004000 08:05 804911                     /home/dato/.sdkman/candidates/gradle/4.6/lib/plugins/gradle-osgi-4.6.jar
7f219913f000-7f2199142000 r--s 0000c000 08:05 804976                     /home/dato/.sdkman/candidates/gradle/4.6/lib/plugins/pmaven-groovy-0.8-20100325.jar
7f2199142000-7f2199143000 r--s 00004000 08:05 804975                     /home/dato/.sdkman/candidates/gradle/4.6/lib/plugins/pmaven-common-0.8-20100325.jar
7f2199143000-7f2199144000 r--s 00007000 08:05 804957                     /home/dato/.sdkman/candidates/gradle/4.6/lib/plugins/wagon-http-shared4-2.4.jar
7f2199144000-7f2199145000 r--s 00002000 08:05 804956                     /home/dato/.sdkman/candidates/gradle/4.6/lib/plugins/wagon-http-2.4.jar
7f2199145000-7f2199146000 r--s 00002000 08:05 804977                     /home/dato/.sdkman/candidates/gradle/4.6/lib/plugins/wagon-file-2.4.jar
7f2199146000-7f2199148000 r--s 00006000 08:05 804978                     /home/dato/.sdkman/candidates/gradle/4.6/lib/plugins/aether-connector-wagon-1.13.1.jar
7f2199148000-7f219914d000 r--s 00026000 08:05 804917                     /home/dato/.sdkman/candidates/gradle/4.6/lib/plugins/gradle-maven-4.6.jar
7f219914d000-7f2199150000 r--s 0000b000 08:05 804934                     /home/dato/.sdkman/candidates/gradle/4.6/lib/plugins/gradle-language-scala-4.6.jar
7f2199150000-7f219915c000 r--s 00055000 08:05 804915                     /home/dato/.sdkman/candidates/gradle/4.6/lib/plugins/gradle-language-native-4.6.jar
7f219915c000-7f219915e000 r--s 00005000 08:05 804938                     /home/dato/.sdkman/candidates/gradle/4.6/lib/plugins/gradle-language-jvm-4.6.jar
7f219915e000-7f2199165000 r--s 00036000 08:05 804937                     /home/dato/.sdkman/candidates/gradle/4.6/lib/plugins/gradle-language-java-4.6.jar
7f2199165000-7f2199167000 r--s 0000b000 08:05 804933                     /home/dato/.sdkman/candidates/gradle/4.6/lib/plugins/gradle-language-groovy-4.6.jar
7f2199167000-7f219916e000 r--s 00035000 08:05 804983                     /home/dato/.sdkman/candidates/gradle/4.6/lib/plugins/simple-4.1.21.jar
7f219916e000-7f219917a000 r--s 00100000 08:05 804981                     /home/dato/.sdkman/candidates/gradle/4.6/lib/plugins/rhino-1.7R3.jar
7f219917a000-7f219917e000 r--s 00012000 08:05 804924                     /home/dato/.sdkman/candidates/gradle/4.6/lib/plugins/gradle-javascript-4.6.jar
7f219917e000-7f2199181000 r--s 00010000 08:05 804926                     /home/dato/.sdkman/candidates/gradle/4.6/lib/plugins/gradle-jacoco-4.6.jar
7f2199181000-7f2199184000 r--s 0000f000 08:05 804925                     /home/dato/.sdkman/candidates/gradle/4.6/lib/plugins/gradle-ivy-4.6.jar
7f2199184000-7f2199185000 r--s 00002000 08:05 804918                     /home/dato/.sdkman/candidates/gradle/4.6/lib/plugins/gradle-ide-play-4.6.jar
7f2199185000-7f2199186000 r--s 00011000 08:05 804987                     /home/dato/.sdkman/candidates/gradle/4.6/lib/plugins/dd-plist-1.20.jar
7f2199186000-7f219918c000 r--s 0002c000 08:05 804913                     /home/dato/.sdkman/candidates/gradle/4.6/lib/plugins/gradle-ide-native-4.6.jar
7f219918c000-7f2199196000 r--s 00056000 08:05 804919                     /home/dato/.sdkman/candidates/gradle/4.6/lib/plugins/gradle-ide-4.6.jar
7f2199196000-7f2199198000 r--s 00007000 08:05 804922                     /home/dato/.sdkman/candidates/gradle/4.6/lib/plugins/gradle-ear-4.6.jar
7f2199198000-7f219919a000 r--s 00005000 08:05 804958                     /home/dato/.sdkman/candidates/gradle/4.6/lib/plugins/jatl-0.2.2.jar
7f219919a000-7f21991a0000 r--s 0003a000 08:05 804941                     /home/dato/.sdkman/candidates/gradle/4.6/lib/plugins/gradle-diagnostics-4.6.jar
7f21991a0000-7f21991a2000 r--s 0000c000 08:05 804931                     /home/dato/.sdkman/candidates/gradle/4.6/lib/plugins/gradle-composite-builds-4.6.jar
7f21991a2000-7f21991a7000 r--s 00026000 08:05 804909                     /home/dato/.sdkman/candidates/gradle/4.6/lib/plugins/gradle-code-quality-4.6.jar
7f21991a7000-7f21991a9000 r--s 0000b000 08:05 804984                     /home/dato/.sdkman/candidates/gradle/4.6/lib/plugins/maven-plugin-api-3.0.4.jar
7f21991a9000-7f21991ab000 r--s 0000b000 08:05 805006                     /home/dato/.sdkman/candidates/gradle/4.6/lib/plugins/wagon-provider-api-2.4.jar
7f21991ab000-7f21991b1000 r--s 0003f000 08:05 804973                     /home/dato/.sdkman/candidates/gradle/4.6/lib/plugins/maven-compat-3.0.4.jar
7f21991b1000-7f21991b5000 r--s 0001d000 08:05 804961                     /home/dato/.sdkman/candidates/gradle/4.6/lib/plugins/xbean-reflect-3.4.jar
7f21991b5000-7f21991b7000 r--s 00009000 08:05 805017                     /home/dato/.sdkman/candidates/gradle/4.6/lib/plugins/hamcrest-core-1.3.jar
7f21991b7000-7f21991bf000 r--s 00045000 08:05 804988                     /home/dato/.sdkman/candidates/gradle/4.6/lib/plugins/junit-4.12.jar
7f21991bf000-7f21991c1000 r--s 0000a000 08:05 805007                     /home/dato/.sdkman/candidates/gradle/4.6/lib/plugins/plexus-classworlds-2.4.jar
7f21991c1000-7f21991c8000 r--s 0002e000 08:05 804960                     /home/dato/.sdkman/candidates/gradle/4.6/lib/plugins/plexus-container-default-1.5.5.jar
7f21991c8000-7f21991cd000 r--s 00027000 08:05 804927                     /home/dato/.sdkman/candidates/gradle/4.6/lib/plugins/gradle-build-init-4.6.jar
7f21991cd000-7f21991d4000 r--s 0002c000 08:05 804921                     /home/dato/.sdkman/candidates/gradle/4.6/lib/plugins/gradle-build-comparison-4.6.jar
7f21991d4000-7f21991d5000 r--s 00002000 08:05 804949                     /home/dato/.sdkman/candidates/gradle/4.6/lib/plugins/gradle-build-cache-http-4.6.jar
7f21991d5000-7f21991d7000 r--s 00008000 08:05 804910                     /home/dato/.sdkman/candidates/gradle/4.6/lib/plugins/gradle-antlr-4.6.jar
7f21991d7000-7f21991d9000 r--s 00004000 08:05 804932                     /home/dato/.sdkman/candidates/gradle/4.6/lib/plugins/gradle-announce-4.6.jar
7f21991d9000-7f21991db000 r--s 0000a000 08:05 804837                     /home/dato/.sdkman/candidates/gradle/4.6/lib/gradle-kotlin-dsl-tooling-builders-0.15.6.jar
7f21991db000-7f21991dd000 r--s 0000c000 08:05 804946                     /home/dato/.sdkman/candidates/gradle/4.6/lib/plugins/gradle-plugin-use-4.6.jar
7f21991dd000-7f21991de000 r--s 00000000 08:05 804846                     /home/dato/.sdkman/candidates/gradle/4.6/lib/gradle-runtime-api-info-4.6.jar
7f21991de000-7f21991f7000 r--s 00135000 08:05 804993                     /home/dato/.sdkman/candidates/gradle/4.6/lib/plugins/xercesImpl-2.11.0.jar
7f21991f7000-7f21991fa000 r--s 0001c000 08:05 804992                     /home/dato/.sdkman/candidates/gradle/4.6/lib/plugins/nekohtml-1.9.20.jar
7f21991fa000-7f2199200000 r--s 0005b000 08:05 804991                     /home/dato/.sdkman/candidates/gradle/4.6/lib/plugins/jcifs-1.3.17.jar
7f2199200000-7f2199203000 r--s 0000c000 08:05 804951                     /home/dato/.sdkman/candidates/gradle/4.6/lib/plugins/gradle-resources-http-4.6.jar
7f2199203000-7f2199208000 r--s 00040000 08:05 804995                     /home/dato/.sdkman/candidates/gradle/4.6/lib/plugins/jsch-0.1.54.jar
7f2199208000-7f219922b000 r--s 00223000 08:05 804959                     /home/dato/.sdkman/candidates/gradle/4.6/lib/plugins/org.eclipse.jgit-4.5.3.201708160445-r.jar
7f219922b000-7f2199232000 r--s 00049000 08:05 805021                     /home/dato/.sdkman/candidates/gradle/4.6/lib/plugins/httpcore-4.4.9.jar
7f2199232000-7f2199239000 r--s 0003f000 08:05 804979                     /home/dato/.sdkman/candidates/gradle/4.6/lib/plugins/commons-codec-1.10.jar
7f2199239000-7f2199247000 r--s 000ae000 08:05 804970                     /home/dato/.sdkman/candidates/gradle/4.6/lib/plugins/httpclient-4.5.5.jar
7f2199247000-7f2199249000 r--s 00007000 08:05 804954                     /home/dato/.sdkman/candidates/gradle/4.6/lib/plugins/gradle-version-control-4.6.jar
7f2199249000-7f219924a000 r--s 00000000 08:05 804849                     /home/dato/.sdkman/candidates/gradle/4.6/lib/gradle-installation-beacon-4.6.jar
7f219924a000-7f219924c000 r--s 00006000 08:05 805014                     /home/dato/.sdkman/candidates/gradle/4.6/lib/plugins/maven-repository-metadata-3.0.4.jar
7f219924c000-7f219924e000 r--s 0000c000 08:05 804836                     /home/dato/.sdkman/candidates/gradle/4.6/lib/plugins/maven-aether-provider-3.0.4.jar
7f219924e000-7f2199252000 r--s 00021000 08:05 805008                     /home/dato/.sdkman/candidates/gradle/4.6/lib/plugins/maven-model-builder-3.0.4.jar
7f2199252000-7f2199254000 r--s 00026000 08:05 805009                     /home/dato/.sdkman/candidates/gradle/4.6/lib/plugins/maven-model-3.0.4.jar
7f2199254000-7f2199256000 r--s 0000a000 08:05 805012                     /home/dato/.sdkman/candidates/gradle/4.6/lib/plugins/maven-settings-3.0.4.jar
7f2199256000-7f2199258000 r--s 00002000 08:05 805026                     /home/dato/.sdkman/candidates/gradle/4.6/lib/plugins/plexus-cipher-1.7.jar
7f2199258000-7f219925a000 r--s 0000d000 08:05 805023                     /home/dato/.sdkman/candidates/gradle/4.6/lib/plugins/plexus-interpolation-1.14.jar
7f219925a000-7f219925c000 r--s 00000000 08:05 805024                     /home/dato/.sdkman/candidates/gradle/4.6/lib/plugins/plexus-component-annotations-1.5.5.jar
7f219925c000-7f219925f000 r--s 00008000 08:05 805010                     /home/dato/.sdkman/candidates/gradle/4.6/lib/plugins/maven-settings-builder-3.0.4.jar
7f219925f000-7f2199263000 r--s 00035000 08:05 805015                     /home/dato/.sdkman/candidates/gradle/4.6/lib/plugins/plexus-utils-3.0.8.jar
7f2199263000-7f2199265000 r--s 0000b000 08:05 805011                     /home/dato/.sdkman/candidates/gradle/4.6/lib/plugins/maven-artifact-3.0.4.jar
7f2199265000-7f2199268000 r--s 0001d000 08:05 805002                     /home/dato/.sdkman/candidates/gradle/4.6/lib/plugins/aether-impl-1.13.1.jar
7f2199268000-7f219926c000 r--s 0001c000 08:05 805004                     /home/dato/.sdkman/candidates/gradle/4.6/lib/plugins/aether-util-1.13.1.jar
7f219926c000-7f2199278000 r--s 0007d000 08:05 804974                     /home/dato/.sdkman/candidates/gradle/4.6/lib/plugins/maven-core-3.0.4.jar
7f2199278000-7f2199287000 r--s 000d9000 08:05 804994                     /home/dato/.sdkman/candidates/gradle/4.6/lib/plugins/ivy-2.2.0.jar
7f2199287000-7f219929d000 r-xp 00000000 08:05 1835094                    /lib/x86_64-linux-gnu/libgcc_s.so.1
7f219929d000-7f219949c000 ---p 00016000 08:05 1835094                    /lib/x86_64-linux-gnu/libgcc_s.so.1
7f219949c000-7f219949d000 r--p 00015000 08:05 1835094                    /lib/x86_64-linux-gnu/libgcc_s.so.1
7f219949d000-7f219949e000 rw-p 00016000 08:05 1835094                    /lib/x86_64-linux-gnu/libgcc_s.so.1
7f219949e000-7f2199616000 r-xp 00000000 08:05 262354                     /usr/lib/x86_64-linux-gnu/libstdc++.so.6.0.24
7f2199616000-7f2199815000 ---p 00178000 08:05 262354                     /usr/lib/x86_64-linux-gnu/libstdc++.so.6.0.24
7f2199815000-7f219981f000 r--p 00177000 08:05 262354                     /usr/lib/x86_64-linux-gnu/libstdc++.so.6.0.24
7f219981f000-7f2199821000 rw-p 00181000 08:05 262354                     /usr/lib/x86_64-linux-gnu/libstdc++.so.6.0.24
7f2199821000-7f2199824000 rw-p 00000000 00:00 0 
7f2199824000-7f2199829000 r-xp 00000000 08:05 931514                     /home/dato/.gradle/native/25/linux-amd64/libnative-platform.so
7f2199829000-7f2199a28000 ---p 00005000 08:05 931514                     /home/dato/.gradle/native/25/linux-amd64/libnative-platform.so
7f2199a28000-7f2199a29000 rw-p 00004000 08:05 931514                     /home/dato/.gradle/native/25/linux-amd64/libnative-platform.so
7f2199a29000-7f2199a3a000 r-xp 00000000 08:05 409710                     /usr/lib/jvm/java-8-oracle/jre/lib/amd64/libnio.so
7f2199a3a000-7f2199c39000 ---p 00011000 08:05 409710                     /usr/lib/jvm/java-8-oracle/jre/lib/amd64/libnio.so
7f2199c39000-7f2199c3a000 rw-p 00010000 08:05 409710                     /usr/lib/jvm/java-8-oracle/jre/lib/amd64/libnio.so
7f2199c3a000-7f2199c50000 r-xp 00000000 08:05 409707                     /usr/lib/jvm/java-8-oracle/jre/lib/amd64/libnet.so
7f2199c50000-7f2199e50000 ---p 00016000 08:05 409707                     /usr/lib/jvm/java-8-oracle/jre/lib/amd64/libnet.so
7f2199e50000-7f2199e51000 rw-p 00016000 08:05 409707                     /usr/lib/jvm/java-8-oracle/jre/lib/amd64/libnet.so
7f2199e51000-7f219a000000 r--s 017aa000 08:05 804839                     /home/dato/.sdkman/candidates/gradle/4.6/lib/kotlin-compiler-embeddable-1.2.21.jar
7f219a000000-7f219c000000 rw-p 00000000 00:00 0 
7f219c000000-7f219c03d000 rw-p 00000000 00:00 0 
7f219c03d000-7f21a0000000 ---p 00000000 00:00 0 
7f21a0000000-7f21a004d000 rw-p 00000000 00:00 0 
7f21a004d000-7f21a4000000 ---p 00000000 00:00 0 
7f21a4000000-7f21a4021000 rw-p 00000000 00:00 0 
7f21a4021000-7f21a8000000 ---p 00000000 00:00 0 
7f21a8000000-7f21a8001000 r--s 00006000 08:05 805013                     /home/dato/.sdkman/candidates/gradle/4.6/lib/plugins/plexus-sec-dispatcher-1.3.jar
7f21a8001000-7f21a8002000 r--s 00003000 08:05 805003                     /home/dato/.sdkman/candidates/gradle/4.6/lib/plugins/aether-spi-1.13.1.jar
7f21a8002000-7f21a8005000 r--s 00013000 08:05 805005                     /home/dato/.sdkman/candidates/gradle/4.6/lib/plugins/aether-api-1.13.1.jar
7f21a8005000-7f21a800a000 r--s 00034000 08:05 804982                     /home/dato/.sdkman/candidates/gradle/4.6/lib/plugins/gson-2.7.jar
7f21a800a000-7f21a805d000 r--s 00373000 08:05 805001                     /home/dato/.sdkman/candidates/gradle/4.6/lib/plugins/bcprov-jdk15on-1.58.jar
7f21a805d000-7f21a805f000 r--s 00010000 08:05 804955                     /home/dato/.sdkman/candidates/gradle/4.6/lib/plugins/asm-util-6.0.jar
7f21a805f000-7f21a8087000 r--s 00146000 08:05 804950                     /home/dato/.sdkman/candidates/gradle/4.6/lib/plugins/gradle-dependency-management-4.6.jar
7f21a8087000-7f21a808a000 r--s 0000d000 08:05 804953                     /home/dato/.sdkman/candidates/gradle/4.6/lib/plugins/gradle-workers-4.6.jar
7f21a808a000-7f21a808b000 r--s 00006000 08:05 804848                     /home/dato/.sdkman/candidates/gradle/4.6/lib/gradle-wrapper-4.6.jar
7f21a808b000-7f21a8099000 r--s 00046000 08:05 804847                     /home/dato/.sdkman/candidates/gradle/4.6/lib/gradle-tooling-api-4.6.jar
7f21a8099000-7f21a809b000 r--s 00002000 08:05 804844                     /home/dato/.sdkman/candidates/gradle/4.6/lib/kotlin-stdlib-jdk8-1.2.21.jar
7f21a809b000-7f21a809c000 r--s 00000000 08:05 804843                     /home/dato/.sdkman/candidates/gradle/4.6/lib/kotlin-stdlib-jdk7-1.2.21.jar
7f21a809c000-7f21a80ab000 r--s 000d5000 08:05 804842                     /home/dato/.sdkman/candidates/gradle/4.6/lib/kotlin-stdlib-1.2.21.jar
7f21a80ab000-7f21a80ad000 r--s 00008000 08:05 804841                     /home/dato/.sdkman/candidates/gradle/4.6/lib/kotlin-script-runtime-1.2.21.jar
7f21a80ad000-7f21a80ae000 r--s 00002000 08:05 804840                     /home/dato/.sdkman/candidates/gradle/4.6/lib/kotlin-sam-with-receiver-compiler-plugin-1.2.21.jar
7f21a80ae000-7f21a80e2000 r--s 0023d000 08:05 804812                     /home/dato/.sdkman/candidates/gradle/4.6/lib/kotlin-reflect-1.2.21.jar
7f21a80e2000-7f21a80e4000 r--s 00000000 08:05 804838                     /home/dato/.sdkman/candidates/gradle/4.6/lib/gradle-kotlin-dsl-tooling-models-0.15.6.jar
7f21a80e4000-7f21a80e6000 r--s 00003000 08:05 804834                     /home/dato/.sdkman/candidates/gradle/4.6/lib/annotations-13.0.jar
7f21a80e6000-7f21a80f2000 r--s 0009c000 08:05 804835                     /home/dato/.sdkman/candidates/gradle/4.6/lib/gradle-kotlin-dsl-0.15.6.jar
7f21a80f2000-7f21a80f6000 r--s 00013000 08:05 804853                     /home/dato/.sdkman/candidates/gradle/4.6/lib/gradle-build-cache-4.6.jar
7f21a80f6000-7f21a80fc000 r--s 0002e000 08:05 804858                     /home/dato/.sdkman/candidates/gradle/4.6/lib/gradle-persistent-cache-4.6.jar
7f21a80fc000-7f21a8100000 r--s 00014000 08:05 804857                     /home/dato/.sdkman/candidates/gradle/4.6/lib/gradle-resources-4.6.jar
7f21a8100000-7f21a8101000 r--s 00003000 08:05 804865                     /home/dato/.sdkman/candidates/gradle/4.6/lib/gradle-build-option-4.6.jar
7f21a8101000-7f21a8103000 r--s 00005000 08:05 804866                     /home/dato/.sdkman/candidates/gradle/4.6/lib/gradle-cli-4.6.jar
7f21a8103000-7f21a8105000 r--s 00004000 08:05 804874                     /home/dato/.sdkman/candidates/gradle/4.6/lib/log4j-over-slf4j-1.7.16.jar
7f21a8105000-7f21a8107000 r--s 00000000 08:05 804873                     /home/dato/.sdkman/candidates/gradle/4.6/lib/jul-to-slf4j-1.7.16.jar
7f21a8107000-7f21a8109000 r--s 00003000 08:05 804876                     /home/dato/.sdkman/candidates/gradle/4.6/lib/jcl-over-slf4j-1.7.16.jar
7f21a8109000-7f21a8110000 r--s 00030000 08:05 804854                     /home/dato/.sdkman/candidates/gradle/4.6/lib/gradle-logging-4.6.jar
7f21a8110000-7f21a8120000 r--s 00082000 08:05 804861                     /home/dato/.sdkman/candidates/gradle/4.6/lib/gradle-model-core-4.6.jar
7f21a8120000-7f21a8122000 r--s 00006000 08:05 804862                     /home/dato/.sdkman/candidates/gradle/4.6/lib/gradle-base-services-groovy-4.6.jar
7f21a8122000-7f21a8124000 r--s 00007000 08:05 804860                     /home/dato/.sdkman/candidates/gradle/4.6/lib/gradle-model-groovy-4.6.jar
7f21a8124000-7f21a8125000 r--s 00002000 08:05 804889                     /home/dato/.sdkman/candidates/gradle/4.6/lib/gradle-docs-4.6.jar
7f21a8125000-7f21a812e000 r--s 0002d000 08:05 804888                     /home/dato/.sdkman/candidates/gradle/4.6/lib/xml-apis-1.4.01.jar
7f21a812e000-7f21a812f000 r--s 00000000 08:05 804884                     /home/dato/.sdkman/candidates/gradle/4.6/lib/javax.inject-1.jar
7f21a812f000-7f21a819f000 r--s 00646000 08:05 804875                     /home/dato/.sdkman/candidates/gradle/4.6/lib/groovy-all-2.4.12.jar
7f21a819f000-7f21a81a9000 r--s 00078000 08:05 804887                     /home/dato/.sdkman/candidates/gradle/4.6/lib/commons-compress-1.14.jar
7f21a81a9000-7f21a81b6000 r--s 00083000 08:05 804885                     /home/dato/.sdkman/candidates/gradle/4.6/lib/commons-collections-3.2.2.jar
7f21a81b6000-7f21a81b8000 r--s 0000a000 08:05 804868                     /home/dato/.sdkman/candidates/gradle/4.6/lib/asm-tree-6.0.jar
7f21a81b8000-7f21a81b9000 r--s 00012000 08:05 804867                     /home/dato/.sdkman/candidates/gradle/4.6/lib/asm-commons-6.0.jar
7f21a81b9000-7f21a81ba000 r--s 00004000 08:05 804892                     /home/dato/.sdkman/candidates/gradle/4.6/lib/native-platform-freebsd-amd64-libcpp-0.14.jar
7f21a81ba000-7f21a81bb000 r--s 00004000 08:05 804893                     /home/dato/.sdkman/candidates/gradle/4.6/lib/native-platform-freebsd-amd64-libstdcpp-0.14.jar
7f21a81bb000-7f21a81bc000 r--s 00004000 08:05 804894                     /home/dato/.sdkman/candidates/gradle/4.6/lib/native-platform-freebsd-i386-libcpp-0.14.jar
7f21a81bc000-7f21a81bd000 r--s 00003000 08:05 804895                     /home/dato/.sdkman/candidates/gradle/4.6/lib/native-platform-freebsd-i386-libstdcpp-0.14.jar
7f21a81bd000-7f21a81be000 r--s 00002000 08:05 804896                     /home/dato/.sdkman/candidates/gradle/4.6/lib/native-platform-linux-amd64-0.14.jar
7f21a81be000-7f21a81bf000 r--s 00002000 08:05 804897                     /home/dato/.sdkman/candidates/gradle/4.6/lib/native-platform-linux-i386-0.14.jar
7f21a81bf000-7f21a81c1000 r--s 00002000 08:05 804898                     /home/dato/.sdkman/candidates/gradle/4.6/lib/native-platform-osx-amd64-0.14.jar
7f21a81c1000-7f21a81c2000 r--s 00003000 08:05 804899                     /home/dato/.sdkman/candidates/gradle/4.6/lib/native-platform-osx-i386-0.14.jar
7f21a81c2000-7f21a81c4000 r--s 0000b000 08:05 804900                     /home/dato/.sdkman/candidates/gradle/4.6/lib/native-platform-windows-amd64-0.14.jar
7f21a81c4000-7f21a81c5000 r--s 0000b000 08:05 804901                     /home/dato/.sdkman/candidates/gradle/4.6/lib/native-platform-windows-i386-0.14.jar
7f21a81c5000-7f21a81c6000 r--s 00001000 08:05 804902                     /home/dato/.sdkman/candidates/gradle/4.6/lib/native-platform-linux-amd64-ncurses5-0.14.jar
7f21a81c6000-7f21a81c7000 r--s 00001000 08:05 804903                     /home/dato/.sdkman/candidates/gradle/4.6/lib/native-platform-linux-amd64-ncurses6-0.14.jar
7f21a81c7000-7f21a81c8000 r--s 00001000 08:05 804904                     /home/dato/.sdkman/candidates/gradle/4.6/lib/native-platform-linux-i386-ncurses5-0.14.jar
7f21a81c8000-7f21a81c9000 r--s 00001000 08:05 804905                     /home/dato/.sdkman/candidates/gradle/4.6/lib/native-platform-linux-i386-ncurses6-0.14.jar
7f21a81c9000-7f21a81cd000 r--s 00012000 08:05 804886                     /home/dato/.sdkman/candidates/gradle/4.6/lib/native-platform-0.14.jar
7f21a81cd000-7f21a81d0000 r--s 00023000 08:05 804890                     /home/dato/.sdkman/candidates/gradle/4.6/lib/jansi-1.14.jar
7f21a81d0000-7f21a81d3000 r--s 0000c000 08:05 804859                     /home/dato/.sdkman/candidates/gradle/4.6/lib/gradle-native-4.6.jar
7f21a81d3000-7f21a81d5000 r--s 0000f000 08:05 804870                     /home/dato/.sdkman/candidates/gradle/4.6/lib/reflectasm-1.07-shaded.jar
7f21a81d5000-7f21a81d7000 r--s 00000000 08:05 804906                     /home/dato/.sdkman/candidates/gradle/4.6/lib/minlog-1.2.jar
7f21a81d7000-7f21a81d9000 r--s 00007000 08:05 804907                     /home/dato/.sdkman/candidates/gradle/4.6/lib/objenesis-1.2.jar
7f21a81d9000-7f21a81dd000 r--s 00026000 08:05 804869                     /home/dato/.sdkman/candidates/gradle/4.6/lib/kryo-2.20.jar
7f21a81dd000-7f21a81e4000 r--s 0002b000 08:05 804863                     /home/dato/.sdkman/candidates/gradle/4.6/lib/gradle-messaging-4.6.jar
7f21a81e4000-7f21a81e6000 r--s 00006000 08:05 804856                     /home/dato/.sdkman/candidates/gradle/4.6/lib/gradle-process-services-4.6.jar
7f21a81e6000-7f21a81e8000 r--s 00000000 08:05 804851                     /home/dato/.sdkman/candidates/gradle/4.6/lib/gradle-jvm-services-4.6.jar
7f21a81e8000-7f21a81ea000 r--s 00006000 08:05 804879                     /home/dato/.sdkman/candidates/gradle/4.6/lib/jsr305-2.0.1.jar
7f21a81ea000-7f21a81eb000 r--s 00000000 08:05 804882                     /home/dato/.sdkman/candidates/gradle/4.6/lib/jcip-annotations-1.0.jar
7f21a81eb000-7f21a8213000 r--s 001cf000 08:05 804878                     /home/dato/.sdkman/candidates/gradle/4.6/lib/guava-jdk5-17.0.jar
7f21a8213000-7f21a8232000 r--s 001d5000 08:05 804883                     /home/dato/.sdkman/candidates/gradle/4.6/lib/ant-1.9.9.jar
7f21a8232000-7f21a82c8000 r--s 0110a000 08:05 409547                     /usr/lib/jvm/java-8-oracle/jre/lib/ext/jfxrt.jar
7f21a82c8000-7f21a82c9000 ---p 00000000 00:00 0 
7f21a82c9000-7f21a83c9000 rw-p 00000000 00:00 0 
7f21a83c9000-7f21a83cc000 ---p 00000000 00:00 0 
7f21a83cc000-7f21a84ca000 rw-p 00000000 00:00 0 
7f21a84ca000-7f21a84cd000 ---p 00000000 00:00 0 
7f21a84cd000-7f21a85cb000 rw-p 00000000 00:00 0 
7f21a85cb000-7f21a85ce000 ---p 00000000 00:00 0 
7f21a85ce000-7f21a86cc000 rw-p 00000000 00:00 0 
7f21a86cc000-7f21a86cf000 ---p 00000000 00:00 0 
7f21a86cf000-7f21a87cd000 rw-p 00000000 00:00 0 
7f21a87cd000-7f21a87d0000 ---p 00000000 00:00 0 
7f21a87d0000-7f21a88ce000 rw-p 00000000 00:00 0 
7f21a88ce000-7f21a8bfc000 r--p 00000000 08:05 266469                     /usr/lib/locale/locale-archive
7f21a8bfc000-7f21a8bff000 ---p 00000000 00:00 0 
7f21a8bff000-7f21a8cfd000 rw-p 00000000 00:00 0 
7f21a8cfd000-7f21a8d00000 ---p 00000000 00:00 0 
7f21a8d00000-7f21a8dfe000 rw-p 00000000 00:00 0 
7f21a8dfe000-7f21a8dff000 ---p 00000000 00:00 0 
7f21a8dff000-7f21a9000000 rw-p 00000000 00:00 0 
7f21a9000000-7f21aa830000 rwxp 00000000 00:00 0 
7f21aa830000-7f21b8000000 ---p 00000000 00:00 0 
7f21b8000000-7f21b8f32000 rw-p 00000000 00:00 0 
7f21b8f32000-7f21bc000000 ---p 00000000 00:00 0 
7f21bc000000-7f21bc003000 r--s 0001a000 08:05 804880                     /home/dato/.sdkman/candidates/gradle/4.6/lib/fastutil-7.2.1-min.jar
7f21bc003000-7f21bc008000 r--s 00041000 08:05 804881                     /home/dato/.sdkman/candidates/gradle/4.6/lib/commons-lang-2.6.jar
7f21bc008000-7f21bc00c000 r--s 0002a000 08:05 804872                     /home/dato/.sdkman/candidates/gradle/4.6/lib/commons-io-2.4.jar
7f21bc00c000-7f21bc00e000 r--s 00016000 08:05 804871                     /home/dato/.sdkman/candidates/gradle/4.6/lib/asm-6.0.jar
7f21bc00e000-7f21bc00f000 r--s 00009000 08:05 804877                     /home/dato/.sdkman/candidates/gradle/4.6/lib/slf4j-api-1.7.16.jar
7f21bc00f000-7f21bc04e000 r--s 00219000 08:05 804850                     /home/dato/.sdkman/candidates/gradle/4.6/lib/gradle-core-4.6.jar
7f21bc04e000-7f21bc05b000 r--s 00035000 08:05 804852                     /home/dato/.sdkman/candidates/gradle/4.6/lib/gradle-core-api-4.6.jar
7f21bc05b000-7f21bcf1b000 rw-p 00000000 00:00 0 
7f21bcf1b000-7f21bd0f4000 r--s 03d64000 08:05 409485                     /usr/lib/jvm/java-8-oracle/jre/lib/rt.jar
7f21bd0f4000-7f21bdb6a000 rw-p 00000000 00:00 0 
7f21bdb6a000-7f21bdb6b000 ---p 00000000 00:00 0 
7f21bdb6b000-7f21bdc6b000 rw-p 00000000 00:00 0 
7f21bdc6b000-7f21bdc6c000 ---p 00000000 00:00 0 
7f21bdc6c000-7f21bdd6c000 rw-p 00000000 00:00 0 
7f21bdd6c000-7f21bdd6d000 ---p 00000000 00:00 0 
7f21bdd6d000-7f21bde6d000 rw-p 00000000 00:00 0 
7f21bde6d000-7f21bde6e000 ---p 00000000 00:00 0 
7f21bde6e000-7f21bdf8e000 rw-p 00000000 00:00 0 
7f21bdf8e000-7f21be0c4000 ---p 00000000 00:00 0 
7f21be0c4000-7f21be0e4000 rw-p 00000000 00:00 0 
7f21be0e4000-7f21be219000 ---p 00000000 00:00 0 
7f21be219000-7f21be282000 rw-p 00000000 00:00 0 
7f21be282000-7f21be2c4000 ---p 00000000 00:00 0 
7f21be2c4000-7f21be326000 rw-p 00000000 00:00 0 
7f21be326000-7f21be685000 ---p 00000000 00:00 0 
7f21be685000-7f21be6a0000 r-xp 00000000 08:05 409703                     /usr/lib/jvm/java-8-oracle/jre/lib/amd64/libzip.so
7f21be6a0000-7f21be8a0000 ---p 0001b000 08:05 409703                     /usr/lib/jvm/java-8-oracle/jre/lib/amd64/libzip.so
7f21be8a0000-7f21be8a1000 rw-p 0001b000 08:05 409703                     /usr/lib/jvm/java-8-oracle/jre/lib/amd64/libzip.so
7f21be8a1000-7f21be8ac000 r-xp 00000000 08:05 1840037                    /lib/x86_64-linux-gnu/libnss_files-2.26.so
7f21be8ac000-7f21beaab000 ---p 0000b000 08:05 1840037                    /lib/x86_64-linux-gnu/libnss_files-2.26.so
7f21beaab000-7f21beaac000 r--p 0000a000 08:05 1840037                    /lib/x86_64-linux-gnu/libnss_files-2.26.so
7f21beaac000-7f21beaad000 rw-p 0000b000 08:05 1840037                    /lib/x86_64-linux-gnu/libnss_files-2.26.so
7f21beaad000-7f21beab3000 rw-p 00000000 00:00 0 
7f21beab3000-7f21beabe000 r-xp 00000000 08:05 1840039                    /lib/x86_64-linux-gnu/libnss_nis-2.26.so
7f21beabe000-7f21becbd000 ---p 0000b000 08:05 1840039                    /lib/x86_64-linux-gnu/libnss_nis-2.26.so
7f21becbd000-7f21becbe000 r--p 0000a000 08:05 1840039                    /lib/x86_64-linux-gnu/libnss_nis-2.26.so
7f21becbe000-7f21becbf000 rw-p 0000b000 08:05 1840039                    /lib/x86_64-linux-gnu/libnss_nis-2.26.so
7f21becbf000-7f21becd6000 r-xp 00000000 08:05 1839886                    /lib/x86_64-linux-gnu/libnsl-2.26.so
7f21becd6000-7f21beed5000 ---p 00017000 08:05 1839886                    /lib/x86_64-linux-gnu/libnsl-2.26.so
7f21beed5000-7f21beed6000 r--p 00016000 08:05 1839886                    /lib/x86_64-linux-gnu/libnsl-2.26.so
7f21beed6000-7f21beed7000 rw-p 00017000 08:05 1839886                    /lib/x86_64-linux-gnu/libnsl-2.26.so
7f21beed7000-7f21beed9000 rw-p 00000000 00:00 0 
7f21beed9000-7f21beee1000 r-xp 00000000 08:05 1839992                    /lib/x86_64-linux-gnu/libnss_compat-2.26.so
7f21beee1000-7f21bf0e0000 ---p 00008000 08:05 1839992                    /lib/x86_64-linux-gnu/libnss_compat-2.26.so
7f21bf0e0000-7f21bf0e1000 r--p 00007000 08:05 1839992                    /lib/x86_64-linux-gnu/libnss_compat-2.26.so
7f21bf0e1000-7f21bf0e2000 rw-p 00008000 08:05 1839992                    /lib/x86_64-linux-gnu/libnss_compat-2.26.so
7f21bf0e2000-7f21bf10d000 r-xp 00000000 08:05 409697                     /usr/lib/jvm/java-8-oracle/jre/lib/amd64/libjava.so
7f21bf10d000-7f21bf30c000 ---p 0002b000 08:05 409697                     /usr/lib/jvm/java-8-oracle/jre/lib/amd64/libjava.so
7f21bf30c000-7f21bf30e000 rw-p 0002a000 08:05 409697                     /usr/lib/jvm/java-8-oracle/jre/lib/amd64/libjava.so
7f21bf30e000-7f21bf31b000 r-xp 00000000 08:05 409702                     /usr/lib/jvm/java-8-oracle/jre/lib/amd64/libverify.so
7f21bf31b000-7f21bf51b000 ---p 0000d000 08:05 409702                     /usr/lib/jvm/java-8-oracle/jre/lib/amd64/libverify.so
7f21bf51b000-7f21bf51d000 rw-p 0000d000 08:05 409702                     /usr/lib/jvm/java-8-oracle/jre/lib/amd64/libverify.so
7f21bf51d000-7f21bf524000 r-xp 00000000 08:05 1840216                    /lib/x86_64-linux-gnu/librt-2.26.so
7f21bf524000-7f21bf723000 ---p 00007000 08:05 1840216                    /lib/x86_64-linux-gnu/librt-2.26.so
7f21bf723000-7f21bf724000 r--p 00006000 08:05 1840216                    /lib/x86_64-linux-gnu/librt-2.26.so
7f21bf724000-7f21bf725000 rw-p 00007000 08:05 1840216                    /lib/x86_64-linux-gnu/librt-2.26.so
7f21bf725000-7f21bf87a000 r-xp 00000000 08:05 1835103                    /lib/x86_64-linux-gnu/libm-2.26.so
7f21bf87a000-7f21bfa79000 ---p 00155000 08:05 1835103                    /lib/x86_64-linux-gnu/libm-2.26.so
7f21bfa79000-7f21bfa7a000 r--p 00154000 08:05 1835103                    /lib/x86_64-linux-gnu/libm-2.26.so
7f21bfa7a000-7f21bfa7b000 rw-p 00155000 08:05 1835103                    /lib/x86_64-linux-gnu/libm-2.26.so
7f21bfa7b000-7f21c0754000 r-xp 00000000 08:05 409680                     /usr/lib/jvm/java-8-oracle/jre/lib/amd64/server/libjvm.so
7f21c0754000-7f21c0953000 ---p 00cd9000 08:05 409680                     /usr/lib/jvm/java-8-oracle/jre/lib/amd64/server/libjvm.so
7f21c0953000-7f21c0a2c000 rw-p 00cd8000 08:05 409680                     /usr/lib/jvm/java-8-oracle/jre/lib/amd64/server/libjvm.so
7f21c0a2c000-7f21c0a78000 rw-p 00000000 00:00 0 
7f21c0a78000-7f21c0c4e000 r-xp 00000000 08:05 1835099                    /lib/x86_64-linux-gnu/libc-2.26.so
7f21c0c4e000-7f21c0e4e000 ---p 001d6000 08:05 1835099                    /lib/x86_64-linux-gnu/libc-2.26.so
7f21c0e4e000-7f21c0e52000 r--p 001d6000 08:05 1835099                    /lib/x86_64-linux-gnu/libc-2.26.so
7f21c0e52000-7f21c0e54000 rw-p 001da000 08:05 1835099                    /lib/x86_64-linux-gnu/libc-2.26.so
7f21c0e54000-7f21c0e58000 rw-p 00000000 00:00 0 
7f21c0e58000-7f21c0e5b000 r-xp 00000000 08:05 1835102                    /lib/x86_64-linux-gnu/libdl-2.26.so
7f21c0e5b000-7f21c105a000 ---p 00003000 08:05 1835102                    /lib/x86_64-linux-gnu/libdl-2.26.so
7f21c105a000-7f21c105b000 r--p 00002000 08:05 1835102                    /lib/x86_64-linux-gnu/libdl-2.26.so
7f21c105b000-7f21c105c000 rw-p 00003000 08:05 1835102                    /lib/x86_64-linux-gnu/libdl-2.26.so
7f21c105c000-7f21c1072000 r-xp 00000000 08:05 409310                     /usr/lib/jvm/java-8-oracle/lib/amd64/jli/libjli.so
7f21c1072000-7f21c1271000 ---p 00016000 08:05 409310                     /usr/lib/jvm/java-8-oracle/lib/amd64/jli/libjli.so
7f21c1271000-7f21c1272000 rw-p 00015000 08:05 409310                     /usr/lib/jvm/java-8-oracle/lib/amd64/jli/libjli.so
7f21c1272000-7f21c128c000 r-xp 00000000 08:05 1840042                    /lib/x86_64-linux-gnu/libpthread-2.26.so
7f21c128c000-7f21c148b000 ---p 0001a000 08:05 1840042                    /lib/x86_64-linux-gnu/libpthread-2.26.so
7f21c148b000-7f21c148c000 r--p 00019000 08:05 1840042                    /lib/x86_64-linux-gnu/libpthread-2.26.so
7f21c148c000-7f21c148d000 rw-p 0001a000 08:05 1840042                    /lib/x86_64-linux-gnu/libpthread-2.26.so
7f21c148d000-7f21c1491000 rw-p 00000000 00:00 0 
7f21c1491000-7f21c14b8000 r-xp 00000000 08:05 1835095                    /lib/x86_64-linux-gnu/ld-2.26.so
7f21c14b8000-7f21c14b9000 r--s 00004000 08:05 804891                     /home/dato/.sdkman/candidates/gradle/4.6/lib/ant-launcher-1.9.9.jar
7f21c14b9000-7f21c14c4000 r--s 0005a000 08:05 804864                     /home/dato/.sdkman/candidates/gradle/4.6/lib/gradle-base-services-4.6.jar
7f21c14c4000-7f21c159d000 rw-p 00000000 00:00 0 
7f21c159d000-7f21c15a0000 ---p 00000000 00:00 0 
7f21c15a0000-7f21c16a2000 rw-p 00000000 00:00 0 
7f21c16a2000-7f21c16ae000 r--s 0005e000 08:05 804845                     /home/dato/.sdkman/candidates/gradle/4.6/lib/gradle-launcher-4.6.jar
7f21c16ae000-7f21c16b6000 rw-s 00000000 08:05 1715472                    /tmp/hsperfdata_dato/25641
7f21c16b6000-7f21c16b7000 rw-p 00000000 00:00 0 
7f21c16b7000-7f21c16b8000 ---p 00000000 00:00 0 
7f21c16b8000-7f21c16b9000 r--p 00027000 08:05 1835095                    /lib/x86_64-linux-gnu/ld-2.26.so
7f21c16b9000-7f21c16ba000 rw-p 00028000 08:05 1835095                    /lib/x86_64-linux-gnu/ld-2.26.so
7f21c16ba000-7f21c16bb000 rw-p 00000000 00:00 0 
7ffe1ef37000-7ffe1ef59000 rw-p 00000000 00:00 0                          [stack]
7ffe1ef80000-7ffe1ef83000 r--p 00000000 00:00 0                          [vvar]
7ffe1ef83000-7ffe1ef85000 r-xp 00000000 00:00 0                          [vdso]
ffffffffff600000-ffffffffff601000 r-xp 00000000 00:00 0                  [vsyscall]

VM Arguments:
jvm_args: -XX:+HeapDumpOnOutOfMemoryError -Xmx1024m -Dfile.encoding=UTF-8 -Duser.country=US -Duser.language=en -Duser.variant 
java_command: org.gradle.launcher.daemon.bootstrap.GradleDaemon 4.6
java_class_path (initial): /home/dato/.sdkman/candidates/gradle/4.6/lib/gradle-launcher-4.6.jar
Launcher Type: SUN_STANDARD

Environment Variables:
JAVA_HOME=/usr/lib/jvm/java-8-oracle
PATH=/home/dato/.sdkman/candidates/gradle/current/bin:/usr/local/sbin:/usr/local/bin:/usr/sbin:/usr/bin:/sbin:/bin:/usr/games:/usr/local/games:/snap/bin:/usr/lib/jvm/java-8-oracle/bin:/usr/lib/jvm/java-8-oracle/db/bin:/usr/lib/jvm/java-8-oracle/jre/bin
SHELL=/bin/bash
DISPLAY=:0

Signal Handlers:
SIGSEGV: [libjvm.so+0xad01e0], sa_mask[0]=11111111011111111101111111111110, sa_flags=SA_RESTART|SA_SIGINFO
SIGBUS: [libjvm.so+0xad01e0], sa_mask[0]=11111111011111111101111111111110, sa_flags=SA_RESTART|SA_SIGINFO
SIGFPE: [libjvm.so+0x927fb0], sa_mask[0]=11111111011111111101111111111110, sa_flags=SA_RESTART|SA_SIGINFO
SIGPIPE: [libjvm.so+0x927fb0], sa_mask[0]=11111111011111111101111111111110, sa_flags=SA_RESTART|SA_SIGINFO
SIGXFSZ: [libjvm.so+0x927fb0], sa_mask[0]=11111111011111111101111111111110, sa_flags=SA_RESTART|SA_SIGINFO
SIGILL: [libjvm.so+0x927fb0], sa_mask[0]=11111111011111111101111111111110, sa_flags=SA_RESTART|SA_SIGINFO
SIGUSR1: SIG_DFL, sa_mask[0]=00000000000000000000000000000000, sa_flags=none
SIGUSR2: [libjvm.so+0x9297f0], sa_mask[0]=00100000000000000000000000000000, sa_flags=SA_RESTART|SA_SIGINFO
SIGHUP: [libjvm.so+0x92abf0], sa_mask[0]=11111111011111111101111111111110, sa_flags=SA_RESTART|SA_SIGINFO
SIGINT: [libjvm.so+0x92abf0], sa_mask[0]=11111111011111111101111111111110, sa_flags=SA_RESTART|SA_SIGINFO
SIGTERM: [libjvm.so+0x92abf0], sa_mask[0]=11111111011111111101111111111110, sa_flags=SA_RESTART|SA_SIGINFO
SIGQUIT: [libjvm.so+0x92abf0], sa_mask[0]=11111111011111111101111111111110, sa_flags=SA_RESTART|SA_SIGINFO


---------------  S Y S T E M  ---------------

OS:DISTRIB_ID=Ubuntu
DISTRIB_RELEASE=17.10
DISTRIB_CODENAME=artful
DISTRIB_DESCRIPTION="Ubuntu 17.10"

uname:Linux 4.13.0-37-generic #42-Ubuntu SMP Wed Mar 7 14:13:23 UTC 2018 x86_64
libc:glibc 2.26 NPTL 2.26 
rlimit: STACK 8192k, CORE 0k, NPROC 14294, NOFILE 4096, AS infinity
load average:24.15 11.82 4.97

/proc/meminfo:
MemTotal:        3713576 kB
MemFree:           83884 kB
MemAvailable:          0 kB
Buffers:             560 kB
Cached:           209060 kB
SwapCached:            4 kB
Active:          2829428 kB
Inactive:         571420 kB
Active(anon):    2821960 kB
Inactive(anon):   564508 kB
Active(file):       7468 kB
Inactive(file):     6912 kB
Unevictable:        1852 kB
Mlocked:            1852 kB
SwapTotal:       1976616 kB
SwapFree:              0 kB
Dirty:                64 kB
Writeback:            16 kB
AnonPages:       3193340 kB
Mapped:            11452 kB
Shmem:            194976 kB
Slab:              92312 kB
SReclaimable:      36876 kB
SUnreclaim:        55436 kB
KernelStack:       14944 kB
PageTables:        68712 kB
NFS_Unstable:          0 kB
Bounce:                0 kB
WritebackTmp:          0 kB
CommitLimit:     3833404 kB
Committed_AS:   10381492 kB
VmallocTotal:   34359738367 kB
VmallocUsed:           0 kB
VmallocChunk:          0 kB
HardwareCorrupted:     0 kB
AnonHugePages:         0 kB
ShmemHugePages:        0 kB
ShmemPmdMapped:        0 kB
CmaTotal:              0 kB
CmaFree:               0 kB
HugePages_Total:       0
HugePages_Free:        0
HugePages_Rsvd:        0
HugePages_Surp:        0
Hugepagesize:       2048 kB
DirectMap4k:      212888 kB
DirectMap2M:     3651584 kB


CPU:total 4 (initial active 4) (2 cores per cpu, 2 threads per core) family 6 model 58 stepping 9, cmov, cx8, fxsr, mmx, sse, sse2, sse3, ssse3, sse4.1, sse4.2, popcnt, avx, aes, clmul, erms, ht, tsc, tscinvbit, tscinv

/proc/cpuinfo:
processor	: 0
vendor_id	: GenuineIntel
cpu family	: 6
model		: 58
model name	: Intel(R) Core(TM) i5-3320M CPU @ 2.60GHz
stepping	: 9
microcode	: 0x1c
cpu MHz		: 2593.878
cache size	: 3072 KB
physical id	: 0
siblings	: 4
core id		: 0
cpu cores	: 2
apicid		: 0
initial apicid	: 0
fpu		: yes
fpu_exception	: yes
cpuid level	: 13
wp		: yes
flags		: fpu vme de pse tsc msr pae mce cx8 apic sep mtrr pge mca cmov pat pse36 clflush dts acpi mmx fxsr sse sse2 ss ht tm pbe syscall nx rdtscp lm constant_tsc arch_perfmon pebs bts rep_good nopl xtopology nonstop_tsc cpuid aperfmperf pni pclmulqdq dtes64 monitor ds_cpl vmx smx est tm2 ssse3 cx16 xtpr pdcm pcid sse4_1 sse4_2 x2apic popcnt tsc_deadline_timer aes xsave avx f16c rdrand lahf_lm cpuid_fault epb pti retpoline tpr_shadow vnmi flexpriority ept vpid fsgsbase smep erms xsaveopt dtherm ida arat pln pts
bugs		: cpu_meltdown spectre_v1 spectre_v2
bogomips	: 5187.75
clflush size	: 64
cache_alignment	: 64
address sizes	: 36 bits physical, 48 bits virtual
power management:

processor	: 1
vendor_id	: GenuineIntel
cpu family	: 6
model		: 58
model name	: Intel(R) Core(TM) i5-3320M CPU @ 2.60GHz
stepping	: 9
microcode	: 0x1c
cpu MHz		: 2593.878
cache size	: 3072 KB
physical id	: 0
siblings	: 4
core id		: 0
cpu cores	: 2
apicid		: 1
initial apicid	: 1
fpu		: yes
fpu_exception	: yes
cpuid level	: 13
wp		: yes
flags		: fpu vme de pse tsc msr pae mce cx8 apic sep mtrr pge mca cmov pat pse36 clflush dts acpi mmx fxsr sse sse2 ss ht tm pbe syscall nx rdtscp lm constant_tsc arch_perfmon pebs bts rep_good nopl xtopology nonstop_tsc cpuid aperfmperf pni pclmulqdq dtes64 monitor ds_cpl vmx smx est tm2 ssse3 cx16 xtpr pdcm pcid sse4_1 sse4_2 x2apic popcnt tsc_deadline_timer aes xsave avx f16c rdrand lahf_lm cpuid_fault epb pti retpoline tpr_shadow vnmi flexpriority ept vpid fsgsbase smep erms xsaveopt dtherm ida arat pln pts
bugs		: cpu_meltdown spectre_v1 spectre_v2
bogomips	: 5187.75
clflush size	: 64
cache_alignment	: 64
address sizes	: 36 bits physical, 48 bits virtual
power management:

processor	: 2
vendor_id	: GenuineIntel
cpu family	: 6
model		: 58
model name	: Intel(R) Core(TM) i5-3320M CPU @ 2.60GHz
stepping	: 9
microcode	: 0x1c
cpu MHz		: 2593.878
cache size	: 3072 KB
physical id	: 0
siblings	: 4
core id		: 1
cpu cores	: 2
apicid		: 2
initial apicid	: 2
fpu		: yes
fpu_exception	: yes
cpuid level	: 13
wp		: yes
flags		: fpu vme de pse tsc msr pae mce cx8 apic sep mtrr pge mca cmov pat pse36 clflush dts acpi mmx fxsr sse sse2 ss ht tm pbe syscall nx rdtscp lm constant_tsc arch_perfmon pebs bts rep_good nopl xtopology nonstop_tsc cpuid aperfmperf pni pclmulqdq dtes64 monitor ds_cpl vmx smx est tm2 ssse3 cx16 xtpr pdcm pcid sse4_1 sse4_2 x2apic popcnt tsc_deadline_timer aes xsave avx f16c rdrand lahf_lm cpuid_fault epb pti retpoline tpr_shadow vnmi flexpriority ept vpid fsgsbase smep erms xsaveopt dtherm ida arat pln pts
bugs		: cpu_meltdown spectre_v1 spectre_v2
bogomips	: 5187.75
clflush size	: 64
cache_alignment	: 64
address sizes	: 36 bits physical, 48 bits virtual
power management:

processor	: 3
vendor_id	: GenuineIntel
cpu family	: 6
model		: 58
model name	: Intel(R) Core(TM) i5-3320M CPU @ 2.60GHz
stepping	: 9
microcode	: 0x1c
cpu MHz		: 2593.878
cache size	: 3072 KB
physical id	: 0
siblings	: 4
core id		: 1
cpu cores	: 2
apicid		: 3
initial apicid	: 3
fpu		: yes
fpu_exception	: yes
cpuid level	: 13
wp		: yes
flags		: fpu vme de pse tsc msr pae mce cx8 apic sep mtrr pge mca cmov pat pse36 clflush dts acpi mmx fxsr sse sse2 ss ht tm pbe syscall nx rdtscp lm constant_tsc arch_perfmon pebs bts rep_good nopl xtopology nonstop_tsc cpuid aperfmperf pni pclmulqdq dtes64 monitor ds_cpl vmx smx est tm2 ssse3 cx16 xtpr pdcm pcid sse4_1 sse4_2 x2apic popcnt tsc_deadline_timer aes xsave avx f16c rdrand lahf_lm cpuid_fault epb pti retpoline tpr_shadow vnmi flexpriority ept vpid fsgsbase smep erms xsaveopt dtherm ida arat pln pts
bugs		: cpu_meltdown spectre_v1 spectre_v2
bogomips	: 5187.75
clflush size	: 64
cache_alignment	: 64
address sizes	: 36 bits physical, 48 bits virtual
power management:



Memory: 4k page, physical 3713576k(84000k free), swap 1976616k(0k free)

vm_info: Java HotSpot(TM) 64-Bit Server VM (25.161-b12) for linux-amd64 JRE (1.8.0_161-b12), built on Dec 19 2017 16:12:43 by "java_re" with gcc 4.3.0 20080428 (Red Hat 4.3.0-8)

time: Thu Mar 22 22:52:14 2018
elapsed time: 1951 seconds (0d 0h 32m 31s)

