#
# There is insufficient memory for the Java Runtime Environment to continue.
# Native memory allocation (mmap) failed to map 38797312 bytes for committing reserved memory.
# Possible reasons:
#   The system is out of physical RAM or swap space
#   In 32 bit mode, the process size limit was hit
# Possible solutions:
#   Reduce memory load on the system
#   Increase physical memory or swap space
#   Check if swap backing store is full
#   Use 64 bit Java on a 64 bit OS
#   Decrease Java heap size (-Xmx/-Xms)
#   Decrease number of Java threads
#   Decrease Java thread stack sizes (-Xss)
#   Set larger code cache with -XX:ReservedCodeCacheSize=
# This output file may be truncated or incomplete.
#
#  Out of Memory Error (os_linux.cpp:2640), pid=22961, tid=0x00007f1ba09f9700
#
# JRE version: Java(TM) SE Runtime Environment (8.0_161-b12) (build 1.8.0_161-b12)
# Java VM: Java HotSpot(TM) 64-Bit Server VM (25.161-b12 mixed mode linux-amd64 compressed oops)
# Failed to write core dump. Core dumps have been disabled. To enable core dumping, try "ulimit -c unlimited" before starting Java again
#

---------------  T H R E A D  ---------------

Current thread (0x00007f1bb0079000):  VMThread [stack: 0x00007f1ba08f9000,0x00007f1ba09fa000] [id=22970]

Stack: [0x00007f1ba08f9000,0x00007f1ba09fa000],  sp=0x00007f1ba09f8050,  free space=1020k
Native frames: (J=compiled Java code, j=interpreted, Vv=VM code, C=native code)
V  [libjvm.so+0xacf94a]  VMError::report_and_die()+0x2ba
V  [libjvm.so+0x50050b]  report_vm_out_of_memory(char const*, int, unsigned long, VMErrorType, char const*)+0x8b
V  [libjvm.so+0x92b133]  os::Linux::commit_memory_impl(char*, unsigned long, bool)+0x103
V  [libjvm.so+0x92b5c9]  os::pd_commit_memory(char*, unsigned long, unsigned long, bool)+0x29
V  [libjvm.so+0x924c0a]  os::commit_memory(char*, unsigned long, unsigned long, bool)+0x2a
V  [libjvm.so+0x99ab53]  PSVirtualSpace::expand_by(unsigned long)+0x53
V  [libjvm.so+0x99bf58]  PSYoungGen::resize_generation(unsigned long, unsigned long)+0xf8
V  [libjvm.so+0x99b0b2]  PSYoungGen::resize(unsigned long, unsigned long)+0x22
V  [libjvm.so+0x99838b]  PSScavenge::invoke_no_policy()+0xf3b
V  [libjvm.so+0x998b11]  PSScavenge::invoke()+0x41
V  [libjvm.so+0x94f5a0]  ParallelScavengeHeap::failed_mem_allocate(unsigned long)+0x70
V  [libjvm.so+0xad13c7]  VM_ParallelGCFailedAllocation::doit()+0x97
V  [libjvm.so+0xad8ed5]  VM_Operation::evaluate()+0x55
V  [libjvm.so+0xad729a]  VMThread::evaluate_operation(VM_Operation*)+0xba
V  [libjvm.so+0xad761e]  VMThread::loop()+0x1ce
V  [libjvm.so+0xad7a90]  VMThread::run()+0x70
V  [libjvm.so+0x92da28]  java_start(Thread*)+0x108

VM_Operation (0x00007f1b4d4663c0): ParallelGCFailedAllocation, mode: safepoint, requested by thread 0x00007f1b54080800


---------------  P R O C E S S  ---------------

Java Threads: ( => current thread )
  0x00007f1b6c00c800 JavaThread "Classloader cache reference queue poller" daemon [_thread_blocked, id=25605, stack(0x00007f1b4e071000,0x00007f1b4e172000)]
  0x00007f1b6c007800 JavaThread "Build operations Thread 4" [_thread_blocked, id=25604, stack(0x00007f1b4e172000,0x00007f1b4e273000)]
  0x00007f1b6c006800 JavaThread "Build operations Thread 3" [_thread_blocked, id=25603, stack(0x00007f1b4d16a000,0x00007f1b4d26b000)]
  0x00007f1b540ac800 JavaThread "Task worker for ':' Thread 3" [_thread_blocked, id=25602, stack(0x00007f1b4dc6d000,0x00007f1b4dd6e000)]
  0x00007f1b540ac000 JavaThread "Task worker for ':' Thread 2" [_thread_blocked, id=25601, stack(0x00007f1b4e374000,0x00007f1b4e475000)]
  0x00007f1b54080800 JavaThread "Task worker for ':'" [_thread_blocked, id=25600, stack(0x00007f1b4d36c000,0x00007f1b4d46d000)]
  0x00007f1b5407f800 JavaThread "Cache worker for Build Output Cleanup Cache (/home/dato/Desktop/Gruppe-11/.gradle/buildOutputCleanup)" [_thread_blocked, id=25599, stack(0x00007f1b4e273000,0x00007f1b4e374000)]
  0x00007f1b5401b000 JavaThread "Cache worker for task history cache (/home/dato/Desktop/Gruppe-11/.gradle/4.6/taskHistory)" [_thread_blocked, id=25598, stack(0x00007f1b4de6f000,0x00007f1b4df70000)]
  0x00007f1b54082000 JavaThread "Cache worker for file content cache (/home/dato/Desktop/Gruppe-11/.gradle/4.6/fileContent)" [_thread_blocked, id=25597, stack(0x00007f1b4ea75000,0x00007f1b4eb76000)]
  0x00007f1b5400d000 JavaThread "Build operations Thread 2" [_thread_blocked, id=25596, stack(0x00007f1b4dd6e000,0x00007f1b4de6f000)]
  0x00007f1b54002800 JavaThread "Build operations" [_thread_blocked, id=25595, stack(0x00007f1b4d26b000,0x00007f1b4d36c000)]
  0x00007f1b54004800 JavaThread "Cache worker for Artifact transforms cache (/home/dato/.gradle/caches/transforms-1)" [_thread_blocked, id=25593, stack(0x00007f1b4f6fb000,0x00007f1b4f7fc000)]
  0x00007f1b54005800 JavaThread "Cache worker for file hash cache (/home/dato/Desktop/Gruppe-11/.gradle/4.6/fileHashes)" [_thread_blocked, id=25591, stack(0x00007f1b4fbfe000,0x00007f1b4fcff000)]
  0x00007f1b54153000 JavaThread "Stdin handler" [_thread_blocked, id=25590, stack(0x00007f1b4df70000,0x00007f1b4e071000)]
  0x00007f1b54008800 JavaThread "Asynchronous log dispatcher for DefaultDaemonConnection: socket connection from /0:0:0:0:0:0:0:1:41357 to /0:0:0:0:0:0:0:1:51916" [_thread_blocked, id=25589, stack(0x00007f1b4fcff000,0x00007f1b4fe00000)]
  0x00007f1b5c003800 JavaThread "Cancel handler" [_thread_blocked, id=25588, stack(0x00007f1b90227000,0x00007f1b90328000)]
  0x00007f1b5c00a000 JavaThread "Handler for socket connection from /0:0:0:0:0:0:0:1:41357 to /0:0:0:0:0:0:0:1:51916" [_thread_in_native, id=25587, stack(0x00007f1b90025000,0x00007f1b90126000)]
  0x00007f1b5c00d800 JavaThread "Daemon worker Thread 2" [_thread_blocked, id=25519, stack(0x00007f1b90126000,0x00007f1b90227000)]
  0x00007f1b64032800 JavaThread "Daemon Thread 2" [_thread_blocked, id=25516, stack(0x00007f1b90328000,0x00007f1b90429000)]
  0x00007f1b49205800 JavaThread "Memory manager" [_thread_blocked, id=22993, stack(0x00007f1b4eb76000,0x00007f1b4ec77000)]
  0x00007f1b48280800 JavaThread "File lock request listener" [_thread_in_native, id=22991, stack(0x00007f1b4f9fc000,0x00007f1b4fafd000)]
  0x00007f1b48132000 JavaThread "Cache worker for file hash cache (/home/dato/.gradle/caches/4.6/fileHashes)" [_thread_blocked, id=22990, stack(0x00007f1b4fafd000,0x00007f1b4fbfe000)]
  0x00007f1bb0f4e800 JavaThread "Daemon periodic checks" [_thread_blocked, id=22981, stack(0x00007f1b90429000,0x00007f1b9052a000)]
  0x00007f1bb0f29000 JavaThread "Incoming local TCP Connector on port 41357" [_thread_in_native, id=22980, stack(0x00007f1b90531000,0x00007f1b90632000)]
  0x00007f1bb0ed0800 JavaThread "Daemon health stats" [_thread_blocked, id=22979, stack(0x00007f1b90837000,0x00007f1b90938000)]
  0x00007f1bb00ca800 JavaThread "Service Thread" daemon [_thread_blocked, id=22977, stack(0x00007f1b91dfe000,0x00007f1b91eff000)]
  0x00007f1bb00bf800 JavaThread "C1 CompilerThread2" daemon [_thread_blocked, id=22976, stack(0x00007f1b91eff000,0x00007f1b92000000)]
  0x00007f1bb00bd800 JavaThread "C2 CompilerThread1" daemon [_thread_blocked, id=22975, stack(0x00007f1ba00c6000,0x00007f1ba01c7000)]
  0x00007f1bb00ba800 JavaThread "C2 CompilerThread0" daemon [_thread_blocked, id=22974, stack(0x00007f1ba01c7000,0x00007f1ba02c8000)]
  0x00007f1bb00b9800 JavaThread "Signal Dispatcher" daemon [_thread_blocked, id=22973, stack(0x00007f1ba02c8000,0x00007f1ba03c9000)]
  0x00007f1bb0085800 JavaThread "Finalizer" daemon [_thread_blocked, id=22972, stack(0x00007f1ba06f7000,0x00007f1ba07f8000)]
  0x00007f1bb0081000 JavaThread "Reference Handler" daemon [_thread_blocked, id=22971, stack(0x00007f1ba07f8000,0x00007f1ba08f9000)]
  0x00007f1bb000b000 JavaThread "main" [_thread_blocked, id=22963, stack(0x00007f1bb90bb000,0x00007f1bb91bc000)]

Other Threads:
=>0x00007f1bb0079000 VMThread [stack: 0x00007f1ba08f9000,0x00007f1ba09fa000] [id=22970]
  0x00007f1bb00cf800 WatcherThread [stack: 0x00007f1b91cfd000,0x00007f1b91dfe000] [id=22978]

VM state:at safepoint (normal execution)

VM Mutex/Monitor currently owned by a thread:  ([mutex/lock_event])
[0x00007f1bb0007a90] Threads_lock - owner thread: 0x00007f1bb0079000
[0x00007f1bb0007f90] Heap_lock - owner thread: 0x00007f1b54080800

Heap:
 PSYoungGen      total 196096K, used 15335K [0x00000000eab00000, 0x00000000f8100000, 0x0000000100000000)
  eden space 180736K, 0% used [0x00000000eab00000,0x00000000eab00000,0x00000000f5b80000)
  from space 15360K, 99% used [0x00000000f5b80000,0x00000000f6a79f80,0x00000000f6a80000)
  to   space 14848K, 0% used [0x00000000f6a80000,0x00000000f6a80000,0x00000000f7900000)
 ParOldGen       total 90112K, used 37005K [0x00000000c0000000, 0x00000000c5800000, 0x00000000eab00000)
  object space 90112K, 41% used [0x00000000c0000000,0x00000000c2423768,0x00000000c5800000)
 Metaspace       used 74038K, capacity 75642K, committed 76032K, reserved 1116160K
  class space    used 9404K, capacity 9888K, committed 9984K, reserved 1048576K

Card table byte_map: [0x00007f1bb5be2000,0x00007f1bb5de3000] byte_map_base: 0x00007f1bb55e2000

Marking Bits: (ParMarkBitMap*) 0x00007f1bb8568920
 Begin Bits: [0x00007f1b92000000, 0x00007f1b93000000)
 End Bits:   [0x00007f1b93000000, 0x00007f1b94000000)

Polling page: 0x00007f1bb91d5000

CodeCache: size=245760Kb used=36242Kb max_used=36242Kb free=209517Kb
 bounds [0x00007f1ba1000000, 0x00007f1ba3390000, 0x00007f1bb0000000]
 total_blobs=11113 nmethods=10336 adapters=690
 compilation: enabled

Compilation events (10 events):
Event: 525.721 Thread 0x00007f1bb00bf800 12032       2       com.puppycrawl.tools.checkstyle.utils.JavadocUtils::isCorrectJavadocPosition (62 bytes)
Event: 525.724 Thread 0x00007f1bb00bf800 nmethod 12032 0x00007f1ba3384b90 code [0x00007f1ba3384dc0, 0x00007f1ba33852b8]
Event: 525.724 Thread 0x00007f1bb00bf800 12034 %     3       org.antlr.v4.runtime.misc.FlexibleHashMap::expand @ 61 (151 bytes)
Event: 525.725 Thread 0x00007f1bb00bf800 nmethod 12034% 0x00007f1ba33855d0 code [0x00007f1ba3385800, 0x00007f1ba33863f8]
Event: 525.725 Thread 0x00007f1bb00bf800 12035 %     3       com.puppycrawl.tools.checkstyle.checks.javadoc.AbstractJavadocCheck::walk @ 27 (83 bytes)
Event: 525.727 Thread 0x00007f1bb00bf800 nmethod 12035% 0x00007f1ba3386990 code [0x00007f1ba3386c40, 0x00007f1ba3387e78]
Event: 525.727 Thread 0x00007f1bb00bf800 12033       2       org.antlr.v4.runtime.atn.ParserATNSimulator::predTransition (157 bytes)
Event: 525.728 Thread 0x00007f1bb00bf800 nmethod 12033 0x00007f1ba3388910 code [0x00007f1ba3388b00, 0x00007f1ba33890b8]
Event: 525.728 Thread 0x00007f1bb00bf800 12036       2       com.puppycrawl.tools.checkstyle.utils.JavadocUtils::getPreviousSibling (37 bytes)
Event: 525.728 Thread 0x00007f1bb00bf800 nmethod 12036 0x00007f1ba3389510 code [0x00007f1ba33896a0, 0x00007f1ba3389968]

GC Heap History (10 events):
Event: 10.318 GC heap after
Heap after GC invocations=13 (full 2):
 PSYoungGen      total 133120K, used 12790K [0x00000000eab00000, 0x00000000f5e00000, 0x0000000100000000)
  eden space 120320K, 0% used [0x00000000eab00000,0x00000000eab00000,0x00000000f2080000)
  from space 12800K, 99% used [0x00000000f2080000,0x00000000f2cfd940,0x00000000f2d00000)
  to   space 15872K, 0% used [0x00000000f4e80000,0x00000000f4e80000,0x00000000f5e00000)
 ParOldGen       total 61440K, used 24511K [0x00000000c0000000, 0x00000000c3c00000, 0x00000000eab00000)
  object space 61440K, 39% used [0x00000000c0000000,0x00000000c17efc20,0x00000000c3c00000)
 Metaspace       used 47807K, capacity 48478K, committed 48896K, reserved 1091584K
  class space    used 6599K, capacity 6824K, committed 6912K, reserved 1048576K
}
Event: 12.277 GC heap before
{Heap before GC invocations=14 (full 2):
 PSYoungGen      total 133120K, used 133110K [0x00000000eab00000, 0x00000000f5e00000, 0x0000000100000000)
  eden space 120320K, 100% used [0x00000000eab00000,0x00000000f2080000,0x00000000f2080000)
  from space 12800K, 99% used [0x00000000f2080000,0x00000000f2cfd940,0x00000000f2d00000)
  to   space 15872K, 0% used [0x00000000f4e80000,0x00000000f4e80000,0x00000000f5e00000)
 ParOldGen       total 61440K, used 24511K [0x00000000c0000000, 0x00000000c3c00000, 0x00000000eab00000)
  object space 61440K, 39% used [0x00000000c0000000,0x00000000c17efc20,0x00000000c3c00000)
 Metaspace       used 52509K, capacity 53314K, committed 53760K, reserved 1095680K
  class space    used 7126K, capacity 7394K, committed 7424K, reserved 1048576K
Event: 12.299 GC heap after
Heap after GC invocations=14 (full 2):
 PSYoungGen      total 162304K, used 5908K [0x00000000eab00000, 0x00000000f5a80000, 0x0000000100000000)
  eden space 150016K, 0% used [0x00000000eab00000,0x00000000eab00000,0x00000000f3d80000)
  from space 12288K, 48% used [0x00000000f4e80000,0x00000000f5445150,0x00000000f5a80000)
  to   space 14848K, 0% used [0x00000000f3d80000,0x00000000f3d80000,0x00000000f4c00000)
 ParOldGen       total 61440K, used 34397K [0x00000000c0000000, 0x00000000c3c00000, 0x00000000eab00000)
  object space 61440K, 55% used [0x00000000c0000000,0x00000000c2197550,0x00000000c3c00000)
 Metaspace       used 52509K, capacity 53314K, committed 53760K, reserved 1095680K
  class space    used 7126K, capacity 7394K, committed 7424K, reserved 1048576K
}
Event: 496.338 GC heap before
{Heap before GC invocations=15 (full 2):
 PSYoungGen      total 162304K, used 126729K [0x00000000eab00000, 0x00000000f5a80000, 0x0000000100000000)
  eden space 150016K, 80% used [0x00000000eab00000,0x00000000f20fd398,0x00000000f3d80000)
  from space 12288K, 48% used [0x00000000f4e80000,0x00000000f5445150,0x00000000f5a80000)
  to   space 14848K, 0% used [0x00000000f3d80000,0x00000000f3d80000,0x00000000f4c00000)
 ParOldGen       total 61440K, used 34397K [0x00000000c0000000, 0x00000000c3c00000, 0x00000000eab00000)
  object space 61440K, 55% used [0x00000000c0000000,0x00000000c2197550,0x00000000c3c00000)
 Metaspace       used 57840K, capacity 58878K, committed 59096K, reserved 1099776K
  class space    used 7703K, capacity 8010K, committed 8064K, reserved 1048576K
Event: 496.349 GC heap after
Heap after GC invocations=15 (full 2):
 PSYoungGen      total 164864K, used 8623K [0x00000000eab00000, 0x00000000f7900000, 0x0000000100000000)
  eden space 150016K, 0% used [0x00000000eab00000,0x00000000eab00000,0x00000000f3d80000)
  from space 14848K, 58% used [0x00000000f3d80000,0x00000000f45ebd38,0x00000000f4c00000)
  to   space 14848K, 0% used [0x00000000f6a80000,0x00000000f6a80000,0x00000000f7900000)
 ParOldGen       total 61440K, used 34405K [0x00000000c0000000, 0x00000000c3c00000, 0x00000000eab00000)
  object space 61440K, 55% used [0x00000000c0000000,0x00000000c2199550,0x00000000c3c00000)
 Metaspace       used 57840K, capacity 58878K, committed 59096K, reserved 1099776K
  class space    used 7703K, capacity 8010K, committed 8064K, reserved 1048576K
}
Event: 496.349 GC heap before
{Heap before GC invocations=16 (full 3):
 PSYoungGen      total 164864K, used 8623K [0x00000000eab00000, 0x00000000f7900000, 0x0000000100000000)
  eden space 150016K, 0% used [0x00000000eab00000,0x00000000eab00000,0x00000000f3d80000)
  from space 14848K, 58% used [0x00000000f3d80000,0x00000000f45ebd38,0x00000000f4c00000)
  to   space 14848K, 0% used [0x00000000f6a80000,0x00000000f6a80000,0x00000000f7900000)
 ParOldGen       total 61440K, used 34405K [0x00000000c0000000, 0x00000000c3c00000, 0x00000000eab00000)
  object space 61440K, 55% used [0x00000000c0000000,0x00000000c2199550,0x00000000c3c00000)
 Metaspace       used 57840K, capacity 58878K, committed 59096K, reserved 1099776K
  class space    used 7703K, capacity 8010K, committed 8064K, reserved 1048576K
Event: 496.554 GC heap after
Heap after GC invocations=16 (full 3):
 PSYoungGen      total 164864K, used 0K [0x00000000eab00000, 0x00000000f7900000, 0x0000000100000000)
  eden space 150016K, 0% used [0x00000000eab00000,0x00000000eab00000,0x00000000f3d80000)
  from space 14848K, 0% used [0x00000000f3d80000,0x00000000f3d80000,0x00000000f4c00000)
  to   space 14848K, 0% used [0x00000000f6a80000,0x00000000f6a80000,0x00000000f7900000)
 ParOldGen       total 90112K, used 35065K [0x00000000c0000000, 0x00000000c5800000, 0x00000000eab00000)
  object space 90112K, 38% used [0x00000000c0000000,0x00000000c223e7c0,0x00000000c5800000)
 Metaspace       used 57805K, capacity 58782K, committed 59096K, reserved 1099776K
  class space    used 7697K, capacity 8004K, committed 8064K, reserved 1048576K
}
Event: 498.801 GC heap before
{Heap before GC invocations=17 (full 3):
 PSYoungGen      total 164864K, used 150016K [0x00000000eab00000, 0x00000000f7900000, 0x0000000100000000)
  eden space 150016K, 100% used [0x00000000eab00000,0x00000000f3d80000,0x00000000f3d80000)
  from space 14848K, 0% used [0x00000000f3d80000,0x00000000f3d80000,0x00000000f4c00000)
  to   space 14848K, 0% used [0x00000000f6a80000,0x00000000f6a80000,0x00000000f7900000)
 ParOldGen       total 90112K, used 35065K [0x00000000c0000000, 0x00000000c5800000, 0x00000000eab00000)
  object space 90112K, 38% used [0x00000000c0000000,0x00000000c223e7c0,0x00000000c5800000)
 Metaspace       used 65339K, capacity 66552K, committed 67072K, reserved 1107968K
  class space    used 8484K, capacity 8863K, committed 8960K, reserved 1048576K
Event: 498.826 GC heap after
Heap after GC invocations=17 (full 3):
 PSYoungGen      total 195584K, used 10292K [0x00000000eab00000, 0x00000000f8100000, 0x0000000100000000)
  eden space 180736K, 0% used [0x00000000eab00000,0x00000000eab00000,0x00000000f5b80000)
  from space 14848K, 69% used [0x00000000f6a80000,0x00000000f748d348,0x00000000f7900000)
  to   space 15360K, 0% used [0x00000000f5b80000,0x00000000f5b80000,0x00000000f6a80000)
 ParOldGen       total 90112K, used 35073K [0x00000000c0000000, 0x00000000c5800000, 0x00000000eab00000)
  object space 90112K, 38% used [0x00000000c0000000,0x00000000c22407c0,0x00000000c5800000)
 Metaspace       used 65339K, capacity 66552K, committed 67072K, reserved 1107968K
  class space    used 8484K, capacity 8863K, committed 8960K, reserved 1048576K
}
Event: 525.738 GC heap before
{Heap before GC invocations=18 (full 3):
 PSYoungGen      total 195584K, used 191028K [0x00000000eab00000, 0x00000000f8100000, 0x0000000100000000)
  eden space 180736K, 100% used [0x00000000eab00000,0x00000000f5b80000,0x00000000f5b80000)
  from space 14848K, 69% used [0x00000000f6a80000,0x00000000f748d348,0x00000000f7900000)
  to   space 15360K, 0% used [0x00000000f5b80000,0x00000000f5b80000,0x00000000f6a80000)
 ParOldGen       total 90112K, used 35073K [0x00000000c0000000, 0x00000000c5800000, 0x00000000eab00000)
  object space 90112K, 38% used [0x00000000c0000000,0x00000000c22407c0,0x00000000c5800000)
 Metaspace       used 74038K, capacity 75642K, committed 76032K, reserved 1116160K
  class space    used 9404K, capacity 9888K, committed 9984K, reserved 1048576K

Deoptimization events (10 events):
Event: 524.737 Thread 0x00007f1b54080800 Uncommon trap: reason=class_check action=maybe_recompile pc=0x00007f1ba3109110 method=java.lang.reflect.Array.newInstance(Ljava/lang/Class;I)Ljava/lang/Object; @ 2
Event: 524.737 Thread 0x00007f1b54080800 Uncommon trap: reason=class_check action=maybe_recompile pc=0x00007f1ba3109110 method=java.lang.reflect.Array.newInstance(Ljava/lang/Class;I)Ljava/lang/Object; @ 2
Event: 524.737 Thread 0x00007f1b54080800 Uncommon trap: reason=class_check action=maybe_recompile pc=0x00007f1ba3109110 method=java.lang.reflect.Array.newInstance(Ljava/lang/Class;I)Ljava/lang/Object; @ 2
Event: 524.737 Thread 0x00007f1b54080800 Uncommon trap: reason=class_check action=maybe_recompile pc=0x00007f1ba3109110 method=java.lang.reflect.Array.newInstance(Ljava/lang/Class;I)Ljava/lang/Object; @ 2
Event: 525.450 Thread 0x00007f1b54080800 Uncommon trap: reason=array_check action=maybe_recompile pc=0x00007f1ba328e270 method=org.antlr.v4.runtime.misc.Array2DHashSet.getOrAddImpl(Ljava/lang/Object;)Ljava/lang/Object; @ 36
Event: 525.450 Thread 0x00007f1b54080800 Uncommon trap: reason=array_check action=maybe_recompile pc=0x00007f1ba32917b4 method=org.antlr.v4.runtime.misc.Array2DHashSet.getOrAddImpl(Ljava/lang/Object;)Ljava/lang/Object; @ 36
Event: 525.450 Thread 0x00007f1b54080800 Uncommon trap: reason=array_check action=maybe_recompile pc=0x00007f1ba32917b4 method=org.antlr.v4.runtime.misc.Array2DHashSet.getOrAddImpl(Ljava/lang/Object;)Ljava/lang/Object; @ 36
Event: 525.450 Thread 0x00007f1b54080800 Uncommon trap: reason=array_check action=maybe_recompile pc=0x00007f1ba328e270 method=org.antlr.v4.runtime.misc.Array2DHashSet.getOrAddImpl(Ljava/lang/Object;)Ljava/lang/Object; @ 36
Event: 525.494 Thread 0x00007f1b54080800 Uncommon trap: reason=array_check action=maybe_recompile pc=0x00007f1ba3305924 method=org.antlr.v4.runtime.misc.Array2DHashSet.getOrAddImpl(Ljava/lang/Object;)Ljava/lang/Object; @ 36
Event: 525.494 Thread 0x00007f1b54080800 Uncommon trap: reason=array_check action=maybe_recompile pc=0x00007f1ba3308ec8 method=org.antlr.v4.runtime.misc.Array2DHashSet.getOrAddImpl(Ljava/lang/Object;)Ljava/lang/Object; @ 36

Classes redefined (0 events):
No events

Internal exceptions (10 events):
Event: 524.784 Thread 0x00007f1b54080800 Exception <a 'java/lang/ClassNotFoundException': com/puppycrawl/tools/checkstyle/checks/javadoc/AbstractTypeAwareCheckCustomizer> (0x00000000f2e27af8) thrown at [/HUDSON/workspace/8-2-build-linux-amd64/jdk8u161/10277/hotspot/src/share/vm/classfile/systemD
Event: 524.784 Thread 0x00007f1b54080800 Exception <a 'java/lang/ClassNotFoundException': com/puppycrawl/tools/checkstyle/checks/javadoc/JavadocMethodCheckCustomizer> (0x00000000f2e3ec70) thrown at [/HUDSON/workspace/8-2-build-linux-amd64/jdk8u161/10277/hotspot/src/share/vm/classfile/systemDicti
Event: 524.791 Thread 0x00007f1b54080800 Exception <a 'java/lang/ClassNotFoundException': com/puppycrawl/tools/checkstyle/checks/naming/MethodNameCheckBeanInfo> (0x00000000f2faa540) thrown at [/HUDSON/workspace/8-2-build-linux-amd64/jdk8u161/10277/hotspot/src/share/vm/classfile/systemDictionary.
Event: 524.791 Thread 0x00007f1b54080800 Exception <a 'java/lang/ClassNotFoundException': com/puppycrawl/tools/checkstyle/checks/naming/MethodNameCheckCustomizer> (0x00000000f2fb45b8) thrown at [/HUDSON/workspace/8-2-build-linux-amd64/jdk8u161/10277/hotspot/src/share/vm/classfile/systemDictionar
Event: 524.795 Thread 0x00007f1b54080800 Exception <a 'java/lang/ClassNotFoundException': com/puppycrawl/tools/checkstyle/checks/javadoc/SingleLineJavadocCheckBeanInfo> (0x00000000f3055930) thrown at [/HUDSON/workspace/8-2-build-linux-amd64/jdk8u161/10277/hotspot/src/share/vm/classfile/systemDic
Event: 524.795 Thread 0x00007f1b54080800 Exception <a 'java/lang/ClassNotFoundException': com/puppycrawl/tools/checkstyle/checks/javadoc/SingleLineJavadocCheckCustomizer> (0x00000000f3060078) thrown at [/HUDSON/workspace/8-2-build-linux-amd64/jdk8u161/10277/hotspot/src/share/vm/classfile/systemD
Event: 524.800 Thread 0x00007f1b54080800 Exception <a 'java/lang/ClassNotFoundException': com/puppycrawl/tools/checkstyle/checks/blocks/EmptyCatchBlockCheckBeanInfo> (0x00000000f31030f0) thrown at [/HUDSON/workspace/8-2-build-linux-amd64/jdk8u161/10277/hotspot/src/share/vm/classfile/systemDictio
Event: 524.801 Thread 0x00007f1b54080800 Exception <a 'java/lang/ClassNotFoundException': com/puppycrawl/tools/checkstyle/checks/blocks/EmptyCatchBlockCheckCustomizer> (0x00000000f310d590) thrown at [/HUDSON/workspace/8-2-build-linux-amd64/jdk8u161/10277/hotspot/src/share/vm/classfile/systemDict
Event: 524.812 Thread 0x00007f1b54080800 Exception <a 'java/lang/ClassNotFoundException': com/puppycrawl/tools/checkstyle/checks/indentation/CommentsIndentationCheckBeanInfo> (0x00000000f31b50a0) thrown at [/HUDSON/workspace/8-2-build-linux-amd64/jdk8u161/10277/hotspot/src/share/vm/classfile/sys
Event: 524.812 Thread 0x00007f1b54080800 Exception <a 'java/lang/ClassNotFoundException': com/puppycrawl/tools/checkstyle/checks/indentation/CommentsIndentationCheckCustomizer> (0x00000000f31bfd88) thrown at [/HUDSON/workspace/8-2-build-linux-amd64/jdk8u161/10277/hotspot/src/share/vm/classfile/s

Events (10 events):
Event: 525.708 loading class antlr/CommonHiddenStreamToken done
Event: 525.708 loading class com/puppycrawl/tools/checkstyle/api/DetailAST
Event: 525.708 loading class com/puppycrawl/tools/checkstyle/api/DetailAST done
Event: 525.727 loading class antlr/CommonToken
Event: 525.727 loading class antlr/CommonToken done
Event: 525.728 loading class antlr/CommonHiddenStreamToken
Event: 525.728 loading class antlr/CommonHiddenStreamToken done
Event: 525.728 loading class com/puppycrawl/tools/checkstyle/api/DetailAST
Event: 525.728 loading class com/puppycrawl/tools/checkstyle/api/DetailAST done
Event: 525.737 Executing VM operation: ParallelGCFailedAllocation


Dynamic libraries:
00400000-00401000 r-xp 00000000 08:05 407871                             /usr/lib/jvm/java-8-oracle/bin/java
00600000-00601000 rw-p 00000000 08:05 407871                             /usr/lib/jvm/java-8-oracle/bin/java
00f6a000-00f8b000 rw-p 00000000 00:00 0                                  [heap]
c0000000-c5800000 rw-p 00000000 00:00 0 
c5800000-eab00000 ---p 00000000 00:00 0 
eab00000-f8100000 rw-p 00000000 00:00 0 
fa600000-100000000 ---p 00000000 00:00 0 
100000000-1009c0000 rw-p 00000000 00:00 0 
1009c0000-140000000 ---p 00000000 00:00 0 
7f1b1c000000-7f1b1c021000 rw-p 00000000 00:00 0 
7f1b1c021000-7f1b20000000 ---p 00000000 00:00 0 
7f1b23400000-7f1b23480000 rw-p 00000000 00:00 0 
7f1b23480000-7f1b23600000 ---p 00000000 00:00 0 
7f1b23600000-7f1b23800000 rw-p 00000000 00:00 0 
7f1b23800000-7f1b23a00000 rw-p 00000000 00:00 0 
7f1b23a00000-7f1b23c00000 rw-p 00000000 00:00 0 
7f1b23c00000-7f1b23e00000 rw-p 00000000 00:00 0 
7f1b23e00000-7f1b24000000 rw-p 00000000 00:00 0 
7f1b24000000-7f1b24021000 rw-p 00000000 00:00 0 
7f1b24021000-7f1b28000000 ---p 00000000 00:00 0 
7f1b28000000-7f1b2897b000 rw-p 00000000 00:00 0 
7f1b2897b000-7f1b2c000000 ---p 00000000 00:00 0 
7f1b2c000000-7f1b2c021000 rw-p 00000000 00:00 0 
7f1b2c021000-7f1b30000000 ---p 00000000 00:00 0 
7f1b30000000-7f1b30021000 rw-p 00000000 00:00 0 
7f1b30021000-7f1b34000000 ---p 00000000 00:00 0 
7f1b34000000-7f1b34021000 rw-p 00000000 00:00 0 
7f1b34021000-7f1b38000000 ---p 00000000 00:00 0 
7f1b38000000-7f1b38021000 rw-p 00000000 00:00 0 
7f1b38021000-7f1b3c000000 ---p 00000000 00:00 0 
7f1b3c000000-7f1b3c021000 rw-p 00000000 00:00 0 
7f1b3c021000-7f1b40000000 ---p 00000000 00:00 0 
7f1b40000000-7f1b40024000 rw-p 00000000 00:00 0 
7f1b40024000-7f1b44000000 ---p 00000000 00:00 0 
7f1b44000000-7f1b44291000 rw-p 00000000 00:00 0 
7f1b44291000-7f1b48000000 ---p 00000000 00:00 0 
7f1b48000000-7f1b4939e000 rw-p 00000000 00:00 0 
7f1b4939e000-7f1b4c000000 ---p 00000000 00:00 0 
7f1b4c0dc000-7f1b4c2dc000 rw-p 00000000 00:00 0 
7f1b4c2dc000-7f1b4c4dc000 rw-p 00000000 00:00 0 
7f1b4c4dc000-7f1b4c6dc000 rw-p 00000000 00:00 0 
7f1b4c6dc000-7f1b4c6e1000 r--s 002f9000 08:05 409483                     /usr/lib/jvm/java-8-oracle/jre/lib/charsets.jar
7f1b4c6e1000-7f1b4c6f4000 r--s 00345000 08:05 409523                     /usr/lib/jvm/java-8-oracle/jre/lib/resources.jar
7f1b4c6f4000-7f1b4c8f4000 rw-p 00000000 00:00 0 
7f1b4c8f4000-7f1b4c8f6000 r--s 00001000 08:05 409545                     /usr/lib/jvm/java-8-oracle/jre/lib/ext/dnsns.jar
7f1b4c8f6000-7f1b4caf6000 rw-p 00000000 00:00 0 
7f1b4caf6000-7f1b4ccf6000 rw-p 00000000 00:00 0 
7f1b4ccf6000-7f1b4cef6000 rw-p 00000000 00:00 0 
7f1b4cef6000-7f1b4d0f6000 rw-p 00000000 00:00 0 
7f1b4d0f6000-7f1b4d103000 r--s 00083000 08:05 1710621                    /home/dato/.gradle/caches/modules-2/files-2.1/commons-collections/commons-collections/3.2.2/8ad72fe39fa8c91eaaf12aadb21e0c3661fe26d5/commons-collections-3.2.2.jar
7f1b4d103000-7f1b4d13a000 r--s 00490000 08:05 1710620                    /home/dato/.gradle/caches/modules-2/files-2.1/net.sf.saxon/Saxon-HE/9.8.0-5/56cfbf27cf8df05f2b76e49069b91348e2124635/Saxon-HE-9.8.0-5.jar
7f1b4d13a000-7f1b4d16a000 r--s 00257000 08:05 1710619                    /home/dato/.gradle/caches/modules-2/files-2.1/com.google.guava/guava/23.2-jre/a1a3e54263d357d2ecadcb3f5e7eb6464c66fe93/guava-23.2-jre.jar
7f1b4d16a000-7f1b4d16d000 ---p 00000000 00:00 0 
7f1b4d16d000-7f1b4d26b000 rw-p 00000000 00:00 0 
7f1b4d26b000-7f1b4d26e000 ---p 00000000 00:00 0 
7f1b4d26e000-7f1b4d36c000 rw-p 00000000 00:00 0 
7f1b4d36c000-7f1b4d36f000 ---p 00000000 00:00 0 
7f1b4d36f000-7f1b4d66d000 rw-p 00000000 00:00 0 
7f1b4d66d000-7f1b4d86d000 rw-p 00000000 00:00 0 
7f1b4d86d000-7f1b4da6d000 rw-p 00000000 00:00 0 
7f1b4da6d000-7f1b4dc6d000 rw-p 00000000 00:00 0 
7f1b4dc6d000-7f1b4dc70000 ---p 00000000 00:00 0 
7f1b4dc70000-7f1b4dd6e000 rw-p 00000000 00:00 0 
7f1b4dd6e000-7f1b4dd71000 ---p 00000000 00:00 0 
7f1b4dd71000-7f1b4de6f000 rw-p 00000000 00:00 0 
7f1b4de6f000-7f1b4de72000 ---p 00000000 00:00 0 
7f1b4de72000-7f1b4df70000 rw-p 00000000 00:00 0 
7f1b4df70000-7f1b4df73000 ---p 00000000 00:00 0 
7f1b4df73000-7f1b4e071000 rw-p 00000000 00:00 0 
7f1b4e071000-7f1b4e074000 ---p 00000000 00:00 0 
7f1b4e074000-7f1b4e172000 rw-p 00000000 00:00 0 
7f1b4e172000-7f1b4e175000 ---p 00000000 00:00 0 
7f1b4e175000-7f1b4e273000 rw-p 00000000 00:00 0 
7f1b4e273000-7f1b4e276000 ---p 00000000 00:00 0 
7f1b4e276000-7f1b4e374000 rw-p 00000000 00:00 0 
7f1b4e374000-7f1b4e377000 ---p 00000000 00:00 0 
7f1b4e377000-7f1b4e675000 rw-p 00000000 00:00 0 
7f1b4e675000-7f1b4e875000 rw-p 00000000 00:00 0 
7f1b4e875000-7f1b4ea75000 rw-p 00000000 00:00 0 
7f1b4ea75000-7f1b4ea78000 ---p 00000000 00:00 0 
7f1b4ea78000-7f1b4eb76000 rw-p 00000000 00:00 0 
7f1b4eb76000-7f1b4eb79000 ---p 00000000 00:00 0 
7f1b4eb79000-7f1b4ee77000 rw-p 00000000 00:00 0 
7f1b4ee77000-7f1b4f077000 rw-p 00000000 00:00 0 
7f1b4f077000-7f1b4f277000 rw-p 00000000 00:00 0 
7f1b4f277000-7f1b4f477000 rw-p 00000000 00:00 0 
7f1b4f478000-7f1b4f47a000 r--s 00001000 08:05 1710624                    /home/dato/.gradle/caches/modules-2/files-2.1/com.google.j2objc/j2objc-annotations/1.1/976d8d30bebc251db406f2bdb3eb01962b5685b3/j2objc-annotations-1.1.jar
7f1b4f47a000-7f1b4f47d000 r--s 00006000 08:05 1710622                    /home/dato/.gradle/caches/modules-2/files-2.1/com.google.code.findbugs/jsr305/1.3.9/40719ea6961c0cb6afaeb6a921eaa1f6afd4cfdf/jsr305-1.3.9.jar
7f1b4f47d000-7f1b4f482000 r--s 00038000 08:05 1710618                    /home/dato/.gradle/caches/modules-2/files-2.1/commons-beanutils/commons-beanutils/1.9.3/c845703de334ddc6b4b3cd26835458cb1cba1f3d/commons-beanutils-1.9.3.jar
7f1b4f482000-7f1b4f682000 rw-p 00000000 00:00 0 
7f1b4f682000-7f1b4f6fb000 r--s 010f9000 08:05 407978                     /usr/lib/jvm/java-8-oracle/lib/tools.jar
7f1b4f6fb000-7f1b4f6fe000 ---p 00000000 00:00 0 
7f1b4f6fe000-7f1b4f9fc000 rw-p 00000000 00:00 0 
7f1b4f9fc000-7f1b4f9ff000 ---p 00000000 00:00 0 
7f1b4f9ff000-7f1b4fafd000 rw-p 00000000 00:00 0 
7f1b4fafd000-7f1b4fb00000 ---p 00000000 00:00 0 
7f1b4fb00000-7f1b4fbfe000 rw-p 00000000 00:00 0 
7f1b4fbfe000-7f1b4fc01000 ---p 00000000 00:00 0 
7f1b4fc01000-7f1b4fcff000 rw-p 00000000 00:00 0 
7f1b4fcff000-7f1b4fd02000 ---p 00000000 00:00 0 
7f1b4fd02000-7f1b50000000 rw-p 00000000 00:00 0 
7f1b50000000-7f1b50027000 rw-p 00000000 00:00 0 
7f1b50027000-7f1b54000000 ---p 00000000 00:00 0 
7f1b54000000-7f1b546a6000 rw-p 00000000 00:00 0 
7f1b546a6000-7f1b58000000 ---p 00000000 00:00 0 
7f1b58000000-7f1b58040000 rw-p 00000000 00:00 0 
7f1b58040000-7f1b5c000000 ---p 00000000 00:00 0 
7f1b5c000000-7f1b5c021000 rw-p 00000000 00:00 0 
7f1b5c021000-7f1b60000000 ---p 00000000 00:00 0 
7f1b60000000-7f1b60021000 rw-p 00000000 00:00 0 
7f1b60021000-7f1b64000000 ---p 00000000 00:00 0 
7f1b64000000-7f1b6406a000 rw-p 00000000 00:00 0 
7f1b6406a000-7f1b68000000 ---p 00000000 00:00 0 
7f1b68000000-7f1b68021000 rw-p 00000000 00:00 0 
7f1b68021000-7f1b6c000000 ---p 00000000 00:00 0 
7f1b6c000000-7f1b6c2ea000 rw-p 00000000 00:00 0 
7f1b6c2ea000-7f1b70000000 ---p 00000000 00:00 0 
7f1b70000000-7f1b71c63000 rw-p 00000000 00:00 0 
7f1b71c63000-7f1b74000000 ---p 00000000 00:00 0 
7f1b74000000-7f1b75299000 rw-p 00000000 00:00 0 
7f1b75299000-7f1b78000000 ---p 00000000 00:00 0 
7f1b78000000-7f1b78021000 rw-p 00000000 00:00 0 
7f1b78021000-7f1b7c000000 ---p 00000000 00:00 0 
7f1b7c000000-7f1b7dc36000 rw-p 00000000 00:00 0 
7f1b7dc36000-7f1b80000000 ---p 00000000 00:00 0 
7f1b80000000-7f1b80021000 rw-p 00000000 00:00 0 
7f1b80021000-7f1b84000000 ---p 00000000 00:00 0 
7f1b84000000-7f1b84021000 rw-p 00000000 00:00 0 
7f1b84021000-7f1b88000000 ---p 00000000 00:00 0 
7f1b88000000-7f1b88372000 rw-p 00000000 00:00 0 
7f1b88372000-7f1b8c000000 ---p 00000000 00:00 0 
7f1b8c000000-7f1b8c021000 rw-p 00000000 00:00 0 
7f1b8c021000-7f1b90000000 ---p 00000000 00:00 0 
7f1b90000000-7f1b90001000 r--s 00000000 08:05 1710625                    /home/dato/.gradle/caches/modules-2/files-2.1/org.codehaus.mojo/animal-sniffer-annotations/1.14/775b7e22fb10026eed3f86e8dc556dfafe35f2d5/animal-sniffer-annotations-1.14.jar
7f1b90001000-7f1b90002000 r--s 00002000 08:05 1710623                    /home/dato/.gradle/caches/modules-2/files-2.1/com.google.errorprone/error_prone_annotations/2.0.18/5f65affce1684999e2f4024983835efc3504012e/error_prone_annotations-2.0.18.jar
7f1b90002000-7f1b90004000 r--s 0000c000 08:05 1710626                    /home/dato/.gradle/caches/modules-2/files-2.1/commons-cli/commons-cli/1.4/c51c00206bb913cd8612b24abd9fa98ae89719b1/commons-cli-1.4.jar
7f1b90004000-7f1b9000a000 r--s 0004c000 08:05 1710617                    /home/dato/.gradle/caches/modules-2/files-2.1/org.antlr/antlr4-runtime/4.7/30b13b7efc55b7feea667691509cf59902375001/antlr4-runtime-4.7.jar
7f1b9000a000-7f1b9000f000 r--s 00068000 08:05 1710615                    /home/dato/.gradle/caches/modules-2/files-2.1/antlr/antlr/2.7.7/83cd2cd674a217ade95a4bb83a8a14f351f48bd0/antlr-2.7.7.jar
7f1b9000f000-7f1b90025000 r--s 0011a000 08:05 1710616                    /home/dato/.gradle/caches/modules-2/files-2.1/com.puppycrawl.tools/checkstyle/8.5/190657f4ae7c6e3a35a9855981897ff80703f33/checkstyle-8.5.jar
7f1b90025000-7f1b90028000 ---p 00000000 00:00 0 
7f1b90028000-7f1b90126000 rw-p 00000000 00:00 0 
7f1b90126000-7f1b90129000 ---p 00000000 00:00 0 
7f1b90129000-7f1b90227000 rw-p 00000000 00:00 0 
7f1b90227000-7f1b9022a000 ---p 00000000 00:00 0 
7f1b9022a000-7f1b90328000 rw-p 00000000 00:00 0 
7f1b90328000-7f1b9032b000 ---p 00000000 00:00 0 
7f1b9032b000-7f1b90429000 rw-p 00000000 00:00 0 
7f1b90429000-7f1b9042c000 ---p 00000000 00:00 0 
7f1b9042c000-7f1b9052a000 rw-p 00000000 00:00 0 
7f1b9052a000-7f1b90531000 r--s 00000000 08:05 403702                     /usr/lib/x86_64-linux-gnu/gconv/gconv-modules.cache
7f1b90531000-7f1b90534000 ---p 00000000 00:00 0 
7f1b90534000-7f1b90632000 rw-p 00000000 00:00 0 
7f1b90632000-7f1b90637000 r--s 0009d000 08:05 409542                     /usr/lib/jvm/java-8-oracle/jre/lib/jsse.jar
7f1b90637000-7f1b90837000 rw-p 00000000 00:00 0 
7f1b90837000-7f1b9083a000 ---p 00000000 00:00 0 
7f1b9083a000-7f1b90938000 rw-p 00000000 00:00 0 
7f1b90938000-7f1b90941000 r-xp 00000000 08:05 409715                     /usr/lib/jvm/java-8-oracle/jre/lib/amd64/libmanagement.so
7f1b90941000-7f1b90b40000 ---p 00009000 08:05 409715                     /usr/lib/jvm/java-8-oracle/jre/lib/amd64/libmanagement.so
7f1b90b40000-7f1b90b41000 rw-p 00008000 08:05 409715                     /usr/lib/jvm/java-8-oracle/jre/lib/amd64/libmanagement.so
7f1b90b41000-7f1b90b43000 r--s 00007000 08:05 804929                     /home/dato/.sdkman/candidates/gradle/4.6/lib/plugins/gradle-tooling-api-builders-4.6.jar
7f1b90b43000-7f1b90b48000 r--s 00017000 08:05 804914                     /home/dato/.sdkman/candidates/gradle/4.6/lib/plugins/gradle-testing-native-4.6.jar
7f1b90b48000-7f1b90b4a000 r--s 0000d000 08:05 805022                     /home/dato/.sdkman/candidates/gradle/4.6/lib/plugins/jcommander-1.47.jar
7f1b90b4a000-7f1b90b53000 r--s 00089000 08:05 804985                     /home/dato/.sdkman/candidates/gradle/4.6/lib/plugins/testng-6.3.1.jar
7f1b90b53000-7f1b90b58000 r--s 0005a000 08:05 804989                     /home/dato/.sdkman/candidates/gradle/4.6/lib/plugins/bsh-2.0b6.jar
7f1b90b58000-7f1b90b5c000 r--s 0001b000 08:05 804936                     /home/dato/.sdkman/candidates/gradle/4.6/lib/plugins/gradle-testing-jvm-4.6.jar
7f1b90b5c000-7f1b90b5e000 r--s 0000e000 08:05 805019                     /home/dato/.sdkman/candidates/gradle/4.6/lib/plugins/junit-platform-commons-1.0.3.jar
7f1b90b5e000-7f1b90b5f000 r--s 00001000 08:05 805025                     /home/dato/.sdkman/candidates/gradle/4.6/lib/plugins/opentest4j-1.0.0.jar
7f1b90b5f000-7f1b90b62000 r--s 00013000 08:05 805018                     /home/dato/.sdkman/candidates/gradle/4.6/lib/plugins/junit-platform-engine-1.0.3.jar
7f1b90b62000-7f1b90b63000 r--s 00000000 08:05 805020                     /home/dato/.sdkman/candidates/gradle/4.6/lib/plugins/apiguardian-api-1.0.0.jar
7f1b90b63000-7f1b90b65000 r--s 0000c000 08:05 804990                     /home/dato/.sdkman/candidates/gradle/4.6/lib/plugins/junit-platform-launcher-1.0.3.jar
7f1b90b65000-7f1b90b66000 r--s 00003000 08:05 804935                     /home/dato/.sdkman/candidates/gradle/4.6/lib/plugins/gradle-testing-junit-platform-4.6.jar
7f1b90b66000-7f1b90b6e000 r--s 00031000 08:05 804942                     /home/dato/.sdkman/candidates/gradle/4.6/lib/plugins/gradle-testing-base-4.6.jar
7f1b90b6e000-7f1b90b75000 r--s 00043000 08:05 804980                     /home/dato/.sdkman/candidates/gradle/4.6/lib/plugins/bcpg-jdk15on-1.58.jar
7f1b90b75000-7f1b90b77000 r--s 0000e000 08:05 804912                     /home/dato/.sdkman/candidates/gradle/4.6/lib/plugins/gradle-signing-4.6.jar
7f1b90b77000-7f1b90b79000 r--s 00007000 08:05 804920                     /home/dato/.sdkman/candidates/gradle/4.6/lib/plugins/gradle-scala-4.6.jar
7f1b90b79000-7f1b90b7a000 r--s 00004000 08:05 804952                     /home/dato/.sdkman/candidates/gradle/4.6/lib/plugins/gradle-resources-sftp-4.6.jar
7f1b90b7a000-7f1b90b83000 r--s 0005a000 08:05 804963                     /home/dato/.sdkman/candidates/gradle/4.6/lib/plugins/aws-java-sdk-kms-1.11.267.jar
7f1b90b83000-7f1b90b85000 r--s 00005000 08:05 804996                     /home/dato/.sdkman/candidates/gradle/4.6/lib/plugins/jmespath-java-1.11.267.jar
7f1b90b85000-7f1b90b97000 r--s 000bb000 08:05 804962                     /home/dato/.sdkman/candidates/gradle/4.6/lib/plugins/aws-java-sdk-s3-1.11.267.jar
7f1b90b97000-7f1b90ba1000 r--s 00081000 08:05 805016                     /home/dato/.sdkman/candidates/gradle/4.6/lib/plugins/ion-java-1.0.2.jar
7f1b90ba1000-7f1b90bb6000 r--s 000bd000 08:05 804964                     /home/dato/.sdkman/candidates/gradle/4.6/lib/plugins/aws-java-sdk-core-1.11.267.jar
7f1b90bb6000-7f1b90bb8000 r--s 00004000 08:05 804947                     /home/dato/.sdkman/candidates/gradle/4.6/lib/plugins/gradle-resources-s3-4.6.jar
7f1b90bb8000-7f1b90bc8000 r--s 00088000 08:05 805000                     /home/dato/.sdkman/candidates/gradle/4.6/lib/plugins/joda-time-2.8.2.jar
7f1b90bc8000-7f1b90bda000 r--s 0011f000 08:05 804997                     /home/dato/.sdkman/candidates/gradle/4.6/lib/plugins/jackson-databind-2.8.11.jar
7f1b90bda000-7f1b90bdd000 r--s 0000b000 08:05 804999                     /home/dato/.sdkman/candidates/gradle/4.6/lib/plugins/jackson-annotations-2.8.11.jar
7f1b90bdd000-7f1b90be1000 r--s 00042000 08:05 804998                     /home/dato/.sdkman/candidates/gradle/4.6/lib/plugins/jackson-core-2.8.11.jar
7f1b90be1000-7f1b90be2000 r--s 00001000 08:05 804968                     /home/dato/.sdkman/candidates/gradle/4.6/lib/plugins/google-http-client-jackson2-1.23.0.jar
7f1b90be2000-7f1b90beb000 r--s 0004f000 08:05 804969                     /home/dato/.sdkman/candidates/gradle/4.6/lib/plugins/google-http-client-1.23.0.jar
7f1b90beb000-7f1b90bee000 r--s 0000d000 08:05 804967                     /home/dato/.sdkman/candidates/gradle/4.6/lib/plugins/google-oauth-client-1.23.0.jar
7f1b90bee000-7f1b90bf3000 r--s 0002c000 08:05 804966                     /home/dato/.sdkman/candidates/gradle/4.6/lib/plugins/google-api-client-1.23.0.jar
7f1b90bf3000-7f1b90bf7000 r--s 0001c000 08:05 804965                     /home/dato/.sdkman/candidates/gradle/4.6/lib/plugins/google-api-services-storage-v1-rev116-1.23.0.jar
7f1b90bf7000-7f1b90bf9000 r--s 00003000 08:05 804948                     /home/dato/.sdkman/candidates/gradle/4.6/lib/plugins/gradle-resources-gcs-4.6.jar
7f1b90bf9000-7f1b90bfb000 r--s 00010000 08:05 804943                     /home/dato/.sdkman/candidates/gradle/4.6/lib/plugins/gradle-reporting-4.6.jar
7f1b90bfb000-7f1b90bfd000 r--s 00005000 08:05 804944                     /home/dato/.sdkman/candidates/gradle/4.6/lib/plugins/gradle-publish-4.6.jar
7f1b90bfd000-7f1b90bff000 r--s 00009000 08:05 804971                     /home/dato/.sdkman/candidates/gradle/4.6/lib/plugins/commons-cli-1.2.jar
7f1b90bff000-7f1b90c06000 r--s 00038000 08:05 804928                     /home/dato/.sdkman/candidates/gradle/4.6/lib/plugins/gradle-plugins-4.6.jar
7f1b90c06000-7f1b90c08000 r--s 00009000 08:05 804916                     /home/dato/.sdkman/candidates/gradle/4.6/lib/plugins/gradle-plugin-development-4.6.jar
7f1b90c08000-7f1b90c0f000 r--s 0002f000 08:05 804923                     /home/dato/.sdkman/candidates/gradle/4.6/lib/plugins/gradle-platform-play-4.6.jar
7f1b90c0f000-7f1b90c15000 r--s 00033000 08:05 804986                     /home/dato/.sdkman/candidates/gradle/4.6/lib/plugins/snakeyaml-1.6.jar
7f1b90c15000-7f1b90c26000 r--s 00073000 08:05 804940                     /home/dato/.sdkman/candidates/gradle/4.6/lib/plugins/gradle-platform-native-4.6.jar
7f1b90c26000-7f1b90c2a000 r--s 0001b000 08:05 804939                     /home/dato/.sdkman/candidates/gradle/4.6/lib/plugins/gradle-platform-jvm-4.6.jar
7f1b90c2a000-7f1b90c31000 r--s 00028000 08:05 804945                     /home/dato/.sdkman/candidates/gradle/4.6/lib/plugins/gradle-platform-base-4.6.jar
7f1b90c31000-7f1b90c5c000 r--s 00247000 08:05 804972                     /home/dato/.sdkman/candidates/gradle/4.6/lib/plugins/biz.aQute.bndlib-3.4.0.jar
7f1b90c5c000-7f1b90c5d000 r--s 00004000 08:05 804911                     /home/dato/.sdkman/candidates/gradle/4.6/lib/plugins/gradle-osgi-4.6.jar
7f1b90c5d000-7f1b90c60000 r--s 0000c000 08:05 804976                     /home/dato/.sdkman/candidates/gradle/4.6/lib/plugins/pmaven-groovy-0.8-20100325.jar
7f1b90c60000-7f1b90c61000 r--s 00004000 08:05 804975                     /home/dato/.sdkman/candidates/gradle/4.6/lib/plugins/pmaven-common-0.8-20100325.jar
7f1b90c61000-7f1b90c62000 r--s 00007000 08:05 804957                     /home/dato/.sdkman/candidates/gradle/4.6/lib/plugins/wagon-http-shared4-2.4.jar
7f1b90c62000-7f1b90c63000 r--s 00002000 08:05 804956                     /home/dato/.sdkman/candidates/gradle/4.6/lib/plugins/wagon-http-2.4.jar
7f1b90c63000-7f1b90c64000 r--s 00002000 08:05 804977                     /home/dato/.sdkman/candidates/gradle/4.6/lib/plugins/wagon-file-2.4.jar
7f1b90c64000-7f1b90c66000 r--s 00006000 08:05 804978                     /home/dato/.sdkman/candidates/gradle/4.6/lib/plugins/aether-connector-wagon-1.13.1.jar
7f1b90c66000-7f1b90c6b000 r--s 00026000 08:05 804917                     /home/dato/.sdkman/candidates/gradle/4.6/lib/plugins/gradle-maven-4.6.jar
7f1b90c6b000-7f1b90c6e000 r--s 0000b000 08:05 804934                     /home/dato/.sdkman/candidates/gradle/4.6/lib/plugins/gradle-language-scala-4.6.jar
7f1b90c6e000-7f1b90c7a000 r--s 00055000 08:05 804915                     /home/dato/.sdkman/candidates/gradle/4.6/lib/plugins/gradle-language-native-4.6.jar
7f1b90c7a000-7f1b90c7c000 r--s 00005000 08:05 804938                     /home/dato/.sdkman/candidates/gradle/4.6/lib/plugins/gradle-language-jvm-4.6.jar
7f1b90c7c000-7f1b90c83000 r--s 00036000 08:05 804937                     /home/dato/.sdkman/candidates/gradle/4.6/lib/plugins/gradle-language-java-4.6.jar
7f1b90c83000-7f1b90c85000 r--s 0000b000 08:05 804933                     /home/dato/.sdkman/candidates/gradle/4.6/lib/plugins/gradle-language-groovy-4.6.jar
7f1b90c85000-7f1b90c8c000 r--s 00035000 08:05 804983                     /home/dato/.sdkman/candidates/gradle/4.6/lib/plugins/simple-4.1.21.jar
7f1b90c8c000-7f1b90c98000 r--s 00100000 08:05 804981                     /home/dato/.sdkman/candidates/gradle/4.6/lib/plugins/rhino-1.7R3.jar
7f1b90c98000-7f1b90c9c000 r--s 00012000 08:05 804924                     /home/dato/.sdkman/candidates/gradle/4.6/lib/plugins/gradle-javascript-4.6.jar
7f1b90c9c000-7f1b90c9f000 r--s 00010000 08:05 804926                     /home/dato/.sdkman/candidates/gradle/4.6/lib/plugins/gradle-jacoco-4.6.jar
7f1b90c9f000-7f1b90ca2000 r--s 0000f000 08:05 804925                     /home/dato/.sdkman/candidates/gradle/4.6/lib/plugins/gradle-ivy-4.6.jar
7f1b90ca2000-7f1b90ca3000 r--s 00002000 08:05 804918                     /home/dato/.sdkman/candidates/gradle/4.6/lib/plugins/gradle-ide-play-4.6.jar
7f1b90ca3000-7f1b90ca4000 r--s 00011000 08:05 804987                     /home/dato/.sdkman/candidates/gradle/4.6/lib/plugins/dd-plist-1.20.jar
7f1b90ca4000-7f1b90caa000 r--s 0002c000 08:05 804913                     /home/dato/.sdkman/candidates/gradle/4.6/lib/plugins/gradle-ide-native-4.6.jar
7f1b90caa000-7f1b90cb4000 r--s 00056000 08:05 804919                     /home/dato/.sdkman/candidates/gradle/4.6/lib/plugins/gradle-ide-4.6.jar
7f1b90cb4000-7f1b90cb6000 r--s 00007000 08:05 804922                     /home/dato/.sdkman/candidates/gradle/4.6/lib/plugins/gradle-ear-4.6.jar
7f1b90cb6000-7f1b90cb8000 r--s 00005000 08:05 804958                     /home/dato/.sdkman/candidates/gradle/4.6/lib/plugins/jatl-0.2.2.jar
7f1b90cb8000-7f1b90cbe000 r--s 0003a000 08:05 804941                     /home/dato/.sdkman/candidates/gradle/4.6/lib/plugins/gradle-diagnostics-4.6.jar
7f1b90cbe000-7f1b90cc0000 r--s 0000c000 08:05 804931                     /home/dato/.sdkman/candidates/gradle/4.6/lib/plugins/gradle-composite-builds-4.6.jar
7f1b90cc0000-7f1b90cc5000 r--s 00026000 08:05 804909                     /home/dato/.sdkman/candidates/gradle/4.6/lib/plugins/gradle-code-quality-4.6.jar
7f1b90cc5000-7f1b90cc7000 r--s 0000b000 08:05 804984                     /home/dato/.sdkman/candidates/gradle/4.6/lib/plugins/maven-plugin-api-3.0.4.jar
7f1b90cc7000-7f1b90cc9000 r--s 0000b000 08:05 805006                     /home/dato/.sdkman/candidates/gradle/4.6/lib/plugins/wagon-provider-api-2.4.jar
7f1b90cc9000-7f1b90ccf000 r--s 0003f000 08:05 804973                     /home/dato/.sdkman/candidates/gradle/4.6/lib/plugins/maven-compat-3.0.4.jar
7f1b90ccf000-7f1b90cd3000 r--s 0001d000 08:05 804961                     /home/dato/.sdkman/candidates/gradle/4.6/lib/plugins/xbean-reflect-3.4.jar
7f1b90cd3000-7f1b90cd5000 r--s 00009000 08:05 805017                     /home/dato/.sdkman/candidates/gradle/4.6/lib/plugins/hamcrest-core-1.3.jar
7f1b90cd5000-7f1b90cdd000 r--s 00045000 08:05 804988                     /home/dato/.sdkman/candidates/gradle/4.6/lib/plugins/junit-4.12.jar
7f1b90cdd000-7f1b90cdf000 r--s 0000a000 08:05 805007                     /home/dato/.sdkman/candidates/gradle/4.6/lib/plugins/plexus-classworlds-2.4.jar
7f1b90cdf000-7f1b90ce6000 r--s 0002e000 08:05 804960                     /home/dato/.sdkman/candidates/gradle/4.6/lib/plugins/plexus-container-default-1.5.5.jar
7f1b90ce6000-7f1b90ceb000 r--s 00027000 08:05 804927                     /home/dato/.sdkman/candidates/gradle/4.6/lib/plugins/gradle-build-init-4.6.jar
7f1b90ceb000-7f1b90cf2000 r--s 0002c000 08:05 804921                     /home/dato/.sdkman/candidates/gradle/4.6/lib/plugins/gradle-build-comparison-4.6.jar
7f1b90cf2000-7f1b90cf3000 r--s 00002000 08:05 804949                     /home/dato/.sdkman/candidates/gradle/4.6/lib/plugins/gradle-build-cache-http-4.6.jar
7f1b90cf3000-7f1b90cf5000 r--s 00008000 08:05 804910                     /home/dato/.sdkman/candidates/gradle/4.6/lib/plugins/gradle-antlr-4.6.jar
7f1b90cf5000-7f1b90cf7000 r--s 00004000 08:05 804932                     /home/dato/.sdkman/candidates/gradle/4.6/lib/plugins/gradle-announce-4.6.jar
7f1b90cf7000-7f1b90cf9000 r--s 0000a000 08:05 804837                     /home/dato/.sdkman/candidates/gradle/4.6/lib/gradle-kotlin-dsl-tooling-builders-0.15.6.jar
7f1b90cf9000-7f1b90cfb000 r--s 0000c000 08:05 804946                     /home/dato/.sdkman/candidates/gradle/4.6/lib/plugins/gradle-plugin-use-4.6.jar
7f1b90cfb000-7f1b90cfc000 r--s 00000000 08:05 804846                     /home/dato/.sdkman/candidates/gradle/4.6/lib/gradle-runtime-api-info-4.6.jar
7f1b90cfc000-7f1b90d15000 r--s 00135000 08:05 804993                     /home/dato/.sdkman/candidates/gradle/4.6/lib/plugins/xercesImpl-2.11.0.jar
7f1b90d15000-7f1b90d18000 r--s 0001c000 08:05 804992                     /home/dato/.sdkman/candidates/gradle/4.6/lib/plugins/nekohtml-1.9.20.jar
7f1b90d18000-7f1b90d1e000 r--s 0005b000 08:05 804991                     /home/dato/.sdkman/candidates/gradle/4.6/lib/plugins/jcifs-1.3.17.jar
7f1b90d1e000-7f1b90d21000 r--s 0000c000 08:05 804951                     /home/dato/.sdkman/candidates/gradle/4.6/lib/plugins/gradle-resources-http-4.6.jar
7f1b90d21000-7f1b90d26000 r--s 00040000 08:05 804995                     /home/dato/.sdkman/candidates/gradle/4.6/lib/plugins/jsch-0.1.54.jar
7f1b90d26000-7f1b90d49000 r--s 00223000 08:05 804959                     /home/dato/.sdkman/candidates/gradle/4.6/lib/plugins/org.eclipse.jgit-4.5.3.201708160445-r.jar
7f1b90d49000-7f1b90d50000 r--s 00049000 08:05 805021                     /home/dato/.sdkman/candidates/gradle/4.6/lib/plugins/httpcore-4.4.9.jar
7f1b90d50000-7f1b90d57000 r--s 0003f000 08:05 804979                     /home/dato/.sdkman/candidates/gradle/4.6/lib/plugins/commons-codec-1.10.jar
7f1b90d57000-7f1b90d65000 r--s 000ae000 08:05 804970                     /home/dato/.sdkman/candidates/gradle/4.6/lib/plugins/httpclient-4.5.5.jar
7f1b90d65000-7f1b90d67000 r--s 00007000 08:05 804954                     /home/dato/.sdkman/candidates/gradle/4.6/lib/plugins/gradle-version-control-4.6.jar
7f1b90d67000-7f1b90d68000 r--s 00000000 08:05 804849                     /home/dato/.sdkman/candidates/gradle/4.6/lib/gradle-installation-beacon-4.6.jar
7f1b90d68000-7f1b90d6a000 r--s 00006000 08:05 805014                     /home/dato/.sdkman/candidates/gradle/4.6/lib/plugins/maven-repository-metadata-3.0.4.jar
7f1b90d6a000-7f1b90d6c000 r--s 0000c000 08:05 804836                     /home/dato/.sdkman/candidates/gradle/4.6/lib/plugins/maven-aether-provider-3.0.4.jar
7f1b90d6c000-7f1b90d70000 r--s 00021000 08:05 805008                     /home/dato/.sdkman/candidates/gradle/4.6/lib/plugins/maven-model-builder-3.0.4.jar
7f1b90d70000-7f1b90d72000 r--s 00026000 08:05 805009                     /home/dato/.sdkman/candidates/gradle/4.6/lib/plugins/maven-model-3.0.4.jar
7f1b90d72000-7f1b90d74000 r--s 0000a000 08:05 805012                     /home/dato/.sdkman/candidates/gradle/4.6/lib/plugins/maven-settings-3.0.4.jar
7f1b90d74000-7f1b90d76000 r--s 00002000 08:05 805026                     /home/dato/.sdkman/candidates/gradle/4.6/lib/plugins/plexus-cipher-1.7.jar
7f1b90d76000-7f1b90d77000 r--s 00006000 08:05 805013                     /home/dato/.sdkman/candidates/gradle/4.6/lib/plugins/plexus-sec-dispatcher-1.3.jar
7f1b90d77000-7f1b90d79000 r--s 0000d000 08:05 805023                     /home/dato/.sdkman/candidates/gradle/4.6/lib/plugins/plexus-interpolation-1.14.jar
7f1b90d79000-7f1b90d7b000 r--s 00000000 08:05 805024                     /home/dato/.sdkman/candidates/gradle/4.6/lib/plugins/plexus-component-annotations-1.5.5.jar
7f1b90d7b000-7f1b90d7e000 r--s 00008000 08:05 805010                     /home/dato/.sdkman/candidates/gradle/4.6/lib/plugins/maven-settings-builder-3.0.4.jar
7f1b90d7e000-7f1b90d82000 r--s 00035000 08:05 805015                     /home/dato/.sdkman/candidates/gradle/4.6/lib/plugins/plexus-utils-3.0.8.jar
7f1b90d82000-7f1b90d84000 r--s 0000b000 08:05 805011                     /home/dato/.sdkman/candidates/gradle/4.6/lib/plugins/maven-artifact-3.0.4.jar
7f1b90d84000-7f1b90d85000 r--s 00003000 08:05 805003                     /home/dato/.sdkman/candidates/gradle/4.6/lib/plugins/aether-spi-1.13.1.jar
7f1b90d85000-7f1b90d88000 r--s 0001d000 08:05 805002                     /home/dato/.sdkman/candidates/gradle/4.6/lib/plugins/aether-impl-1.13.1.jar
7f1b90d88000-7f1b90d8c000 r--s 0001c000 08:05 805004                     /home/dato/.sdkman/candidates/gradle/4.6/lib/plugins/aether-util-1.13.1.jar
7f1b90d8c000-7f1b90d8f000 r--s 00013000 08:05 805005                     /home/dato/.sdkman/candidates/gradle/4.6/lib/plugins/aether-api-1.13.1.jar
7f1b90d8f000-7f1b90d9e000 r--s 000d9000 08:05 804994                     /home/dato/.sdkman/candidates/gradle/4.6/lib/plugins/ivy-2.2.0.jar
7f1b90d9e000-7f1b90df1000 r--s 00373000 08:05 805001                     /home/dato/.sdkman/candidates/gradle/4.6/lib/plugins/bcprov-jdk15on-1.58.jar
7f1b90df1000-7f1b90e19000 r--s 00146000 08:05 804950                     /home/dato/.sdkman/candidates/gradle/4.6/lib/plugins/gradle-dependency-management-4.6.jar
7f1b90e19000-7f1b90e2f000 r-xp 00000000 08:05 1835094                    /lib/x86_64-linux-gnu/libgcc_s.so.1
7f1b90e2f000-7f1b9102e000 ---p 00016000 08:05 1835094                    /lib/x86_64-linux-gnu/libgcc_s.so.1
7f1b9102e000-7f1b9102f000 r--p 00015000 08:05 1835094                    /lib/x86_64-linux-gnu/libgcc_s.so.1
7f1b9102f000-7f1b91030000 rw-p 00016000 08:05 1835094                    /lib/x86_64-linux-gnu/libgcc_s.so.1
7f1b91030000-7f1b911a8000 r-xp 00000000 08:05 262354                     /usr/lib/x86_64-linux-gnu/libstdc++.so.6.0.24
7f1b911a8000-7f1b913a7000 ---p 00178000 08:05 262354                     /usr/lib/x86_64-linux-gnu/libstdc++.so.6.0.24
7f1b913a7000-7f1b913b1000 r--p 00177000 08:05 262354                     /usr/lib/x86_64-linux-gnu/libstdc++.so.6.0.24
7f1b913b1000-7f1b913b3000 rw-p 00181000 08:05 262354                     /usr/lib/x86_64-linux-gnu/libstdc++.so.6.0.24
7f1b913b3000-7f1b913b6000 rw-p 00000000 00:00 0 
7f1b913b6000-7f1b913c2000 r--s 0007d000 08:05 804974                     /home/dato/.sdkman/candidates/gradle/4.6/lib/plugins/maven-core-3.0.4.jar
7f1b913c2000-7f1b913c7000 r--s 00034000 08:05 804982                     /home/dato/.sdkman/candidates/gradle/4.6/lib/plugins/gson-2.7.jar
7f1b913c7000-7f1b913c9000 r--s 00010000 08:05 804955                     /home/dato/.sdkman/candidates/gradle/4.6/lib/plugins/asm-util-6.0.jar
7f1b913c9000-7f1b913cc000 r--s 0000d000 08:05 804953                     /home/dato/.sdkman/candidates/gradle/4.6/lib/plugins/gradle-workers-4.6.jar
7f1b913cc000-7f1b913d1000 r-xp 00000000 08:05 931514                     /home/dato/.gradle/native/25/linux-amd64/libnative-platform.so
7f1b913d1000-7f1b915d0000 ---p 00005000 08:05 931514                     /home/dato/.gradle/native/25/linux-amd64/libnative-platform.so
7f1b915d0000-7f1b915d1000 rw-p 00004000 08:05 931514                     /home/dato/.gradle/native/25/linux-amd64/libnative-platform.so
7f1b915d1000-7f1b915e2000 r-xp 00000000 08:05 409710                     /usr/lib/jvm/java-8-oracle/jre/lib/amd64/libnio.so
7f1b915e2000-7f1b917e1000 ---p 00011000 08:05 409710                     /usr/lib/jvm/java-8-oracle/jre/lib/amd64/libnio.so
7f1b917e1000-7f1b917e2000 rw-p 00010000 08:05 409710                     /usr/lib/jvm/java-8-oracle/jre/lib/amd64/libnio.so
7f1b917e2000-7f1b917f8000 r-xp 00000000 08:05 409707                     /usr/lib/jvm/java-8-oracle/jre/lib/amd64/libnet.so
7f1b917f8000-7f1b919f8000 ---p 00016000 08:05 409707                     /usr/lib/jvm/java-8-oracle/jre/lib/amd64/libnet.so
7f1b919f8000-7f1b919f9000 rw-p 00016000 08:05 409707                     /usr/lib/jvm/java-8-oracle/jre/lib/amd64/libnet.so
7f1b919f9000-7f1b919fa000 r--s 00006000 08:05 804848                     /home/dato/.sdkman/candidates/gradle/4.6/lib/gradle-wrapper-4.6.jar
7f1b919fa000-7f1b91a08000 r--s 00046000 08:05 804847                     /home/dato/.sdkman/candidates/gradle/4.6/lib/gradle-tooling-api-4.6.jar
7f1b91a08000-7f1b91a0a000 r--s 00002000 08:05 804844                     /home/dato/.sdkman/candidates/gradle/4.6/lib/kotlin-stdlib-jdk8-1.2.21.jar
7f1b91a0a000-7f1b91a0b000 r--s 00000000 08:05 804843                     /home/dato/.sdkman/candidates/gradle/4.6/lib/kotlin-stdlib-jdk7-1.2.21.jar
7f1b91a0b000-7f1b91a1a000 r--s 000d5000 08:05 804842                     /home/dato/.sdkman/candidates/gradle/4.6/lib/kotlin-stdlib-1.2.21.jar
7f1b91a1a000-7f1b91a1c000 r--s 00008000 08:05 804841                     /home/dato/.sdkman/candidates/gradle/4.6/lib/kotlin-script-runtime-1.2.21.jar
7f1b91a1c000-7f1b91a1d000 r--s 00002000 08:05 804840                     /home/dato/.sdkman/candidates/gradle/4.6/lib/kotlin-sam-with-receiver-compiler-plugin-1.2.21.jar
7f1b91a1d000-7f1b91a51000 r--s 0023d000 08:05 804812                     /home/dato/.sdkman/candidates/gradle/4.6/lib/kotlin-reflect-1.2.21.jar
7f1b91a51000-7f1b91c00000 r--s 017aa000 08:05 804839                     /home/dato/.sdkman/candidates/gradle/4.6/lib/kotlin-compiler-embeddable-1.2.21.jar
7f1b91c00000-7f1b91c02000 r--s 00000000 08:05 804838                     /home/dato/.sdkman/candidates/gradle/4.6/lib/gradle-kotlin-dsl-tooling-models-0.15.6.jar
7f1b91c02000-7f1b91c04000 r--s 00003000 08:05 804834                     /home/dato/.sdkman/candidates/gradle/4.6/lib/annotations-13.0.jar
7f1b91c04000-7f1b91c10000 r--s 0009c000 08:05 804835                     /home/dato/.sdkman/candidates/gradle/4.6/lib/gradle-kotlin-dsl-0.15.6.jar
7f1b91c10000-7f1b91c14000 r--s 00013000 08:05 804853                     /home/dato/.sdkman/candidates/gradle/4.6/lib/gradle-build-cache-4.6.jar
7f1b91c14000-7f1b91c1a000 r--s 0002e000 08:05 804858                     /home/dato/.sdkman/candidates/gradle/4.6/lib/gradle-persistent-cache-4.6.jar
7f1b91c1a000-7f1b91c1e000 r--s 00014000 08:05 804857                     /home/dato/.sdkman/candidates/gradle/4.6/lib/gradle-resources-4.6.jar
7f1b91c1e000-7f1b91c1f000 r--s 00003000 08:05 804865                     /home/dato/.sdkman/candidates/gradle/4.6/lib/gradle-build-option-4.6.jar
7f1b91c1f000-7f1b91c21000 r--s 00005000 08:05 804866                     /home/dato/.sdkman/candidates/gradle/4.6/lib/gradle-cli-4.6.jar
7f1b91c21000-7f1b91c23000 r--s 00004000 08:05 804874                     /home/dato/.sdkman/candidates/gradle/4.6/lib/log4j-over-slf4j-1.7.16.jar
7f1b91c23000-7f1b91c25000 r--s 00000000 08:05 804873                     /home/dato/.sdkman/candidates/gradle/4.6/lib/jul-to-slf4j-1.7.16.jar
7f1b91c25000-7f1b91c27000 r--s 00003000 08:05 804876                     /home/dato/.sdkman/candidates/gradle/4.6/lib/jcl-over-slf4j-1.7.16.jar
7f1b91c27000-7f1b91c2e000 r--s 00030000 08:05 804854                     /home/dato/.sdkman/candidates/gradle/4.6/lib/gradle-logging-4.6.jar
7f1b91c2e000-7f1b91c3e000 r--s 00082000 08:05 804861                     /home/dato/.sdkman/candidates/gradle/4.6/lib/gradle-model-core-4.6.jar
7f1b91c3e000-7f1b91c40000 r--s 00006000 08:05 804862                     /home/dato/.sdkman/candidates/gradle/4.6/lib/gradle-base-services-groovy-4.6.jar
7f1b91c40000-7f1b91c42000 r--s 00007000 08:05 804860                     /home/dato/.sdkman/candidates/gradle/4.6/lib/gradle-model-groovy-4.6.jar
7f1b91c42000-7f1b91c43000 r--s 00002000 08:05 804889                     /home/dato/.sdkman/candidates/gradle/4.6/lib/gradle-docs-4.6.jar
7f1b91c43000-7f1b91c4c000 r--s 0002d000 08:05 804888                     /home/dato/.sdkman/candidates/gradle/4.6/lib/xml-apis-1.4.01.jar
7f1b91c4c000-7f1b91c4d000 r--s 00000000 08:05 804884                     /home/dato/.sdkman/candidates/gradle/4.6/lib/javax.inject-1.jar
7f1b91c4d000-7f1b91cbd000 r--s 00646000 08:05 804875                     /home/dato/.sdkman/candidates/gradle/4.6/lib/groovy-all-2.4.12.jar
7f1b91cbd000-7f1b91cc7000 r--s 00078000 08:05 804887                     /home/dato/.sdkman/candidates/gradle/4.6/lib/commons-compress-1.14.jar
7f1b91cc7000-7f1b91cd4000 r--s 00083000 08:05 804885                     /home/dato/.sdkman/candidates/gradle/4.6/lib/commons-collections-3.2.2.jar
7f1b91cd4000-7f1b91cd6000 r--s 0000a000 08:05 804868                     /home/dato/.sdkman/candidates/gradle/4.6/lib/asm-tree-6.0.jar
7f1b91cd6000-7f1b91cd7000 r--s 00012000 08:05 804867                     /home/dato/.sdkman/candidates/gradle/4.6/lib/asm-commons-6.0.jar
7f1b91cd7000-7f1b91cd8000 r--s 00004000 08:05 804892                     /home/dato/.sdkman/candidates/gradle/4.6/lib/native-platform-freebsd-amd64-libcpp-0.14.jar
7f1b91cd8000-7f1b91cd9000 r--s 00004000 08:05 804893                     /home/dato/.sdkman/candidates/gradle/4.6/lib/native-platform-freebsd-amd64-libstdcpp-0.14.jar
7f1b91cd9000-7f1b91cda000 r--s 00004000 08:05 804894                     /home/dato/.sdkman/candidates/gradle/4.6/lib/native-platform-freebsd-i386-libcpp-0.14.jar
7f1b91cda000-7f1b91cdb000 r--s 00003000 08:05 804895                     /home/dato/.sdkman/candidates/gradle/4.6/lib/native-platform-freebsd-i386-libstdcpp-0.14.jar
7f1b91cdb000-7f1b91cdc000 r--s 00002000 08:05 804896                     /home/dato/.sdkman/candidates/gradle/4.6/lib/native-platform-linux-amd64-0.14.jar
7f1b91cdc000-7f1b91cdd000 r--s 00002000 08:05 804897                     /home/dato/.sdkman/candidates/gradle/4.6/lib/native-platform-linux-i386-0.14.jar
7f1b91cdd000-7f1b91cdf000 r--s 00002000 08:05 804898                     /home/dato/.sdkman/candidates/gradle/4.6/lib/native-platform-osx-amd64-0.14.jar
7f1b91cdf000-7f1b91ce0000 r--s 00003000 08:05 804899                     /home/dato/.sdkman/candidates/gradle/4.6/lib/native-platform-osx-i386-0.14.jar
7f1b91ce0000-7f1b91ce2000 r--s 0000b000 08:05 804900                     /home/dato/.sdkman/candidates/gradle/4.6/lib/native-platform-windows-amd64-0.14.jar
7f1b91ce2000-7f1b91ce3000 r--s 0000b000 08:05 804901                     /home/dato/.sdkman/candidates/gradle/4.6/lib/native-platform-windows-i386-0.14.jar
7f1b91ce3000-7f1b91ce4000 r--s 00001000 08:05 804902                     /home/dato/.sdkman/candidates/gradle/4.6/lib/native-platform-linux-amd64-ncurses5-0.14.jar
7f1b91ce4000-7f1b91ce5000 r--s 00001000 08:05 804903                     /home/dato/.sdkman/candidates/gradle/4.6/lib/native-platform-linux-amd64-ncurses6-0.14.jar
7f1b91ce5000-7f1b91ce6000 r--s 00001000 08:05 804904                     /home/dato/.sdkman/candidates/gradle/4.6/lib/native-platform-linux-i386-ncurses5-0.14.jar
7f1b91ce6000-7f1b91cea000 r--s 00012000 08:05 804886                     /home/dato/.sdkman/candidates/gradle/4.6/lib/native-platform-0.14.jar
7f1b91cea000-7f1b91ced000 r--s 00023000 08:05 804890                     /home/dato/.sdkman/candidates/gradle/4.6/lib/jansi-1.14.jar
7f1b91ced000-7f1b91cf0000 r--s 0000c000 08:05 804859                     /home/dato/.sdkman/candidates/gradle/4.6/lib/gradle-native-4.6.jar
7f1b91cf0000-7f1b91cf2000 r--s 0000f000 08:05 804870                     /home/dato/.sdkman/candidates/gradle/4.6/lib/reflectasm-1.07-shaded.jar
7f1b91cf2000-7f1b91cf4000 r--s 00000000 08:05 804906                     /home/dato/.sdkman/candidates/gradle/4.6/lib/minlog-1.2.jar
7f1b91cf4000-7f1b91cf6000 r--s 00007000 08:05 804907                     /home/dato/.sdkman/candidates/gradle/4.6/lib/objenesis-1.2.jar
7f1b91cf6000-7f1b91cfd000 r--s 0002b000 08:05 804863                     /home/dato/.sdkman/candidates/gradle/4.6/lib/gradle-messaging-4.6.jar
7f1b91cfd000-7f1b91cfe000 ---p 00000000 00:00 0 
7f1b91cfe000-7f1b91dfe000 rw-p 00000000 00:00 0 
7f1b91dfe000-7f1b91e01000 ---p 00000000 00:00 0 
7f1b91e01000-7f1b91eff000 rw-p 00000000 00:00 0 
7f1b91eff000-7f1b91f02000 ---p 00000000 00:00 0 
7f1b91f02000-7f1b94000000 rw-p 00000000 00:00 0 
7f1b94000000-7f1b9404b000 rw-p 00000000 00:00 0 
7f1b9404b000-7f1b98000000 ---p 00000000 00:00 0 
7f1b98000000-7f1b98024000 rw-p 00000000 00:00 0 
7f1b98024000-7f1b9c000000 ---p 00000000 00:00 0 
7f1b9c000000-7f1b9c021000 rw-p 00000000 00:00 0 
7f1b9c021000-7f1ba0000000 ---p 00000000 00:00 0 
7f1ba0000000-7f1ba0004000 r--s 00026000 08:05 804869                     /home/dato/.sdkman/candidates/gradle/4.6/lib/kryo-2.20.jar
7f1ba0004000-7f1ba0006000 r--s 00006000 08:05 804856                     /home/dato/.sdkman/candidates/gradle/4.6/lib/gradle-process-services-4.6.jar
7f1ba0006000-7f1ba0008000 r--s 00000000 08:05 804851                     /home/dato/.sdkman/candidates/gradle/4.6/lib/gradle-jvm-services-4.6.jar
7f1ba0008000-7f1ba0030000 r--s 001cf000 08:05 804878                     /home/dato/.sdkman/candidates/gradle/4.6/lib/guava-jdk5-17.0.jar
7f1ba0030000-7f1ba00c6000 r--s 0110a000 08:05 409547                     /usr/lib/jvm/java-8-oracle/jre/lib/ext/jfxrt.jar
7f1ba00c6000-7f1ba00c9000 ---p 00000000 00:00 0 
7f1ba00c9000-7f1ba01c7000 rw-p 00000000 00:00 0 
7f1ba01c7000-7f1ba01ca000 ---p 00000000 00:00 0 
7f1ba01ca000-7f1ba02c8000 rw-p 00000000 00:00 0 
7f1ba02c8000-7f1ba02cb000 ---p 00000000 00:00 0 
7f1ba02cb000-7f1ba03c9000 rw-p 00000000 00:00 0 
7f1ba03c9000-7f1ba06f7000 r--p 00000000 08:05 266469                     /usr/lib/locale/locale-archive
7f1ba06f7000-7f1ba06fa000 ---p 00000000 00:00 0 
7f1ba06fa000-7f1ba07f8000 rw-p 00000000 00:00 0 
7f1ba07f8000-7f1ba07fb000 ---p 00000000 00:00 0 
7f1ba07fb000-7f1ba08f9000 rw-p 00000000 00:00 0 
7f1ba08f9000-7f1ba08fa000 ---p 00000000 00:00 0 
7f1ba08fa000-7f1ba1000000 rw-p 00000000 00:00 0 
7f1ba1000000-7f1ba3390000 rwxp 00000000 00:00 0 
7f1ba3390000-7f1bb0000000 ---p 00000000 00:00 0 
7f1bb0000000-7f1bb0f54000 rw-p 00000000 00:00 0 
7f1bb0f54000-7f1bb4000000 ---p 00000000 00:00 0 
7f1bb4000000-7f1bb4001000 r--s 00001000 08:05 804905                     /home/dato/.sdkman/candidates/gradle/4.6/lib/native-platform-linux-i386-ncurses6-0.14.jar
7f1bb4001000-7f1bb4003000 r--s 00006000 08:05 804879                     /home/dato/.sdkman/candidates/gradle/4.6/lib/jsr305-2.0.1.jar
7f1bb4003000-7f1bb4004000 r--s 00000000 08:05 804882                     /home/dato/.sdkman/candidates/gradle/4.6/lib/jcip-annotations-1.0.jar
7f1bb4004000-7f1bb4007000 r--s 0001a000 08:05 804880                     /home/dato/.sdkman/candidates/gradle/4.6/lib/fastutil-7.2.1-min.jar
7f1bb4007000-7f1bb400c000 r--s 00041000 08:05 804881                     /home/dato/.sdkman/candidates/gradle/4.6/lib/commons-lang-2.6.jar
7f1bb400c000-7f1bb4010000 r--s 0002a000 08:05 804872                     /home/dato/.sdkman/candidates/gradle/4.6/lib/commons-io-2.4.jar
7f1bb4010000-7f1bb4012000 r--s 00016000 08:05 804871                     /home/dato/.sdkman/candidates/gradle/4.6/lib/asm-6.0.jar
7f1bb4012000-7f1bb4013000 r--s 00009000 08:05 804877                     /home/dato/.sdkman/candidates/gradle/4.6/lib/slf4j-api-1.7.16.jar
7f1bb4013000-7f1bb4032000 r--s 001d5000 08:05 804883                     /home/dato/.sdkman/candidates/gradle/4.6/lib/ant-1.9.9.jar
7f1bb4032000-7f1bb4071000 r--s 00219000 08:05 804850                     /home/dato/.sdkman/candidates/gradle/4.6/lib/gradle-core-4.6.jar
7f1bb4071000-7f1bb407e000 r--s 00035000 08:05 804852                     /home/dato/.sdkman/candidates/gradle/4.6/lib/gradle-core-api-4.6.jar
7f1bb407e000-7f1bb4a39000 rw-p 00000000 00:00 0 
7f1bb4a39000-7f1bb4c12000 r--s 03d64000 08:05 409485                     /usr/lib/jvm/java-8-oracle/jre/lib/rt.jar
7f1bb4c12000-7f1bb5688000 rw-p 00000000 00:00 0 
7f1bb5688000-7f1bb5689000 ---p 00000000 00:00 0 
7f1bb5689000-7f1bb5789000 rw-p 00000000 00:00 0 
7f1bb5789000-7f1bb578a000 ---p 00000000 00:00 0 
7f1bb578a000-7f1bb588a000 rw-p 00000000 00:00 0 
7f1bb588a000-7f1bb588b000 ---p 00000000 00:00 0 
7f1bb588b000-7f1bb598b000 rw-p 00000000 00:00 0 
7f1bb598b000-7f1bb598c000 ---p 00000000 00:00 0 
7f1bb598c000-7f1bb5ab8000 rw-p 00000000 00:00 0 
7f1bb5ab8000-7f1bb5be2000 ---p 00000000 00:00 0 
7f1bb5be2000-7f1bb5c0e000 rw-p 00000000 00:00 0 
7f1bb5c0e000-7f1bb5d37000 ---p 00000000 00:00 0 
7f1bb5d37000-7f1bb5da3000 rw-p 00000000 00:00 0 
7f1bb5da3000-7f1bb5de2000 ---p 00000000 00:00 0 
7f1bb5de2000-7f1bb5e72000 rw-p 00000000 00:00 0 
7f1bb5e72000-7f1bb61a3000 ---p 00000000 00:00 0 
7f1bb61a3000-7f1bb61be000 r-xp 00000000 08:05 409703                     /usr/lib/jvm/java-8-oracle/jre/lib/amd64/libzip.so
7f1bb61be000-7f1bb63be000 ---p 0001b000 08:05 409703                     /usr/lib/jvm/java-8-oracle/jre/lib/amd64/libzip.so
7f1bb63be000-7f1bb63bf000 rw-p 0001b000 08:05 409703                     /usr/lib/jvm/java-8-oracle/jre/lib/amd64/libzip.so
7f1bb63bf000-7f1bb63ca000 r-xp 00000000 08:05 1840037                    /lib/x86_64-linux-gnu/libnss_files-2.26.so
7f1bb63ca000-7f1bb65c9000 ---p 0000b000 08:05 1840037                    /lib/x86_64-linux-gnu/libnss_files-2.26.so
7f1bb65c9000-7f1bb65ca000 r--p 0000a000 08:05 1840037                    /lib/x86_64-linux-gnu/libnss_files-2.26.so
7f1bb65ca000-7f1bb65cb000 rw-p 0000b000 08:05 1840037                    /lib/x86_64-linux-gnu/libnss_files-2.26.so
7f1bb65cb000-7f1bb65d1000 rw-p 00000000 00:00 0 
7f1bb65d1000-7f1bb65dc000 r-xp 00000000 08:05 1840039                    /lib/x86_64-linux-gnu/libnss_nis-2.26.so
7f1bb65dc000-7f1bb67db000 ---p 0000b000 08:05 1840039                    /lib/x86_64-linux-gnu/libnss_nis-2.26.so
7f1bb67db000-7f1bb67dc000 r--p 0000a000 08:05 1840039                    /lib/x86_64-linux-gnu/libnss_nis-2.26.so
7f1bb67dc000-7f1bb67dd000 rw-p 0000b000 08:05 1840039                    /lib/x86_64-linux-gnu/libnss_nis-2.26.so
7f1bb67dd000-7f1bb67f4000 r-xp 00000000 08:05 1839886                    /lib/x86_64-linux-gnu/libnsl-2.26.so
7f1bb67f4000-7f1bb69f3000 ---p 00017000 08:05 1839886                    /lib/x86_64-linux-gnu/libnsl-2.26.so
7f1bb69f3000-7f1bb69f4000 r--p 00016000 08:05 1839886                    /lib/x86_64-linux-gnu/libnsl-2.26.so
7f1bb69f4000-7f1bb69f5000 rw-p 00017000 08:05 1839886                    /lib/x86_64-linux-gnu/libnsl-2.26.so
7f1bb69f5000-7f1bb69f7000 rw-p 00000000 00:00 0 
7f1bb69f7000-7f1bb69ff000 r-xp 00000000 08:05 1839992                    /lib/x86_64-linux-gnu/libnss_compat-2.26.so
7f1bb69ff000-7f1bb6bfe000 ---p 00008000 08:05 1839992                    /lib/x86_64-linux-gnu/libnss_compat-2.26.so
7f1bb6bfe000-7f1bb6bff000 r--p 00007000 08:05 1839992                    /lib/x86_64-linux-gnu/libnss_compat-2.26.so
7f1bb6bff000-7f1bb6c00000 rw-p 00008000 08:05 1839992                    /lib/x86_64-linux-gnu/libnss_compat-2.26.so
7f1bb6c00000-7f1bb6c2b000 r-xp 00000000 08:05 409697                     /usr/lib/jvm/java-8-oracle/jre/lib/amd64/libjava.so
7f1bb6c2b000-7f1bb6e2a000 ---p 0002b000 08:05 409697                     /usr/lib/jvm/java-8-oracle/jre/lib/amd64/libjava.so
7f1bb6e2a000-7f1bb6e2c000 rw-p 0002a000 08:05 409697                     /usr/lib/jvm/java-8-oracle/jre/lib/amd64/libjava.so
7f1bb6e2c000-7f1bb6e39000 r-xp 00000000 08:05 409702                     /usr/lib/jvm/java-8-oracle/jre/lib/amd64/libverify.so
7f1bb6e39000-7f1bb7039000 ---p 0000d000 08:05 409702                     /usr/lib/jvm/java-8-oracle/jre/lib/amd64/libverify.so
7f1bb7039000-7f1bb703b000 rw-p 0000d000 08:05 409702                     /usr/lib/jvm/java-8-oracle/jre/lib/amd64/libverify.so
7f1bb703b000-7f1bb7042000 r-xp 00000000 08:05 1840216                    /lib/x86_64-linux-gnu/librt-2.26.so
7f1bb7042000-7f1bb7241000 ---p 00007000 08:05 1840216                    /lib/x86_64-linux-gnu/librt-2.26.so
7f1bb7241000-7f1bb7242000 r--p 00006000 08:05 1840216                    /lib/x86_64-linux-gnu/librt-2.26.so
7f1bb7242000-7f1bb7243000 rw-p 00007000 08:05 1840216                    /lib/x86_64-linux-gnu/librt-2.26.so
7f1bb7243000-7f1bb7398000 r-xp 00000000 08:05 1835103                    /lib/x86_64-linux-gnu/libm-2.26.so
7f1bb7398000-7f1bb7597000 ---p 00155000 08:05 1835103                    /lib/x86_64-linux-gnu/libm-2.26.so
7f1bb7597000-7f1bb7598000 r--p 00154000 08:05 1835103                    /lib/x86_64-linux-gnu/libm-2.26.so
7f1bb7598000-7f1bb7599000 rw-p 00155000 08:05 1835103                    /lib/x86_64-linux-gnu/libm-2.26.so
7f1bb7599000-7f1bb8272000 r-xp 00000000 08:05 409680                     /usr/lib/jvm/java-8-oracle/jre/lib/amd64/server/libjvm.so
7f1bb8272000-7f1bb8471000 ---p 00cd9000 08:05 409680                     /usr/lib/jvm/java-8-oracle/jre/lib/amd64/server/libjvm.so
7f1bb8471000-7f1bb854a000 rw-p 00cd8000 08:05 409680                     /usr/lib/jvm/java-8-oracle/jre/lib/amd64/server/libjvm.so
7f1bb854a000-7f1bb8596000 rw-p 00000000 00:00 0 
7f1bb8596000-7f1bb876c000 r-xp 00000000 08:05 1835099                    /lib/x86_64-linux-gnu/libc-2.26.so
7f1bb876c000-7f1bb896c000 ---p 001d6000 08:05 1835099                    /lib/x86_64-linux-gnu/libc-2.26.so
7f1bb896c000-7f1bb8970000 r--p 001d6000 08:05 1835099                    /lib/x86_64-linux-gnu/libc-2.26.so
7f1bb8970000-7f1bb8972000 rw-p 001da000 08:05 1835099                    /lib/x86_64-linux-gnu/libc-2.26.so
7f1bb8972000-7f1bb8976000 rw-p 00000000 00:00 0 
7f1bb8976000-7f1bb8979000 r-xp 00000000 08:05 1835102                    /lib/x86_64-linux-gnu/libdl-2.26.so
7f1bb8979000-7f1bb8b78000 ---p 00003000 08:05 1835102                    /lib/x86_64-linux-gnu/libdl-2.26.so
7f1bb8b78000-7f1bb8b79000 r--p 00002000 08:05 1835102                    /lib/x86_64-linux-gnu/libdl-2.26.so
7f1bb8b79000-7f1bb8b7a000 rw-p 00003000 08:05 1835102                    /lib/x86_64-linux-gnu/libdl-2.26.so
7f1bb8b7a000-7f1bb8b90000 r-xp 00000000 08:05 409310                     /usr/lib/jvm/java-8-oracle/lib/amd64/jli/libjli.so
7f1bb8b90000-7f1bb8d8f000 ---p 00016000 08:05 409310                     /usr/lib/jvm/java-8-oracle/lib/amd64/jli/libjli.so
7f1bb8d8f000-7f1bb8d90000 rw-p 00015000 08:05 409310                     /usr/lib/jvm/java-8-oracle/lib/amd64/jli/libjli.so
7f1bb8d90000-7f1bb8daa000 r-xp 00000000 08:05 1840042                    /lib/x86_64-linux-gnu/libpthread-2.26.so
7f1bb8daa000-7f1bb8fa9000 ---p 0001a000 08:05 1840042                    /lib/x86_64-linux-gnu/libpthread-2.26.so
7f1bb8fa9000-7f1bb8faa000 r--p 00019000 08:05 1840042                    /lib/x86_64-linux-gnu/libpthread-2.26.so
7f1bb8faa000-7f1bb8fab000 rw-p 0001a000 08:05 1840042                    /lib/x86_64-linux-gnu/libpthread-2.26.so
7f1bb8fab000-7f1bb8faf000 rw-p 00000000 00:00 0 
7f1bb8faf000-7f1bb8fd6000 r-xp 00000000 08:05 1835095                    /lib/x86_64-linux-gnu/ld-2.26.so
7f1bb8fd6000-7f1bb8fd7000 r--s 00004000 08:05 804891                     /home/dato/.sdkman/candidates/gradle/4.6/lib/ant-launcher-1.9.9.jar
7f1bb8fd7000-7f1bb8fe2000 r--s 0005a000 08:05 804864                     /home/dato/.sdkman/candidates/gradle/4.6/lib/gradle-base-services-4.6.jar
7f1bb8fe2000-7f1bb90bb000 rw-p 00000000 00:00 0 
7f1bb90bb000-7f1bb90be000 ---p 00000000 00:00 0 
7f1bb90be000-7f1bb91c0000 rw-p 00000000 00:00 0 
7f1bb91c0000-7f1bb91cc000 r--s 0005e000 08:05 804845                     /home/dato/.sdkman/candidates/gradle/4.6/lib/gradle-launcher-4.6.jar
7f1bb91cc000-7f1bb91d4000 rw-s 00000000 08:05 1715469                    /tmp/hsperfdata_dato/22961
7f1bb91d4000-7f1bb91d5000 rw-p 00000000 00:00 0 
7f1bb91d5000-7f1bb91d6000 ---p 00000000 00:00 0 
7f1bb91d6000-7f1bb91d7000 r--p 00027000 08:05 1835095                    /lib/x86_64-linux-gnu/ld-2.26.so
7f1bb91d7000-7f1bb91d8000 rw-p 00028000 08:05 1835095                    /lib/x86_64-linux-gnu/ld-2.26.so
7f1bb91d8000-7f1bb91d9000 rw-p 00000000 00:00 0 
7ffd72391000-7ffd723b3000 rw-p 00000000 00:00 0                          [stack]
7ffd723f9000-7ffd723fc000 r--p 00000000 00:00 0                          [vvar]
7ffd723fc000-7ffd723fe000 r-xp 00000000 00:00 0                          [vdso]
ffffffffff600000-ffffffffff601000 r-xp 00000000 00:00 0                  [vsyscall]

VM Arguments:
jvm_args: -XX:+HeapDumpOnOutOfMemoryError -Xmx1024m -Dfile.encoding=UTF-8 -Duser.country=US -Duser.language=en -Duser.variant 
java_command: org.gradle.launcher.daemon.bootstrap.GradleDaemon 4.6
java_class_path (initial): /home/dato/.sdkman/candidates/gradle/4.6/lib/gradle-launcher-4.6.jar
Launcher Type: SUN_STANDARD

Environment Variables:
JAVA_HOME=/usr/lib/jvm/java-8-oracle
PATH=/home/dato/.sdkman/candidates/gradle/current/bin:/usr/local/sbin:/usr/local/bin:/usr/sbin:/usr/bin:/sbin:/bin:/usr/games:/usr/local/games:/snap/bin:/usr/lib/jvm/java-8-oracle/bin:/usr/lib/jvm/java-8-oracle/db/bin:/usr/lib/jvm/java-8-oracle/jre/bin
SHELL=/bin/bash
DISPLAY=:0

Signal Handlers:
SIGSEGV: [libjvm.so+0xad01e0], sa_mask[0]=11111111011111111101111111111110, sa_flags=SA_RESTART|SA_SIGINFO
SIGBUS: [libjvm.so+0xad01e0], sa_mask[0]=11111111011111111101111111111110, sa_flags=SA_RESTART|SA_SIGINFO
SIGFPE: [libjvm.so+0x927fb0], sa_mask[0]=11111111011111111101111111111110, sa_flags=SA_RESTART|SA_SIGINFO
SIGPIPE: [libjvm.so+0x927fb0], sa_mask[0]=11111111011111111101111111111110, sa_flags=SA_RESTART|SA_SIGINFO
SIGXFSZ: [libjvm.so+0x927fb0], sa_mask[0]=11111111011111111101111111111110, sa_flags=SA_RESTART|SA_SIGINFO
SIGILL: [libjvm.so+0x927fb0], sa_mask[0]=11111111011111111101111111111110, sa_flags=SA_RESTART|SA_SIGINFO
SIGUSR1: SIG_DFL, sa_mask[0]=00000000000000000000000000000000, sa_flags=none
SIGUSR2: [libjvm.so+0x9297f0], sa_mask[0]=00100000000000000000000000000000, sa_flags=SA_RESTART|SA_SIGINFO
SIGHUP: [libjvm.so+0x92abf0], sa_mask[0]=11111111011111111101111111111110, sa_flags=SA_RESTART|SA_SIGINFO
SIGINT: [libjvm.so+0x92abf0], sa_mask[0]=11111111011111111101111111111110, sa_flags=SA_RESTART|SA_SIGINFO
SIGTERM: [libjvm.so+0x92abf0], sa_mask[0]=11111111011111111101111111111110, sa_flags=SA_RESTART|SA_SIGINFO
SIGQUIT: [libjvm.so+0x92abf0], sa_mask[0]=11111111011111111101111111111110, sa_flags=SA_RESTART|SA_SIGINFO


---------------  S Y S T E M  ---------------

OS:DISTRIB_ID=Ubuntu
DISTRIB_RELEASE=17.10
DISTRIB_CODENAME=artful
DISTRIB_DESCRIPTION="Ubuntu 17.10"

uname:Linux 4.13.0-37-generic #42-Ubuntu SMP Wed Mar 7 14:13:23 UTC 2018 x86_64
libc:glibc 2.26 NPTL 2.26 
rlimit: STACK 8192k, CORE 0k, NPROC 14294, NOFILE 4096, AS infinity
load average:1.50 0.85 0.75

/proc/meminfo:
MemTotal:        3713576 kB
MemFree:           98716 kB
MemAvailable:       9176 kB
Buffers:             360 kB
Cached:           179988 kB
SwapCached:         5196 kB
Active:          2812476 kB
Inactive:         572240 kB
Active(anon):    2805792 kB
Inactive(anon):   561248 kB
Active(file):       6684 kB
Inactive(file):    10992 kB
Unevictable:        1852 kB
Mlocked:            1852 kB
SwapTotal:       1976616 kB
SwapFree:              0 kB
Dirty:               156 kB
Writeback:            28 kB
AnonPages:       3202392 kB
Mapped:            91320 kB
Shmem:            162420 kB
Slab:              93236 kB
SReclaimable:      37816 kB
SUnreclaim:        55420 kB
KernelStack:       14720 kB
PageTables:        68544 kB
NFS_Unstable:          0 kB
Bounce:                0 kB
WritebackTmp:          0 kB
CommitLimit:     3833404 kB
Committed_AS:   10397256 kB
VmallocTotal:   34359738367 kB
VmallocUsed:           0 kB
VmallocChunk:          0 kB
HardwareCorrupted:     0 kB
AnonHugePages:         0 kB
ShmemHugePages:        0 kB
ShmemPmdMapped:        0 kB
CmaTotal:              0 kB
CmaFree:               0 kB
HugePages_Total:       0
HugePages_Free:        0
HugePages_Rsvd:        0
HugePages_Surp:        0
Hugepagesize:       2048 kB
DirectMap4k:      210840 kB
DirectMap2M:     3653632 kB


CPU:total 4 (initial active 4) (2 cores per cpu, 2 threads per core) family 6 model 58 stepping 9, cmov, cx8, fxsr, mmx, sse, sse2, sse3, ssse3, sse4.1, sse4.2, popcnt, avx, aes, clmul, erms, ht, tsc, tscinvbit, tscinv

/proc/cpuinfo:
processor	: 0
vendor_id	: GenuineIntel
cpu family	: 6
model		: 58
model name	: Intel(R) Core(TM) i5-3320M CPU @ 2.60GHz
stepping	: 9
microcode	: 0x1c
cpu MHz		: 2593.878
cache size	: 3072 KB
physical id	: 0
siblings	: 4
core id		: 0
cpu cores	: 2
apicid		: 0
initial apicid	: 0
fpu		: yes
fpu_exception	: yes
cpuid level	: 13
wp		: yes
flags		: fpu vme de pse tsc msr pae mce cx8 apic sep mtrr pge mca cmov pat pse36 clflush dts acpi mmx fxsr sse sse2 ss ht tm pbe syscall nx rdtscp lm constant_tsc arch_perfmon pebs bts rep_good nopl xtopology nonstop_tsc cpuid aperfmperf pni pclmulqdq dtes64 monitor ds_cpl vmx smx est tm2 ssse3 cx16 xtpr pdcm pcid sse4_1 sse4_2 x2apic popcnt tsc_deadline_timer aes xsave avx f16c rdrand lahf_lm cpuid_fault epb pti retpoline tpr_shadow vnmi flexpriority ept vpid fsgsbase smep erms xsaveopt dtherm ida arat pln pts
bugs		: cpu_meltdown spectre_v1 spectre_v2
bogomips	: 5187.75
clflush size	: 64
cache_alignment	: 64
address sizes	: 36 bits physical, 48 bits virtual
power management:

processor	: 1
vendor_id	: GenuineIntel
cpu family	: 6
model		: 58
model name	: Intel(R) Core(TM) i5-3320M CPU @ 2.60GHz
stepping	: 9
microcode	: 0x1c
cpu MHz		: 2593.878
cache size	: 3072 KB
physical id	: 0
siblings	: 4
core id		: 0
cpu cores	: 2
apicid		: 1
initial apicid	: 1
fpu		: yes
fpu_exception	: yes
cpuid level	: 13
wp		: yes
flags		: fpu vme de pse tsc msr pae mce cx8 apic sep mtrr pge mca cmov pat pse36 clflush dts acpi mmx fxsr sse sse2 ss ht tm pbe syscall nx rdtscp lm constant_tsc arch_perfmon pebs bts rep_good nopl xtopology nonstop_tsc cpuid aperfmperf pni pclmulqdq dtes64 monitor ds_cpl vmx smx est tm2 ssse3 cx16 xtpr pdcm pcid sse4_1 sse4_2 x2apic popcnt tsc_deadline_timer aes xsave avx f16c rdrand lahf_lm cpuid_fault epb pti retpoline tpr_shadow vnmi flexpriority ept vpid fsgsbase smep erms xsaveopt dtherm ida arat pln pts
bugs		: cpu_meltdown spectre_v1 spectre_v2
bogomips	: 5187.75
clflush size	: 64
cache_alignment	: 64
address sizes	: 36 bits physical, 48 bits virtual
power management:

processor	: 2
vendor_id	: GenuineIntel
cpu family	: 6
model		: 58
model name	: Intel(R) Core(TM) i5-3320M CPU @ 2.60GHz
stepping	: 9
microcode	: 0x1c
cpu MHz		: 2593.878
cache size	: 3072 KB
physical id	: 0
siblings	: 4
core id		: 1
cpu cores	: 2
apicid		: 2
initial apicid	: 2
fpu		: yes
fpu_exception	: yes
cpuid level	: 13
wp		: yes
flags		: fpu vme de pse tsc msr pae mce cx8 apic sep mtrr pge mca cmov pat pse36 clflush dts acpi mmx fxsr sse sse2 ss ht tm pbe syscall nx rdtscp lm constant_tsc arch_perfmon pebs bts rep_good nopl xtopology nonstop_tsc cpuid aperfmperf pni pclmulqdq dtes64 monitor ds_cpl vmx smx est tm2 ssse3 cx16 xtpr pdcm pcid sse4_1 sse4_2 x2apic popcnt tsc_deadline_timer aes xsave avx f16c rdrand lahf_lm cpuid_fault epb pti retpoline tpr_shadow vnmi flexpriority ept vpid fsgsbase smep erms xsaveopt dtherm ida arat pln pts
bugs		: cpu_meltdown spectre_v1 spectre_v2
bogomips	: 5187.75
clflush size	: 64
cache_alignment	: 64
address sizes	: 36 bits physical, 48 bits virtual
power management:

processor	: 3
vendor_id	: GenuineIntel
cpu family	: 6
model		: 58
model name	: Intel(R) Core(TM) i5-3320M CPU @ 2.60GHz
stepping	: 9
microcode	: 0x1c
cpu MHz		: 2593.878
cache size	: 3072 KB
physical id	: 0
siblings	: 4
core id		: 1
cpu cores	: 2
apicid		: 3
initial apicid	: 3
fpu		: yes
fpu_exception	: yes
cpuid level	: 13
wp		: yes
flags		: fpu vme de pse tsc msr pae mce cx8 apic sep mtrr pge mca cmov pat pse36 clflush dts acpi mmx fxsr sse sse2 ss ht tm pbe syscall nx rdtscp lm constant_tsc arch_perfmon pebs bts rep_good nopl xtopology nonstop_tsc cpuid aperfmperf pni pclmulqdq dtes64 monitor ds_cpl vmx smx est tm2 ssse3 cx16 xtpr pdcm pcid sse4_1 sse4_2 x2apic popcnt tsc_deadline_timer aes xsave avx f16c rdrand lahf_lm cpuid_fault epb pti retpoline tpr_shadow vnmi flexpriority ept vpid fsgsbase smep erms xsaveopt dtherm ida arat pln pts
bugs		: cpu_meltdown spectre_v1 spectre_v2
bogomips	: 5187.75
clflush size	: 64
cache_alignment	: 64
address sizes	: 36 bits physical, 48 bits virtual
power management:



Memory: 4k page, physical 3713576k(98980k free), swap 1976616k(0k free)

vm_info: Java HotSpot(TM) 64-Bit Server VM (25.161-b12) for linux-amd64 JRE (1.8.0_161-b12), built on Dec 19 2017 16:12:43 by "java_re" with gcc 4.3.0 20080428 (Red Hat 4.3.0-8)

time: Thu Mar 22 22:19:28 2018
elapsed time: 525 seconds (0d 0h 8m 45s)

